[1.123s] Invoking command in '/home/yantrigo/Dropbox/humanoid_site_1.0.0/software/firmware/rpi5/humanoid/src/brain': CONDA_PROMPT_MODIFIER=(humanoid) DEBUGINFOD_URLS=https://debuginfod.ubuntu.com PYTHONPATH=/home/yantrigo/Dropbox/humanoid_site_1.0.0/software/firmware/rpi5/humanoid/build/brain/prefix_override:/home/yantrigo/miniconda3/envs/humanoid/lib/python3.12/site-packages/colcon_core/task/python/colcon_distutils_commands:/home/yantrigo/Dropbox/humanoid_site_1.0.0/software/firmware/rpi5/humanoid/install/brain/lib/python3.12/site-packages:${PYTHONPATH} /home/yantrigo/miniconda3/envs/humanoid/bin/python3.12 -W ignore:setup.py install is deprecated -W ignore:easy_install command is deprecated setup.py egg_info --egg-base ../../build/brain build --build-base /home/yantrigo/Dropbox/humanoid_site_1.0.0/software/firmware/rpi5/humanoid/build/brain/build install --record /home/yantrigo/Dropbox/humanoid_site_1.0.0/software/firmware/rpi5/humanoid/build/brain/install.log --single-version-externally-managed install_data
[1.380s] /home/yantrigo/miniconda3/envs/humanoid/lib/python3.12/site-packages/setuptools/_distutils/dist.py:289: UserWarning: Unknown distribution option: 'tests_require'
[1.380s]   warnings.warn(msg)
[1.557s] running egg_info
[1.587s] writing ../../build/brain/brain.egg-info/PKG-INFO
[1.587s] writing dependency_links to ../../build/brain/brain.egg-info/dependency_links.txt
[1.588s] writing entry points to ../../build/brain/brain.egg-info/entry_points.txt
[1.588s] writing requirements to ../../build/brain/brain.egg-info/requires.txt
[1.589s] writing top-level names to ../../build/brain/brain.egg-info/top_level.txt
[1.662s] reading manifest file '../../build/brain/brain.egg-info/SOURCES.txt'
[1.666s] writing manifest file '../../build/brain/brain.egg-info/SOURCES.txt'
[1.666s] running build
[1.667s] running build_py
[1.667s] copying brain/brain.py -> /home/yantrigo/Dropbox/humanoid_site_1.0.0/software/firmware/rpi5/humanoid/build/brain/build/lib/brain
[1.668s] copying brain/__init__.py -> /home/yantrigo/Dropbox/humanoid_site_1.0.0/software/firmware/rpi5/humanoid/build/brain/build/lib/brain
[1.668s] running install
[1.678s] running install_lib
[1.718s] copying /home/yantrigo/Dropbox/humanoid_site_1.0.0/software/firmware/rpi5/humanoid/build/brain/build/lib/brain/brain.py -> /home/yantrigo/Dropbox/humanoid_site_1.0.0/software/firmware/rpi5/humanoid/install/brain/lib/python3.12/site-packages/brain
[1.720s] byte-compiling /home/yantrigo/Dropbox/humanoid_site_1.0.0/software/firmware/rpi5/humanoid/install/brain/lib/python3.12/site-packages/brain/brain.py to brain.cpython-312.pyc
[1.724s] running install_data
[1.725s] copying resource/brain -> /home/yantrigo/Dropbox/humanoid_site_1.0.0/software/firmware/rpi5/humanoid/install/brain/share/ament_index/resource_index/packages
[1.726s] copying package.xml -> /home/yantrigo/Dropbox/humanoid_site_1.0.0/software/firmware/rpi5/humanoid/install/brain/share/brain
[1.726s] running install_egg_info
[1.765s] removing '/home/yantrigo/Dropbox/humanoid_site_1.0.0/software/firmware/rpi5/humanoid/install/brain/lib/python3.12/site-packages/brain-0.0.0-py3.12.egg-info' (and everything under it)
[1.766s] Copying ../../build/brain/brain.egg-info to /home/yantrigo/Dropbox/humanoid_site_1.0.0/software/firmware/rpi5/humanoid/install/brain/lib/python3.12/site-packages/brain-0.0.0-py3.12.egg-info
[1.769s] running install_scripts
[1.946s] Installing brain script to /home/yantrigo/Dropbox/humanoid_site_1.0.0/software/firmware/rpi5/humanoid/install/brain/lib/brain
[1.946s] writing list of installed files to '/home/yantrigo/Dropbox/humanoid_site_1.0.0/software/firmware/rpi5/humanoid/build/brain/install.log'
[2.008s] Invoked command in '/home/yantrigo/Dropbox/humanoid_site_1.0.0/software/firmware/rpi5/humanoid/src/brain' returned '0': CONDA_PROMPT_MODIFIER=(humanoid) DEBUGINFOD_URLS=https://debuginfod.ubuntu.com PYTHONPATH=/home/yantrigo/Dropbox/humanoid_site_1.0.0/software/firmware/rpi5/humanoid/build/brain/prefix_override:/home/yantrigo/miniconda3/envs/humanoid/lib/python3.12/site-packages/colcon_core/task/python/colcon_distutils_commands:/home/yantrigo/Dropbox/humanoid_site_1.0.0/software/firmware/rpi5/humanoid/install/brain/lib/python3.12/site-packages:${PYTHONPATH} /home/yantrigo/miniconda3/envs/humanoid/bin/python3.12 -W ignore:setup.py install is deprecated -W ignore:easy_install command is deprecated setup.py egg_info --egg-base ../../build/brain build --build-base /home/yantrigo/Dropbox/humanoid_site_1.0.0/software/firmware/rpi5/humanoid/build/brain/build install --record /home/yantrigo/Dropbox/humanoid_site_1.0.0/software/firmware/rpi5/humanoid/build/brain/install.log --single-version-externally-managed install_data
