/home/yantrigo/miniconda3/envs/humanoid/lib/python3.12/site-packages/setuptools/_distutils/dist.py:289: UserWarning: Unknown distribution option: 'tests_require'
  warnings.warn(msg)
running egg_info
writing ../../build/utils/utils.egg-info/PKG-INFO
writing dependency_links to ../../build/utils/utils.egg-info/dependency_links.txt
writing requirements to ../../build/utils/utils.egg-info/requires.txt
writing top-level names to ../../build/utils/utils.egg-info/top_level.txt
reading manifest file '../../build/utils/utils.egg-info/SOURCES.txt'
writing manifest file '../../build/utils/utils.egg-info/SOURCES.txt'
running build
running build_py
copying utils/local_conversation_data_loader.py -> /home/yantrigo/Dropbox/humanoid_site_1.0.0/software/firmware/rpi5/humanoid/build/utils/build/lib/utils
copying utils/config_loader.py -> /home/yantrigo/Dropbox/humanoid_site_1.0.0/software/firmware/rpi5/humanoid/build/utils/build/lib/utils
copying utils/__init__.py -> /home/yantrigo/Dropbox/humanoid_site_1.0.0/software/firmware/rpi5/humanoid/build/utils/build/lib/utils
running install
running install_lib
running install_data
copying resource/utils -> /home/yantrigo/Dropbox/humanoid_site_1.0.0/software/firmware/rpi5/humanoid/install/utils/share/ament_index/resource_index/packages
copying package.xml -> /home/yantrigo/Dropbox/humanoid_site_1.0.0/software/firmware/rpi5/humanoid/install/utils/share/utils
running install_egg_info
removing '/home/yantrigo/Dropbox/humanoid_site_1.0.0/software/firmware/rpi5/humanoid/install/utils/lib/python3.12/site-packages/utils-0.0.0-py3.12.egg-info' (and everything under it)
Copying ../../build/utils/utils.egg-info to /home/yantrigo/Dropbox/humanoid_site_1.0.0/software/firmware/rpi5/humanoid/install/utils/lib/python3.12/site-packages/utils-0.0.0-py3.12.egg-info
running install_scripts
writing list of installed files to '/home/yantrigo/Dropbox/humanoid_site_1.0.0/software/firmware/rpi5/humanoid/build/utils/install.log'
