[3.387s] Invoking command in '/home/yantrigo/Dropbox/humanoid_site_1.0.0/software/firmware/rpi5/humanoid/src/ears': CONDA_PROMPT_MODIFIER=(humanoid) DEBUGINFOD_URLS=https://debuginfod.ubuntu.com PYTHONPATH=/home/yantrigo/Dropbox/humanoid_site_1.0.0/software/firmware/rpi5/humanoid/build/ears/prefix_override:/home/yantrigo/miniconda3/envs/humanoid/lib/python3.12/site-packages/colcon_core/task/python/colcon_distutils_commands:/home/yantrigo/Dropbox/humanoid_site_1.0.0/software/firmware/rpi5/humanoid/install/ears/lib/python3.12/site-packages:${PYTHONPATH} /home/yantrigo/miniconda3/envs/humanoid/bin/python3.12 -W ignore:setup.py install is deprecated -W ignore:easy_install command is deprecated setup.py egg_info --egg-base ../../build/ears build --build-base /home/yantrigo/Dropbox/humanoid_site_1.0.0/software/firmware/rpi5/humanoid/build/ears/build install --record /home/yantrigo/Dropbox/humanoid_site_1.0.0/software/firmware/rpi5/humanoid/build/ears/install.log --single-version-externally-managed install_data
[3.736s] /home/yantrigo/miniconda3/envs/humanoid/lib/python3.12/site-packages/setuptools/_distutils/dist.py:289: UserWarning: Unknown distribution option: 'tests_require'
[3.736s]   warnings.warn(msg)
[3.994s] running egg_info
[4.033s] writing ../../build/ears/ears.egg-info/PKG-INFO
[4.035s] writing dependency_links to ../../build/ears/ears.egg-info/dependency_links.txt
[4.035s] writing entry points to ../../build/ears/ears.egg-info/entry_points.txt
[4.037s] writing requirements to ../../build/ears/ears.egg-info/requires.txt
[4.037s] writing top-level names to ../../build/ears/ears.egg-info/top_level.txt
[4.149s] reading manifest file '../../build/ears/ears.egg-info/SOURCES.txt'
[4.151s] writing manifest file '../../build/ears/ears.egg-info/SOURCES.txt'
[4.152s] running build
[4.152s] running build_py
[4.152s] copying ears/listen_with_vosk.py -> /home/yantrigo/Dropbox/humanoid_site_1.0.0/software/firmware/rpi5/humanoid/build/ears/build/lib/ears
[4.152s] copying ears/__init__.py -> /home/yantrigo/Dropbox/humanoid_site_1.0.0/software/firmware/rpi5/humanoid/build/ears/build/lib/ears
[4.158s] running install
[4.177s] running install_lib
[4.240s] running install_data
[4.240s] copying resource/ears -> /home/yantrigo/Dropbox/humanoid_site_1.0.0/software/firmware/rpi5/humanoid/install/ears/share/ament_index/resource_index/packages
[4.241s] copying package.xml -> /home/yantrigo/Dropbox/humanoid_site_1.0.0/software/firmware/rpi5/humanoid/install/ears/share/ears
[4.241s] running install_egg_info
[4.283s] removing '/home/yantrigo/Dropbox/humanoid_site_1.0.0/software/firmware/rpi5/humanoid/install/ears/lib/python3.12/site-packages/ears-0.0.0-py3.12.egg-info' (and everything under it)
[4.284s] Copying ../../build/ears/ears.egg-info to /home/yantrigo/Dropbox/humanoid_site_1.0.0/software/firmware/rpi5/humanoid/install/ears/lib/python3.12/site-packages/ears-0.0.0-py3.12.egg-info
[4.291s] running install_scripts
[4.508s] Installing listen script to /home/yantrigo/Dropbox/humanoid_site_1.0.0/software/firmware/rpi5/humanoid/install/ears/lib/ears
[4.509s] writing list of installed files to '/home/yantrigo/Dropbox/humanoid_site_1.0.0/software/firmware/rpi5/humanoid/build/ears/install.log'
[4.638s] Invoked command in '/home/yantrigo/Dropbox/humanoid_site_1.0.0/software/firmware/rpi5/humanoid/src/ears' returned '0': CONDA_PROMPT_MODIFIER=(humanoid) DEBUGINFOD_URLS=https://debuginfod.ubuntu.com PYTHONPATH=/home/yantrigo/Dropbox/humanoid_site_1.0.0/software/firmware/rpi5/humanoid/build/ears/prefix_override:/home/yantrigo/miniconda3/envs/humanoid/lib/python3.12/site-packages/colcon_core/task/python/colcon_distutils_commands:/home/yantrigo/Dropbox/humanoid_site_1.0.0/software/firmware/rpi5/humanoid/install/ears/lib/python3.12/site-packages:${PYTHONPATH} /home/yantrigo/miniconda3/envs/humanoid/bin/python3.12 -W ignore:setup.py install is deprecated -W ignore:easy_install command is deprecated setup.py egg_info --egg-base ../../build/ears build --build-base /home/yantrigo/Dropbox/humanoid_site_1.0.0/software/firmware/rpi5/humanoid/build/ears/build install --record /home/yantrigo/Dropbox/humanoid_site_1.0.0/software/firmware/rpi5/humanoid/build/ears/install.log --single-version-externally-managed install_data
