[2.374s] Invoking command in '/home/yantrigo/Dropbox/humanoid_site_1.0.0/software/firmware/rpi5/humanoid/src/nano_manager_node': CONDA_PROMPT_MODIFIER=(humanoid) DEBUGINFOD_URLS=https://debuginfod.ubuntu.com PYTHONPATH=/home/yantrigo/Dropbox/humanoid_site_1.0.0/software/firmware/rpi5/humanoid/build/nano_manager_node/prefix_override:/home/yantrigo/miniconda3/envs/humanoid/lib/python3.12/site-packages/colcon_core/task/python/colcon_distutils_commands:/home/yantrigo/Dropbox/humanoid_site_1.0.0/software/firmware/rpi5/humanoid/install/nano_manager_node/lib/python3.12/site-packages:${PYTHONPATH} /home/yantrigo/miniconda3/envs/humanoid/bin/python3.12 -W ignore:setup.py install is deprecated -W ignore:easy_install command is deprecated setup.py egg_info --egg-base ../../build/nano_manager_node build --build-base /home/yantrigo/Dropbox/humanoid_site_1.0.0/software/firmware/rpi5/humanoid/build/nano_manager_node/build install --record /home/yantrigo/Dropbox/humanoid_site_1.0.0/software/firmware/rpi5/humanoid/build/nano_manager_node/install.log --single-version-externally-managed install_data
[2.628s] /home/yantrigo/miniconda3/envs/humanoid/lib/python3.12/site-packages/setuptools/_distutils/dist.py:289: UserWarning: Unknown distribution option: 'tests_require'
[2.629s]   warnings.warn(msg)
[2.822s] running egg_info
[2.862s] creating ../../build/nano_manager_node/nano_manager_node.egg-info
[2.862s] writing ../../build/nano_manager_node/nano_manager_node.egg-info/PKG-INFO
[2.862s] writing dependency_links to ../../build/nano_manager_node/nano_manager_node.egg-info/dependency_links.txt
[2.863s] writing requirements to ../../build/nano_manager_node/nano_manager_node.egg-info/requires.txt
[2.863s] writing top-level names to ../../build/nano_manager_node/nano_manager_node.egg-info/top_level.txt
[2.864s] writing manifest file '../../build/nano_manager_node/nano_manager_node.egg-info/SOURCES.txt'
[2.953s] reading manifest file '../../build/nano_manager_node/nano_manager_node.egg-info/SOURCES.txt'
[2.955s] writing manifest file '../../build/nano_manager_node/nano_manager_node.egg-info/SOURCES.txt'
[2.956s] running build
[2.956s] running build_py
[2.956s] creating /home/yantrigo/Dropbox/humanoid_site_1.0.0/software/firmware/rpi5/humanoid/build/nano_manager_node/build/lib/nano_manager_node
[2.957s] copying nano_manager_node/__init__.py -> /home/yantrigo/Dropbox/humanoid_site_1.0.0/software/firmware/rpi5/humanoid/build/nano_manager_node/build/lib/nano_manager_node
[2.957s] running install
[2.968s] running install_lib
[3.010s] creating /home/yantrigo/Dropbox/humanoid_site_1.0.0/software/firmware/rpi5/humanoid/install/nano_manager_node/lib/python3.12/site-packages/nano_manager_node
[3.011s] copying /home/yantrigo/Dropbox/humanoid_site_1.0.0/software/firmware/rpi5/humanoid/build/nano_manager_node/build/lib/nano_manager_node/__init__.py -> /home/yantrigo/Dropbox/humanoid_site_1.0.0/software/firmware/rpi5/humanoid/install/nano_manager_node/lib/python3.12/site-packages/nano_manager_node
[3.012s] byte-compiling /home/yantrigo/Dropbox/humanoid_site_1.0.0/software/firmware/rpi5/humanoid/install/nano_manager_node/lib/python3.12/site-packages/nano_manager_node/__init__.py to __init__.cpython-312.pyc
[3.012s] running install_data
[3.012s] creating /home/yantrigo/Dropbox/humanoid_site_1.0.0/software/firmware/rpi5/humanoid/install/nano_manager_node/share/ament_index/resource_index/packages
[3.013s] copying resource/nano_manager_node -> /home/yantrigo/Dropbox/humanoid_site_1.0.0/software/firmware/rpi5/humanoid/install/nano_manager_node/share/ament_index/resource_index/packages
[3.013s] copying package.xml -> /home/yantrigo/Dropbox/humanoid_site_1.0.0/software/firmware/rpi5/humanoid/install/nano_manager_node/share/nano_manager_node
[3.013s] running install_egg_info
[3.055s] Copying ../../build/nano_manager_node/nano_manager_node.egg-info to /home/yantrigo/Dropbox/humanoid_site_1.0.0/software/firmware/rpi5/humanoid/install/nano_manager_node/lib/python3.12/site-packages/nano_manager_node-0.0.0-py3.12.egg-info
[3.057s] running install_scripts
[3.242s] writing list of installed files to '/home/yantrigo/Dropbox/humanoid_site_1.0.0/software/firmware/rpi5/humanoid/build/nano_manager_node/install.log'
[3.292s] Invoked command in '/home/yantrigo/Dropbox/humanoid_site_1.0.0/software/firmware/rpi5/humanoid/src/nano_manager_node' returned '0': CONDA_PROMPT_MODIFIER=(humanoid) DEBUGINFOD_URLS=https://debuginfod.ubuntu.com PYTHONPATH=/home/yantrigo/Dropbox/humanoid_site_1.0.0/software/firmware/rpi5/humanoid/build/nano_manager_node/prefix_override:/home/yantrigo/miniconda3/envs/humanoid/lib/python3.12/site-packages/colcon_core/task/python/colcon_distutils_commands:/home/yantrigo/Dropbox/humanoid_site_1.0.0/software/firmware/rpi5/humanoid/install/nano_manager_node/lib/python3.12/site-packages:${PYTHONPATH} /home/yantrigo/miniconda3/envs/humanoid/bin/python3.12 -W ignore:setup.py install is deprecated -W ignore:easy_install command is deprecated setup.py egg_info --egg-base ../../build/nano_manager_node build --build-base /home/yantrigo/Dropbox/humanoid_site_1.0.0/software/firmware/rpi5/humanoid/build/nano_manager_node/build install --record /home/yantrigo/Dropbox/humanoid_site_1.0.0/software/firmware/rpi5/humanoid/build/nano_manager_node/install.log --single-version-externally-managed install_data
