running egg_info
writing ../../build/namste/namste.egg-info/PKG-INFO
writing dependency_links to ../../build/namste/namste.egg-info/dependency_links.txt
writing requirements to ../../build/namste/namste.egg-info/requires.txt
writing top-level names to ../../build/namste/namste.egg-info/top_level.txt
reading manifest file '../../build/namste/namste.egg-info/SOURCES.txt'
writing manifest file '../../build/namste/namste.egg-info/SOURCES.txt'
running build
running build_py
copying namste/namaste.py -> /home/yantrigo/Dropbox/humanoid_site_1.0.0/software/firmware/rpi5/humanoid/build/namste/build/lib/namste
copying namste/__init__.py -> /home/yantrigo/Dropbox/humanoid_site_1.0.0/software/firmware/rpi5/humanoid/build/namste/build/lib/namste
running install
running install_lib
running install_data
copying resource/namste -> /home/yantrigo/Dropbox/humanoid_site_1.0.0/software/firmware/rpi5/humanoid/install/namste/share/ament_index/resource_index/packages
copying package.xml -> /home/yantrigo/Dropbox/humanoid_site_1.0.0/software/firmware/rpi5/humanoid/install/namste/share/namste
running install_egg_info
removing '/home/yantrigo/Dropbox/humanoid_site_1.0.0/software/firmware/rpi5/humanoid/install/namste/lib/python3.12/site-packages/namste-0.0.0-py3.12.egg-info' (and everything under it)
Copying ../../build/namste/namste.egg-info to /home/yantrigo/Dropbox/humanoid_site_1.0.0/software/firmware/rpi5/humanoid/install/namste/lib/python3.12/site-packages/namste-0.0.0-py3.12.egg-info
running install_scripts
writing list of installed files to '/home/yantrigo/Dropbox/humanoid_site_1.0.0/software/firmware/rpi5/humanoid/build/namste/install.log'
