[3.709s] Invoking command in '/home/yantrigo/Dropbox/humanoid_site_1.0.0/software/firmware/rpi5/humanoid/src/face_recognition': CONDA_PROMPT_MODIFIER=(humanoid) DEBUGINFOD_URLS=https://debuginfod.ubuntu.com PYTHONPATH=/home/yantrigo/Dropbox/humanoid_site_1.0.0/software/firmware/rpi5/humanoid/build/face_recognition/prefix_override:/home/yantrigo/miniconda3/envs/humanoid/lib/python3.12/site-packages/colcon_core/task/python/colcon_distutils_commands:/home/yantrigo/Dropbox/humanoid_site_1.0.0/software/firmware/rpi5/humanoid/install/face_recognition/lib/python3.12/site-packages:${PYTHONPATH} /home/yantrigo/miniconda3/envs/humanoid/bin/python3.12 -W ignore:setup.py install is deprecated -W ignore:easy_install command is deprecated setup.py egg_info --egg-base ../../build/face_recognition build --build-base /home/yantrigo/Dropbox/humanoid_site_1.0.0/software/firmware/rpi5/humanoid/build/face_recognition/build install --record /home/yantrigo/Dropbox/humanoid_site_1.0.0/software/firmware/rpi5/humanoid/build/face_recognition/install.log --single-version-externally-managed install_data
[4.091s] /home/yantrigo/miniconda3/envs/humanoid/lib/python3.12/site-packages/setuptools/_distutils/dist.py:289: UserWarning: Unknown distribution option: 'tests_require'
[4.091s]   warnings.warn(msg)
[4.349s] running egg_info
[4.395s] writing ../../build/face_recognition/face_recognition.egg-info/PKG-INFO
[4.396s] writing dependency_links to ../../build/face_recognition/face_recognition.egg-info/dependency_links.txt
[4.397s] writing requirements to ../../build/face_recognition/face_recognition.egg-info/requires.txt
[4.397s] writing top-level names to ../../build/face_recognition/face_recognition.egg-info/top_level.txt
[4.489s] reading manifest file '../../build/face_recognition/face_recognition.egg-info/SOURCES.txt'
[4.491s] writing manifest file '../../build/face_recognition/face_recognition.egg-info/SOURCES.txt'
[4.492s] running build
[4.492s] running build_py
[4.493s] copying face_recognition/face_recognition.py -> /home/yantrigo/Dropbox/humanoid_site_1.0.0/software/firmware/rpi5/humanoid/build/face_recognition/build/lib/face_recognition
[4.493s] copying face_recognition/__init__.py -> /home/yantrigo/Dropbox/humanoid_site_1.0.0/software/firmware/rpi5/humanoid/build/face_recognition/build/lib/face_recognition
[4.494s] running install
[4.507s] running install_lib
[4.551s] running install_data
[4.552s] copying resource/face_recognition -> /home/yantrigo/Dropbox/humanoid_site_1.0.0/software/firmware/rpi5/humanoid/install/face_recognition/share/ament_index/resource_index/packages
[4.553s] copying package.xml -> /home/yantrigo/Dropbox/humanoid_site_1.0.0/software/firmware/rpi5/humanoid/install/face_recognition/share/face_recognition
[4.553s] running install_egg_info
[4.600s] removing '/home/yantrigo/Dropbox/humanoid_site_1.0.0/software/firmware/rpi5/humanoid/install/face_recognition/lib/python3.12/site-packages/face_recognition-0.0.0-py3.12.egg-info' (and everything under it)
[4.601s] Copying ../../build/face_recognition/face_recognition.egg-info to /home/yantrigo/Dropbox/humanoid_site_1.0.0/software/firmware/rpi5/humanoid/install/face_recognition/lib/python3.12/site-packages/face_recognition-0.0.0-py3.12.egg-info
[4.606s] running install_scripts
[4.946s] writing list of installed files to '/home/yantrigo/Dropbox/humanoid_site_1.0.0/software/firmware/rpi5/humanoid/build/face_recognition/install.log'
[5.437s] Invoked command in '/home/yantrigo/Dropbox/humanoid_site_1.0.0/software/firmware/rpi5/humanoid/src/face_recognition' returned '0': CONDA_PROMPT_MODIFIER=(humanoid) DEBUGINFOD_URLS=https://debuginfod.ubuntu.com PYTHONPATH=/home/yantrigo/Dropbox/humanoid_site_1.0.0/software/firmware/rpi5/humanoid/build/face_recognition/prefix_override:/home/yantrigo/miniconda3/envs/humanoid/lib/python3.12/site-packages/colcon_core/task/python/colcon_distutils_commands:/home/yantrigo/Dropbox/humanoid_site_1.0.0/software/firmware/rpi5/humanoid/install/face_recognition/lib/python3.12/site-packages:${PYTHONPATH} /home/yantrigo/miniconda3/envs/humanoid/bin/python3.12 -W ignore:setup.py install is deprecated -W ignore:easy_install command is deprecated setup.py egg_info --egg-base ../../build/face_recognition build --build-base /home/yantrigo/Dropbox/humanoid_site_1.0.0/software/firmware/rpi5/humanoid/build/face_recognition/build install --record /home/yantrigo/Dropbox/humanoid_site_1.0.0/software/firmware/rpi5/humanoid/build/face_recognition/install.log --single-version-externally-managed install_data
