[1.793s] Invoking command in '/home/yantrigo/Dropbox/humanoid_site_1.0.0/software/firmware/rpi5/humanoid/src/nano_manager_node': CONDA_PROMPT_MODIFIER=(humanoid) DEBUGINFOD_URLS=https://debuginfod.ubuntu.com PYTHONPATH=/home/yantrigo/Dropbox/humanoid_site_1.0.0/software/firmware/rpi5/humanoid/build/nano_manager_node/prefix_override:/usr/lib/python3/dist-packages/colcon_core/task/python/colcon_distutils_commands:/home/yantrigo/Dropbox/humanoid_site_1.0.0/software/firmware/rpi5/humanoid/install/nano_manager_node/lib/python3.12/site-packages:${PYTHONPATH} /usr/bin/python3 -W ignore:setup.py install is deprecated -W ignore:easy_install command is deprecated setup.py egg_info --egg-base ../../build/nano_manager_node build --build-base /home/yantrigo/Dropbox/humanoid_site_1.0.0/software/firmware/rpi5/humanoid/build/nano_manager_node/build install --record /home/yantrigo/Dropbox/humanoid_site_1.0.0/software/firmware/rpi5/humanoid/build/nano_manager_node/install.log --single-version-externally-managed install_data
[2.067s] /home/yantrigo/miniconda3/envs/humanoid/lib/python3.12/site-packages/setuptools/_distutils/dist.py:289: UserWarning: Unknown distribution option: 'tests_require'
[2.068s]   warnings.warn(msg)
[2.298s] running egg_info
[2.333s] writing ../../build/nano_manager_node/nano_manager_node.egg-info/PKG-INFO
[2.333s] writing dependency_links to ../../build/nano_manager_node/nano_manager_node.egg-info/dependency_links.txt
[2.334s] writing requirements to ../../build/nano_manager_node/nano_manager_node.egg-info/requires.txt
[2.334s] writing top-level names to ../../build/nano_manager_node/nano_manager_node.egg-info/top_level.txt
[2.413s] reading manifest file '../../build/nano_manager_node/nano_manager_node.egg-info/SOURCES.txt'
[2.415s] writing manifest file '../../build/nano_manager_node/nano_manager_node.egg-info/SOURCES.txt'
[2.415s] running build
[2.415s] running build_py
[2.416s] copying nano_manager_node/__init__.py -> /home/yantrigo/Dropbox/humanoid_site_1.0.0/software/firmware/rpi5/humanoid/build/nano_manager_node/build/lib/nano_manager_node
[2.416s] running install
[2.423s] running install_lib
[2.464s] running install_data
[2.465s] copying resource/nano_manager_node -> /home/yantrigo/Dropbox/humanoid_site_1.0.0/software/firmware/rpi5/humanoid/install/nano_manager_node/share/ament_index/resource_index/packages
[2.466s] copying package.xml -> /home/yantrigo/Dropbox/humanoid_site_1.0.0/software/firmware/rpi5/humanoid/install/nano_manager_node/share/nano_manager_node
[2.467s] running install_egg_info
[2.503s] removing '/home/yantrigo/Dropbox/humanoid_site_1.0.0/software/firmware/rpi5/humanoid/install/nano_manager_node/lib/python3.12/site-packages/nano_manager_node-0.0.0-py3.12.egg-info' (and everything under it)
[2.504s] Copying ../../build/nano_manager_node/nano_manager_node.egg-info to /home/yantrigo/Dropbox/humanoid_site_1.0.0/software/firmware/rpi5/humanoid/install/nano_manager_node/lib/python3.12/site-packages/nano_manager_node-0.0.0-py3.12.egg-info
[2.506s] running install_scripts
[2.731s] writing list of installed files to '/home/yantrigo/Dropbox/humanoid_site_1.0.0/software/firmware/rpi5/humanoid/build/nano_manager_node/install.log'
[2.787s] Invoked command in '/home/yantrigo/Dropbox/humanoid_site_1.0.0/software/firmware/rpi5/humanoid/src/nano_manager_node' returned '0': CONDA_PROMPT_MODIFIER=(humanoid) DEBUGINFOD_URLS=https://debuginfod.ubuntu.com PYTHONPATH=/home/yantrigo/Dropbox/humanoid_site_1.0.0/software/firmware/rpi5/humanoid/build/nano_manager_node/prefix_override:/usr/lib/python3/dist-packages/colcon_core/task/python/colcon_distutils_commands:/home/yantrigo/Dropbox/humanoid_site_1.0.0/software/firmware/rpi5/humanoid/install/nano_manager_node/lib/python3.12/site-packages:${PYTHONPATH} /usr/bin/python3 -W ignore:setup.py install is deprecated -W ignore:easy_install command is deprecated setup.py egg_info --egg-base ../../build/nano_manager_node build --build-base /home/yantrigo/Dropbox/humanoid_site_1.0.0/software/firmware/rpi5/humanoid/build/nano_manager_node/build install --record /home/yantrigo/Dropbox/humanoid_site_1.0.0/software/firmware/rpi5/humanoid/build/nano_manager_node/install.log --single-version-externally-managed install_data
