running egg_info
writing ../../build/brain/brain.egg-info/PKG-INFO
writing dependency_links to ../../build/brain/brain.egg-info/dependency_links.txt
writing entry points to ../../build/brain/brain.egg-info/entry_points.txt
writing requirements to ../../build/brain/brain.egg-info/requires.txt
writing top-level names to ../../build/brain/brain.egg-info/top_level.txt
reading manifest file '../../build/brain/brain.egg-info/SOURCES.txt'
writing manifest file '../../build/brain/brain.egg-info/SOURCES.txt'
running build
running build_py
copying brain/brain.py -> /home/yantrigo/Dropbox/humanoid_site_1.0.0/software/firmware/rpi5/humanoid/build/brain/build/lib/brain
copying brain/__init__.py -> /home/yantrigo/Dropbox/humanoid_site_1.0.0/software/firmware/rpi5/humanoid/build/brain/build/lib/brain
running install
running install_lib
running install_data
copying resource/brain -> /home/yantrigo/Dropbox/humanoid_site_1.0.0/software/firmware/rpi5/humanoid/install/brain/share/ament_index/resource_index/packages
copying package.xml -> /home/yantrigo/Dropbox/humanoid_site_1.0.0/software/firmware/rpi5/humanoid/install/brain/share/brain
running install_egg_info
removing '/home/yantrigo/Dropbox/humanoid_site_1.0.0/software/firmware/rpi5/humanoid/install/brain/lib/python3.12/site-packages/brain-0.0.0-py3.12.egg-info' (and everything under it)
Copying ../../build/brain/brain.egg-info to /home/yantrigo/Dropbox/humanoid_site_1.0.0/software/firmware/rpi5/humanoid/install/brain/lib/python3.12/site-packages/brain-0.0.0-py3.12.egg-info
running install_scripts
Installing brain script to /home/yantrigo/Dropbox/humanoid_site_1.0.0/software/firmware/rpi5/humanoid/install/brain/lib/brain
writing list of installed files to '/home/yantrigo/Dropbox/humanoid_site_1.0.0/software/firmware/rpi5/humanoid/build/brain/install.log'
