[3.858s] Invoking command in '/home/yantrigo/Dropbox/humanoid_site_1.0.0/software/firmware/rpi5/humanoid/src/find_person': CONDA_PROMPT_MODIFIER=(humanoid) DEBUGINFOD_URLS=https://debuginfod.ubuntu.com PYTHONPATH=/home/yantrigo/Dropbox/humanoid_site_1.0.0/software/firmware/rpi5/humanoid/build/find_person/prefix_override:/home/yantrigo/miniconda3/envs/humanoid/lib/python3.12/site-packages/colcon_core/task/python/colcon_distutils_commands:/home/yantrigo/Dropbox/humanoid_site_1.0.0/software/firmware/rpi5/humanoid/install/find_person/lib/python3.12/site-packages:${PYTHONPATH} /home/yantrigo/miniconda3/envs/humanoid/bin/python3.12 -W ignore:setup.py install is deprecated -W ignore:easy_install command is deprecated setup.py egg_info --egg-base ../../build/find_person build --build-base /home/yantrigo/Dropbox/humanoid_site_1.0.0/software/firmware/rpi5/humanoid/build/find_person/build install --record /home/yantrigo/Dropbox/humanoid_site_1.0.0/software/firmware/rpi5/humanoid/build/find_person/install.log --single-version-externally-managed install_data
[4.635s] /home/yantrigo/miniconda3/envs/humanoid/lib/python3.12/site-packages/setuptools/_distutils/dist.py:289: UserWarning: Unknown distribution option: 'tests_require'
[4.635s]   warnings.warn(msg)
[5.194s] running egg_info
[5.276s] writing ../../build/find_person/find_person.egg-info/PKG-INFO
[5.280s] writing dependency_links to ../../build/find_person/find_person.egg-info/dependency_links.txt
[5.281s] writing requirements to ../../build/find_person/find_person.egg-info/requires.txt
[5.284s] writing top-level names to ../../build/find_person/find_person.egg-info/top_level.txt
[5.432s] reading manifest file '../../build/find_person/find_person.egg-info/SOURCES.txt'
[5.436s] writing manifest file '../../build/find_person/find_person.egg-info/SOURCES.txt'
[5.436s] running build
[5.437s] running build_py
[5.438s] copying find_person/find_person.py -> /home/yantrigo/Dropbox/humanoid_site_1.0.0/software/firmware/rpi5/humanoid/build/find_person/build/lib/find_person
[5.438s] copying find_person/__init__.py -> /home/yantrigo/Dropbox/humanoid_site_1.0.0/software/firmware/rpi5/humanoid/build/find_person/build/lib/find_person
[5.438s] running install
[5.464s] running install_lib
[5.583s] running install_data
[5.583s] copying resource/find_person -> /home/yantrigo/Dropbox/humanoid_site_1.0.0/software/firmware/rpi5/humanoid/install/find_person/share/ament_index/resource_index/packages
[5.583s] copying package.xml -> /home/yantrigo/Dropbox/humanoid_site_1.0.0/software/firmware/rpi5/humanoid/install/find_person/share/find_person
[5.588s] running install_egg_info
[5.666s] removing '/home/yantrigo/Dropbox/humanoid_site_1.0.0/software/firmware/rpi5/humanoid/install/find_person/lib/python3.12/site-packages/find_person-0.0.0-py3.12.egg-info' (and everything under it)
[5.670s] Copying ../../build/find_person/find_person.egg-info to /home/yantrigo/Dropbox/humanoid_site_1.0.0/software/firmware/rpi5/humanoid/install/find_person/lib/python3.12/site-packages/find_person-0.0.0-py3.12.egg-info
[5.677s] running install_scripts
[6.114s] writing list of installed files to '/home/yantrigo/Dropbox/humanoid_site_1.0.0/software/firmware/rpi5/humanoid/build/find_person/install.log'
[6.699s] Invoked command in '/home/yantrigo/Dropbox/humanoid_site_1.0.0/software/firmware/rpi5/humanoid/src/find_person' returned '0': CONDA_PROMPT_MODIFIER=(humanoid) DEBUGINFOD_URLS=https://debuginfod.ubuntu.com PYTHONPATH=/home/yantrigo/Dropbox/humanoid_site_1.0.0/software/firmware/rpi5/humanoid/build/find_person/prefix_override:/home/yantrigo/miniconda3/envs/humanoid/lib/python3.12/site-packages/colcon_core/task/python/colcon_distutils_commands:/home/yantrigo/Dropbox/humanoid_site_1.0.0/software/firmware/rpi5/humanoid/install/find_person/lib/python3.12/site-packages:${PYTHONPATH} /home/yantrigo/miniconda3/envs/humanoid/bin/python3.12 -W ignore:setup.py install is deprecated -W ignore:easy_install command is deprecated setup.py egg_info --egg-base ../../build/find_person build --build-base /home/yantrigo/Dropbox/humanoid_site_1.0.0/software/firmware/rpi5/humanoid/build/find_person/build install --record /home/yantrigo/Dropbox/humanoid_site_1.0.0/software/firmware/rpi5/humanoid/build/find_person/install.log --single-version-externally-managed install_data
