[2.745s] Invoking command in '/home/yantrigo/Dropbox/humanoid_site_1.0.0/software/firmware/rpi5/humanoid/src/eyes': CONDA_PROMPT_MODIFIER=(humanoid) DEBUGINFOD_URLS=https://debuginfod.ubuntu.com PYTHONPATH=/home/yantrigo/Dropbox/humanoid_site_1.0.0/software/firmware/rpi5/humanoid/build/eyes/prefix_override:/home/yantrigo/miniconda3/envs/humanoid/lib/python3.12/site-packages/colcon_core/task/python/colcon_distutils_commands:/home/yantrigo/Dropbox/humanoid_site_1.0.0/software/firmware/rpi5/humanoid/install/eyes/lib/python3.12/site-packages:${PYTHONPATH} /home/yantrigo/miniconda3/envs/humanoid/bin/python3.12 -W ignore:setup.py install is deprecated -W ignore:easy_install command is deprecated setup.py egg_info --egg-base ../../build/eyes build --build-base /home/yantrigo/Dropbox/humanoid_site_1.0.0/software/firmware/rpi5/humanoid/build/eyes/build install --record /home/yantrigo/Dropbox/humanoid_site_1.0.0/software/firmware/rpi5/humanoid/build/eyes/install.log --single-version-externally-managed install_data
[3.229s] /home/yantrigo/miniconda3/envs/humanoid/lib/python3.12/site-packages/setuptools/_distutils/dist.py:289: UserWarning: Unknown distribution option: 'tests_require'
[3.230s]   warnings.warn(msg)
[3.636s] running egg_info
[3.746s] writing ../../build/eyes/eyes.egg-info/PKG-INFO
[3.747s] writing dependency_links to ../../build/eyes/eyes.egg-info/dependency_links.txt
[3.752s] writing requirements to ../../build/eyes/eyes.egg-info/requires.txt
[3.752s] writing top-level names to ../../build/eyes/eyes.egg-info/top_level.txt
[3.982s] reading manifest file '../../build/eyes/eyes.egg-info/SOURCES.txt'
[3.990s] writing manifest file '../../build/eyes/eyes.egg-info/SOURCES.txt'
[3.990s] running build
[3.991s] running build_py
[3.994s] copying eyes/see.py -> /home/yantrigo/Dropbox/humanoid_site_1.0.0/software/firmware/rpi5/humanoid/build/eyes/build/lib/eyes
[3.994s] copying eyes/__init__.py -> /home/yantrigo/Dropbox/humanoid_site_1.0.0/software/firmware/rpi5/humanoid/build/eyes/build/lib/eyes
[3.995s] running install
[4.017s] running install_lib
[4.083s] running install_data
[4.086s] copying resource/eyes -> /home/yantrigo/Dropbox/humanoid_site_1.0.0/software/firmware/rpi5/humanoid/install/eyes/share/ament_index/resource_index/packages
[4.086s] copying package.xml -> /home/yantrigo/Dropbox/humanoid_site_1.0.0/software/firmware/rpi5/humanoid/install/eyes/share/eyes
[4.086s] running install_egg_info
[4.139s] removing '/home/yantrigo/Dropbox/humanoid_site_1.0.0/software/firmware/rpi5/humanoid/install/eyes/lib/python3.12/site-packages/eyes-0.0.0-py3.12.egg-info' (and everything under it)
[4.141s] Copying ../../build/eyes/eyes.egg-info to /home/yantrigo/Dropbox/humanoid_site_1.0.0/software/firmware/rpi5/humanoid/install/eyes/lib/python3.12/site-packages/eyes-0.0.0-py3.12.egg-info
[4.142s] running install_scripts
[4.459s] writing list of installed files to '/home/yantrigo/Dropbox/humanoid_site_1.0.0/software/firmware/rpi5/humanoid/build/eyes/install.log'
[4.539s] Invoked command in '/home/yantrigo/Dropbox/humanoid_site_1.0.0/software/firmware/rpi5/humanoid/src/eyes' returned '0': CONDA_PROMPT_MODIFIER=(humanoid) DEBUGINFOD_URLS=https://debuginfod.ubuntu.com PYTHONPATH=/home/yantrigo/Dropbox/humanoid_site_1.0.0/software/firmware/rpi5/humanoid/build/eyes/prefix_override:/home/yantrigo/miniconda3/envs/humanoid/lib/python3.12/site-packages/colcon_core/task/python/colcon_distutils_commands:/home/yantrigo/Dropbox/humanoid_site_1.0.0/software/firmware/rpi5/humanoid/install/eyes/lib/python3.12/site-packages:${PYTHONPATH} /home/yantrigo/miniconda3/envs/humanoid/bin/python3.12 -W ignore:setup.py install is deprecated -W ignore:easy_install command is deprecated setup.py egg_info --egg-base ../../build/eyes build --build-base /home/yantrigo/Dropbox/humanoid_site_1.0.0/software/firmware/rpi5/humanoid/build/eyes/build install --record /home/yantrigo/Dropbox/humanoid_site_1.0.0/software/firmware/rpi5/humanoid/build/eyes/install.log --single-version-externally-managed install_data
