[4.198s] Invoking command in '/home/yantrigo/Dropbox/humanoid_site_1.0.0/software/firmware/rpi5/humanoid/src/face_recognition': CONDA_PROMPT_MODIFIER=(humanoid) DEBUGINFOD_URLS=https://debuginfod.ubuntu.com PYTHONPATH=/home/yantrigo/Dropbox/humanoid_site_1.0.0/software/firmware/rpi5/humanoid/build/face_recognition/prefix_override:/home/yantrigo/miniconda3/envs/humanoid/lib/python3.12/site-packages/colcon_core/task/python/colcon_distutils_commands:/home/yantrigo/Dropbox/humanoid_site_1.0.0/software/firmware/rpi5/humanoid/install/face_recognition/lib/python3.12/site-packages:${PYTHONPATH} /home/yantrigo/miniconda3/envs/humanoid/bin/python3.12 -W ignore:setup.py install is deprecated -W ignore:easy_install command is deprecated setup.py egg_info --egg-base ../../build/face_recognition build --build-base /home/yantrigo/Dropbox/humanoid_site_1.0.0/software/firmware/rpi5/humanoid/build/face_recognition/build install --record /home/yantrigo/Dropbox/humanoid_site_1.0.0/software/firmware/rpi5/humanoid/build/face_recognition/install.log --single-version-externally-managed install_data
[4.861s] /home/yantrigo/miniconda3/envs/humanoid/lib/python3.12/site-packages/setuptools/_distutils/dist.py:289: UserWarning: Unknown distribution option: 'tests_require'
[4.862s]   warnings.warn(msg)
[5.195s] running egg_info
[5.253s] writing ../../build/face_recognition/face_recognition.egg-info/PKG-INFO
[5.254s] writing dependency_links to ../../build/face_recognition/face_recognition.egg-info/dependency_links.txt
[5.255s] writing requirements to ../../build/face_recognition/face_recognition.egg-info/requires.txt
[5.255s] writing top-level names to ../../build/face_recognition/face_recognition.egg-info/top_level.txt
[5.366s] reading manifest file '../../build/face_recognition/face_recognition.egg-info/SOURCES.txt'
[5.369s] writing manifest file '../../build/face_recognition/face_recognition.egg-info/SOURCES.txt'
[5.370s] running build
[5.370s] running build_py
[5.370s] copying face_recognition/face_recognition.py -> /home/yantrigo/Dropbox/humanoid_site_1.0.0/software/firmware/rpi5/humanoid/build/face_recognition/build/lib/face_recognition
[5.370s] copying face_recognition/__init__.py -> /home/yantrigo/Dropbox/humanoid_site_1.0.0/software/firmware/rpi5/humanoid/build/face_recognition/build/lib/face_recognition
[5.370s] running install
[5.382s] running install_lib
[5.433s] running install_data
[5.433s] copying resource/face_recognition -> /home/yantrigo/Dropbox/humanoid_site_1.0.0/software/firmware/rpi5/humanoid/install/face_recognition/share/ament_index/resource_index/packages
[5.436s] copying package.xml -> /home/yantrigo/Dropbox/humanoid_site_1.0.0/software/firmware/rpi5/humanoid/install/face_recognition/share/face_recognition
[5.436s] running install_egg_info
[5.484s] removing '/home/yantrigo/Dropbox/humanoid_site_1.0.0/software/firmware/rpi5/humanoid/install/face_recognition/lib/python3.12/site-packages/face_recognition-0.0.0-py3.12.egg-info' (and everything under it)
[5.485s] Copying ../../build/face_recognition/face_recognition.egg-info to /home/yantrigo/Dropbox/humanoid_site_1.0.0/software/firmware/rpi5/humanoid/install/face_recognition/lib/python3.12/site-packages/face_recognition-0.0.0-py3.12.egg-info
[5.487s] running install_scripts
[5.767s] writing list of installed files to '/home/yantrigo/Dropbox/humanoid_site_1.0.0/software/firmware/rpi5/humanoid/build/face_recognition/install.log'
