[3.661s] Invoking command in '/home/yantrigo/Dropbox/humanoid_site_1.0.0/software/firmware/rpi5/humanoid/src/face_recognition': CONDA_PROMPT_MODIFIER=(humanoid) DEBUGINFOD_URLS=https://debuginfod.ubuntu.com PYTHONPATH=/home/yantrigo/Dropbox/humanoid_site_1.0.0/software/firmware/rpi5/humanoid/build/face_recognition/prefix_override:/home/yantrigo/miniconda3/envs/humanoid/lib/python3.12/site-packages/colcon_core/task/python/colcon_distutils_commands:/home/yantrigo/Dropbox/humanoid_site_1.0.0/software/firmware/rpi5/humanoid/install/face_recognition/lib/python3.12/site-packages:${PYTHONPATH} /home/yantrigo/miniconda3/envs/humanoid/bin/python3.12 -W ignore:setup.py install is deprecated -W ignore:easy_install command is deprecated setup.py egg_info --egg-base ../../build/face_recognition build --build-base /home/yantrigo/Dropbox/humanoid_site_1.0.0/software/firmware/rpi5/humanoid/build/face_recognition/build install --record /home/yantrigo/Dropbox/humanoid_site_1.0.0/software/firmware/rpi5/humanoid/build/face_recognition/install.log --single-version-externally-managed install_data
[4.150s] /home/yantrigo/miniconda3/envs/humanoid/lib/python3.12/site-packages/setuptools/_distutils/dist.py:289: UserWarning: Unknown distribution option: 'tests_require'
[4.150s]   warnings.warn(msg)
[4.519s] running egg_info
[4.631s] writing ../../build/face_recognition/face_recognition.egg-info/PKG-INFO
[4.632s] writing dependency_links to ../../build/face_recognition/face_recognition.egg-info/dependency_links.txt
[4.633s] writing requirements to ../../build/face_recognition/face_recognition.egg-info/requires.txt
[4.634s] writing top-level names to ../../build/face_recognition/face_recognition.egg-info/top_level.txt
[4.800s] reading manifest file '../../build/face_recognition/face_recognition.egg-info/SOURCES.txt'
[4.804s] writing manifest file '../../build/face_recognition/face_recognition.egg-info/SOURCES.txt'
[4.806s] running build
[4.806s] running build_py
[4.807s] copying face_recognition/face_recognition.py -> /home/yantrigo/Dropbox/humanoid_site_1.0.0/software/firmware/rpi5/humanoid/build/face_recognition/build/lib/face_recognition
[4.807s] copying face_recognition/__init__.py -> /home/yantrigo/Dropbox/humanoid_site_1.0.0/software/firmware/rpi5/humanoid/build/face_recognition/build/lib/face_recognition
[4.808s] running install
[4.831s] running install_lib
[4.906s] running install_data
[4.907s] copying resource/face_recognition -> /home/yantrigo/Dropbox/humanoid_site_1.0.0/software/firmware/rpi5/humanoid/install/face_recognition/share/ament_index/resource_index/packages
[4.908s] copying package.xml -> /home/yantrigo/Dropbox/humanoid_site_1.0.0/software/firmware/rpi5/humanoid/install/face_recognition/share/face_recognition
[4.909s] running install_egg_info
[4.989s] removing '/home/yantrigo/Dropbox/humanoid_site_1.0.0/software/firmware/rpi5/humanoid/install/face_recognition/lib/python3.12/site-packages/face_recognition-0.0.0-py3.12.egg-info' (and everything under it)
[4.992s] Copying ../../build/face_recognition/face_recognition.egg-info to /home/yantrigo/Dropbox/humanoid_site_1.0.0/software/firmware/rpi5/humanoid/install/face_recognition/lib/python3.12/site-packages/face_recognition-0.0.0-py3.12.egg-info
[4.994s] running install_scripts
[5.323s] writing list of installed files to '/home/yantrigo/Dropbox/humanoid_site_1.0.0/software/firmware/rpi5/humanoid/build/face_recognition/install.log'
[5.824s] Invoked command in '/home/yantrigo/Dropbox/humanoid_site_1.0.0/software/firmware/rpi5/humanoid/src/face_recognition' returned '0': CONDA_PROMPT_MODIFIER=(humanoid) DEBUGINFOD_URLS=https://debuginfod.ubuntu.com PYTHONPATH=/home/yantrigo/Dropbox/humanoid_site_1.0.0/software/firmware/rpi5/humanoid/build/face_recognition/prefix_override:/home/yantrigo/miniconda3/envs/humanoid/lib/python3.12/site-packages/colcon_core/task/python/colcon_distutils_commands:/home/yantrigo/Dropbox/humanoid_site_1.0.0/software/firmware/rpi5/humanoid/install/face_recognition/lib/python3.12/site-packages:${PYTHONPATH} /home/yantrigo/miniconda3/envs/humanoid/bin/python3.12 -W ignore:setup.py install is deprecated -W ignore:easy_install command is deprecated setup.py egg_info --egg-base ../../build/face_recognition build --build-base /home/yantrigo/Dropbox/humanoid_site_1.0.0/software/firmware/rpi5/humanoid/build/face_recognition/build install --record /home/yantrigo/Dropbox/humanoid_site_1.0.0/software/firmware/rpi5/humanoid/build/face_recognition/install.log --single-version-externally-managed install_data
