[2.413s] Invoking command in '/home/yantrigo/Dropbox/humanoid_site_1.0.0/software/firmware/rpi5/humanoid/src/face_recognition': CONDA_PROMPT_MODIFIER=(humanoid) DEBUGINFOD_URLS=https://debuginfod.ubuntu.com PYTHONPATH=/home/yantrigo/Dropbox/humanoid_site_1.0.0/software/firmware/rpi5/humanoid/build/face_recognition/prefix_override:/home/yantrigo/miniconda3/envs/humanoid/lib/python3.12/site-packages/colcon_core/task/python/colcon_distutils_commands:/home/yantrigo/Dropbox/humanoid_site_1.0.0/software/firmware/rpi5/humanoid/install/face_recognition/lib/python3.12/site-packages:${PYTHONPATH} /home/yantrigo/miniconda3/envs/humanoid/bin/python3.12 -W ignore:setup.py install is deprecated -W ignore:easy_install command is deprecated setup.py egg_info --egg-base ../../build/face_recognition build --build-base /home/yantrigo/Dropbox/humanoid_site_1.0.0/software/firmware/rpi5/humanoid/build/face_recognition/build install --record /home/yantrigo/Dropbox/humanoid_site_1.0.0/software/firmware/rpi5/humanoid/build/face_recognition/install.log --single-version-externally-managed install_data
[2.890s] /home/yantrigo/miniconda3/envs/humanoid/lib/python3.12/site-packages/setuptools/_distutils/dist.py:289: UserWarning: Unknown distribution option: 'tests_require'
[2.890s]   warnings.warn(msg)
[3.173s] running egg_info
[3.217s] writing ../../build/face_recognition/face_recognition.egg-info/PKG-INFO
[3.218s] writing dependency_links to ../../build/face_recognition/face_recognition.egg-info/dependency_links.txt
[3.219s] writing requirements to ../../build/face_recognition/face_recognition.egg-info/requires.txt
[3.220s] writing top-level names to ../../build/face_recognition/face_recognition.egg-info/top_level.txt
[3.337s] reading manifest file '../../build/face_recognition/face_recognition.egg-info/SOURCES.txt'
[3.345s] writing manifest file '../../build/face_recognition/face_recognition.egg-info/SOURCES.txt'
[3.346s] running build
[3.347s] running build_py
[3.347s] copying face_recognition/face_recognition.py -> /home/yantrigo/Dropbox/humanoid_site_1.0.0/software/firmware/rpi5/humanoid/build/face_recognition/build/lib/face_recognition
[3.350s] copying face_recognition/__init__.py -> /home/yantrigo/Dropbox/humanoid_site_1.0.0/software/firmware/rpi5/humanoid/build/face_recognition/build/lib/face_recognition
[3.358s] running install
[3.380s] running install_lib
[3.498s] running install_data
[3.502s] copying resource/face_recognition -> /home/yantrigo/Dropbox/humanoid_site_1.0.0/software/firmware/rpi5/humanoid/install/face_recognition/share/ament_index/resource_index/packages
[3.502s] copying package.xml -> /home/yantrigo/Dropbox/humanoid_site_1.0.0/software/firmware/rpi5/humanoid/install/face_recognition/share/face_recognition
[3.502s] running install_egg_info
[3.616s] removing '/home/yantrigo/Dropbox/humanoid_site_1.0.0/software/firmware/rpi5/humanoid/install/face_recognition/lib/python3.12/site-packages/face_recognition-0.0.0-py3.12.egg-info' (and everything under it)
[3.617s] Copying ../../build/face_recognition/face_recognition.egg-info to /home/yantrigo/Dropbox/humanoid_site_1.0.0/software/firmware/rpi5/humanoid/install/face_recognition/lib/python3.12/site-packages/face_recognition-0.0.0-py3.12.egg-info
[3.621s] running install_scripts
[3.960s] writing list of installed files to '/home/yantrigo/Dropbox/humanoid_site_1.0.0/software/firmware/rpi5/humanoid/build/face_recognition/install.log'
[4.369s] Invoked command in '/home/yantrigo/Dropbox/humanoid_site_1.0.0/software/firmware/rpi5/humanoid/src/face_recognition' returned '0': CONDA_PROMPT_MODIFIER=(humanoid) DEBUGINFOD_URLS=https://debuginfod.ubuntu.com PYTHONPATH=/home/yantrigo/Dropbox/humanoid_site_1.0.0/software/firmware/rpi5/humanoid/build/face_recognition/prefix_override:/home/yantrigo/miniconda3/envs/humanoid/lib/python3.12/site-packages/colcon_core/task/python/colcon_distutils_commands:/home/yantrigo/Dropbox/humanoid_site_1.0.0/software/firmware/rpi5/humanoid/install/face_recognition/lib/python3.12/site-packages:${PYTHONPATH} /home/yantrigo/miniconda3/envs/humanoid/bin/python3.12 -W ignore:setup.py install is deprecated -W ignore:easy_install command is deprecated setup.py egg_info --egg-base ../../build/face_recognition build --build-base /home/yantrigo/Dropbox/humanoid_site_1.0.0/software/firmware/rpi5/humanoid/build/face_recognition/build install --record /home/yantrigo/Dropbox/humanoid_site_1.0.0/software/firmware/rpi5/humanoid/build/face_recognition/install.log --single-version-externally-managed install_data
