[1.219s] Invoking command in '/home/yantrigo/Dropbox/humanoid_site_1.0.0/software/firmware/rpi5/humanoid/src/brain': CONDA_PROMPT_MODIFIER=(humanoid) DEBUGINFOD_URLS=https://debuginfod.ubuntu.com PYTHONPATH=/home/yantrigo/Dropbox/humanoid_site_1.0.0/software/firmware/rpi5/humanoid/build/brain/prefix_override:/home/yantrigo/miniconda3/envs/humanoid/lib/python3.12/site-packages/colcon_core/task/python/colcon_distutils_commands:/home/yantrigo/Dropbox/humanoid_site_1.0.0/software/firmware/rpi5/humanoid/install/brain/lib/python3.12/site-packages:${PYTHONPATH} /home/yantrigo/miniconda3/envs/humanoid/bin/python3.12 -W ignore:setup.py install is deprecated -W ignore:easy_install command is deprecated setup.py egg_info --egg-base ../../build/brain build --build-base /home/yantrigo/Dropbox/humanoid_site_1.0.0/software/firmware/rpi5/humanoid/build/brain/build install --record /home/yantrigo/Dropbox/humanoid_site_1.0.0/software/firmware/rpi5/humanoid/build/brain/install.log --single-version-externally-managed install_data
[1.478s] /home/yantrigo/miniconda3/envs/humanoid/lib/python3.12/site-packages/setuptools/_distutils/dist.py:289: UserWarning: Unknown distribution option: 'tests_require'
[1.478s]   warnings.warn(msg)
[1.653s] running egg_info
[1.682s] writing ../../build/brain/brain.egg-info/PKG-INFO
[1.683s] writing dependency_links to ../../build/brain/brain.egg-info/dependency_links.txt
[1.684s] writing entry points to ../../build/brain/brain.egg-info/entry_points.txt
[1.684s] writing requirements to ../../build/brain/brain.egg-info/requires.txt
[1.684s] writing top-level names to ../../build/brain/brain.egg-info/top_level.txt
[1.756s] reading manifest file '../../build/brain/brain.egg-info/SOURCES.txt'
[1.759s] writing manifest file '../../build/brain/brain.egg-info/SOURCES.txt'
[1.760s] running build
[1.760s] running build_py
[1.760s] copying brain/brain.py -> /home/yantrigo/Dropbox/humanoid_site_1.0.0/software/firmware/rpi5/humanoid/build/brain/build/lib/brain
[1.762s] copying brain/__init__.py -> /home/yantrigo/Dropbox/humanoid_site_1.0.0/software/firmware/rpi5/humanoid/build/brain/build/lib/brain
[1.763s] running install
[1.774s] running install_lib
[1.816s] copying /home/yantrigo/Dropbox/humanoid_site_1.0.0/software/firmware/rpi5/humanoid/build/brain/build/lib/brain/brain.py -> /home/yantrigo/Dropbox/humanoid_site_1.0.0/software/firmware/rpi5/humanoid/install/brain/lib/python3.12/site-packages/brain
[1.818s] byte-compiling /home/yantrigo/Dropbox/humanoid_site_1.0.0/software/firmware/rpi5/humanoid/install/brain/lib/python3.12/site-packages/brain/brain.py to brain.cpython-312.pyc
[1.821s] running install_data
[1.821s] copying resource/brain -> /home/yantrigo/Dropbox/humanoid_site_1.0.0/software/firmware/rpi5/humanoid/install/brain/share/ament_index/resource_index/packages
[1.822s] copying package.xml -> /home/yantrigo/Dropbox/humanoid_site_1.0.0/software/firmware/rpi5/humanoid/install/brain/share/brain
[1.822s] running install_egg_info
[1.866s] removing '/home/yantrigo/Dropbox/humanoid_site_1.0.0/software/firmware/rpi5/humanoid/install/brain/lib/python3.12/site-packages/brain-0.0.0-py3.12.egg-info' (and everything under it)
[1.866s] Copying ../../build/brain/brain.egg-info to /home/yantrigo/Dropbox/humanoid_site_1.0.0/software/firmware/rpi5/humanoid/install/brain/lib/python3.12/site-packages/brain-0.0.0-py3.12.egg-info
[1.868s] running install_scripts
[2.051s] Installing brain script to /home/yantrigo/Dropbox/humanoid_site_1.0.0/software/firmware/rpi5/humanoid/install/brain/lib/brain
[2.052s] writing list of installed files to '/home/yantrigo/Dropbox/humanoid_site_1.0.0/software/firmware/rpi5/humanoid/build/brain/install.log'
[2.105s] Invoked command in '/home/yantrigo/Dropbox/humanoid_site_1.0.0/software/firmware/rpi5/humanoid/src/brain' returned '0': CONDA_PROMPT_MODIFIER=(humanoid) DEBUGINFOD_URLS=https://debuginfod.ubuntu.com PYTHONPATH=/home/yantrigo/Dropbox/humanoid_site_1.0.0/software/firmware/rpi5/humanoid/build/brain/prefix_override:/home/yantrigo/miniconda3/envs/humanoid/lib/python3.12/site-packages/colcon_core/task/python/colcon_distutils_commands:/home/yantrigo/Dropbox/humanoid_site_1.0.0/software/firmware/rpi5/humanoid/install/brain/lib/python3.12/site-packages:${PYTHONPATH} /home/yantrigo/miniconda3/envs/humanoid/bin/python3.12 -W ignore:setup.py install is deprecated -W ignore:easy_install command is deprecated setup.py egg_info --egg-base ../../build/brain build --build-base /home/yantrigo/Dropbox/humanoid_site_1.0.0/software/firmware/rpi5/humanoid/build/brain/build install --record /home/yantrigo/Dropbox/humanoid_site_1.0.0/software/firmware/rpi5/humanoid/build/brain/install.log --single-version-externally-managed install_data
