running egg_info
writing ../../build/mouth/mouth.egg-info/PKG-INFO
writing dependency_links to ../../build/mouth/mouth.egg-info/dependency_links.txt
writing entry points to ../../build/mouth/mouth.egg-info/entry_points.txt
writing requirements to ../../build/mouth/mouth.egg-info/requires.txt
writing top-level names to ../../build/mouth/mouth.egg-info/top_level.txt
reading manifest file '../../build/mouth/mouth.egg-info/SOURCES.txt'
writing manifest file '../../build/mouth/mouth.egg-info/SOURCES.txt'
running build
running build_py
running install
running install_lib
running install_data
copying package.xml -> /home/yantrigo/Dropbox/humanoid_site_1.0.0/software/firmware/rpi5/humanoid/install/mouth/share/mouth
running install_egg_info
removing '/home/yantrigo/Dropbox/humanoid_site_1.0.0/software/firmware/rpi5/humanoid/install/mouth/lib/python3.12/site-packages/mouth-0.0.0-py3.12.egg-info' (and everything under it)
Copying ../../build/mouth/mouth.egg-info to /home/yantrigo/Dropbox/humanoid_site_1.0.0/software/firmware/rpi5/humanoid/install/mouth/lib/python3.12/site-packages/mouth-0.0.0-py3.12.egg-info
running install_scripts
Installing speak script to /home/yantrigo/Dropbox/humanoid_site_1.0.0/software/firmware/rpi5/humanoid/install/mouth/lib/mouth
writing list of installed files to '/home/yantrigo/Dropbox/humanoid_site_1.0.0/software/firmware/rpi5/humanoid/build/mouth/install.log'
