[1.671s] Invoking command in '/home/yantrigo/Dropbox/humanoid_site_1.0.0/software/firmware/rpi5/humanoid/src/nano_manager_node': CONDA_PROMPT_MODIFIER=(venv) DEBUGINFOD_URLS=https://debuginfod.ubuntu.com PYTHONPATH=/home/yantrigo/Dropbox/humanoid_site_1.0.0/software/firmware/rpi5/humanoid/build/nano_manager_node/prefix_override:/usr/lib/python3/dist-packages/colcon_core/task/python/colcon_distutils_commands:/home/yantrigo/Dropbox/humanoid_site_1.0.0/software/firmware/rpi5/humanoid/install/nano_manager_node/lib/python3.12/site-packages:${PYTHONPATH} /usr/bin/python3 -W ignore:setup.py install is deprecated -W ignore:easy_install command is deprecated setup.py egg_info --egg-base ../../build/nano_manager_node build --build-base /home/yantrigo/Dropbox/humanoid_site_1.0.0/software/firmware/rpi5/humanoid/build/nano_manager_node/build install --record /home/yantrigo/Dropbox/humanoid_site_1.0.0/software/firmware/rpi5/humanoid/build/nano_manager_node/install.log --single-version-externally-managed install_data
[2.361s] running egg_info
[2.362s] creating ../../build/nano_manager_node/nano_manager_node.egg-info
[2.400s] writing ../../build/nano_manager_node/nano_manager_node.egg-info/PKG-INFO
[2.400s] writing dependency_links to ../../build/nano_manager_node/nano_manager_node.egg-info/dependency_links.txt
[2.400s] writing requirements to ../../build/nano_manager_node/nano_manager_node.egg-info/requires.txt
[2.401s] writing top-level names to ../../build/nano_manager_node/nano_manager_node.egg-info/top_level.txt
[2.401s] writing manifest file '../../build/nano_manager_node/nano_manager_node.egg-info/SOURCES.txt'
[2.526s] reading manifest file '../../build/nano_manager_node/nano_manager_node.egg-info/SOURCES.txt'
[2.528s] writing manifest file '../../build/nano_manager_node/nano_manager_node.egg-info/SOURCES.txt'
[2.533s] running build
[2.533s] running build_py
[2.534s] creating /home/yantrigo/Dropbox/humanoid_site_1.0.0/software/firmware/rpi5/humanoid/build/nano_manager_node/build
[2.534s] creating /home/yantrigo/Dropbox/humanoid_site_1.0.0/software/firmware/rpi5/humanoid/build/nano_manager_node/build/lib
[2.534s] creating /home/yantrigo/Dropbox/humanoid_site_1.0.0/software/firmware/rpi5/humanoid/build/nano_manager_node/build/lib/nano_manager_node
[2.534s] copying nano_manager_node/__init__.py -> /home/yantrigo/Dropbox/humanoid_site_1.0.0/software/firmware/rpi5/humanoid/build/nano_manager_node/build/lib/nano_manager_node
[2.545s] running install
[2.558s] running install_lib
[2.621s] creating /home/yantrigo/Dropbox/humanoid_site_1.0.0/software/firmware/rpi5/humanoid/install/nano_manager_node/lib/python3.12/site-packages/nano_manager_node
[2.622s] copying /home/yantrigo/Dropbox/humanoid_site_1.0.0/software/firmware/rpi5/humanoid/build/nano_manager_node/build/lib/nano_manager_node/__init__.py -> /home/yantrigo/Dropbox/humanoid_site_1.0.0/software/firmware/rpi5/humanoid/install/nano_manager_node/lib/python3.12/site-packages/nano_manager_node
[2.623s] byte-compiling /home/yantrigo/Dropbox/humanoid_site_1.0.0/software/firmware/rpi5/humanoid/install/nano_manager_node/lib/python3.12/site-packages/nano_manager_node/__init__.py to __init__.cpython-312.pyc
[2.624s] running install_data
[2.624s] creating /home/yantrigo/Dropbox/humanoid_site_1.0.0/software/firmware/rpi5/humanoid/install/nano_manager_node/share/ament_index
[2.625s] creating /home/yantrigo/Dropbox/humanoid_site_1.0.0/software/firmware/rpi5/humanoid/install/nano_manager_node/share/ament_index/resource_index
[2.625s] creating /home/yantrigo/Dropbox/humanoid_site_1.0.0/software/firmware/rpi5/humanoid/install/nano_manager_node/share/ament_index/resource_index/packages
[2.625s] copying resource/nano_manager_node -> /home/yantrigo/Dropbox/humanoid_site_1.0.0/software/firmware/rpi5/humanoid/install/nano_manager_node/share/ament_index/resource_index/packages
[2.625s] copying package.xml -> /home/yantrigo/Dropbox/humanoid_site_1.0.0/software/firmware/rpi5/humanoid/install/nano_manager_node/share/nano_manager_node
[2.627s] running install_egg_info
[2.677s] Copying ../../build/nano_manager_node/nano_manager_node.egg-info to /home/yantrigo/Dropbox/humanoid_site_1.0.0/software/firmware/rpi5/humanoid/install/nano_manager_node/lib/python3.12/site-packages/nano_manager_node-0.0.0-py3.12.egg-info
[2.678s] running install_scripts
[2.942s] writing list of installed files to '/home/yantrigo/Dropbox/humanoid_site_1.0.0/software/firmware/rpi5/humanoid/build/nano_manager_node/install.log'
[2.991s] Invoked command in '/home/yantrigo/Dropbox/humanoid_site_1.0.0/software/firmware/rpi5/humanoid/src/nano_manager_node' returned '0': CONDA_PROMPT_MODIFIER=(venv) DEBUGINFOD_URLS=https://debuginfod.ubuntu.com PYTHONPATH=/home/yantrigo/Dropbox/humanoid_site_1.0.0/software/firmware/rpi5/humanoid/build/nano_manager_node/prefix_override:/usr/lib/python3/dist-packages/colcon_core/task/python/colcon_distutils_commands:/home/yantrigo/Dropbox/humanoid_site_1.0.0/software/firmware/rpi5/humanoid/install/nano_manager_node/lib/python3.12/site-packages:${PYTHONPATH} /usr/bin/python3 -W ignore:setup.py install is deprecated -W ignore:easy_install command is deprecated setup.py egg_info --egg-base ../../build/nano_manager_node build --build-base /home/yantrigo/Dropbox/humanoid_site_1.0.0/software/firmware/rpi5/humanoid/build/nano_manager_node/build install --record /home/yantrigo/Dropbox/humanoid_site_1.0.0/software/firmware/rpi5/humanoid/build/nano_manager_node/install.log --single-version-externally-managed install_data
