[0.167s] [34mcolcon[0m [1;30mDEBUG[0m [32mCommand line arguments: ['/usr/bin/colcon', 'build'][0m
[0.167s] [34mcolcon[0m [1;30mDEBUG[0m [32mParsed command line arguments: Namespace(log_base=None, log_level=None, verb_name='build', build_base='build', install_base='install', merge_install=False, symlink_install=False, test_result_base=None, continue_on_error=False, executor='parallel', parallel_workers=4, event_handlers=None, ignore_user_meta=False, metas=['./colcon.meta'], base_paths=['.'], packages_ignore=None, packages_ignore_regex=None, paths=None, packages_up_to=None, packages_up_to_regex=None, packages_above=None, packages_above_and_dependencies=None, packages_above_depth=None, packages_select_by_dep=None, packages_skip_by_dep=None, packages_skip_up_to=None, packages_select_build_failed=False, packages_skip_build_finished=False, packages_select_test_failures=False, packages_skip_test_passed=False, packages_select=None, packages_skip=None, packages_select_regex=None, packages_skip_regex=None, packages_start=None, packages_end=None, allow_overriding=[], cmake_args=None, cmake_target=None, cmake_target_skip_unavailable=False, cmake_clean_cache=False, cmake_clean_first=False, cmake_force_configure=False, ament_cmake_args=None, catkin_cmake_args=None, catkin_skip_building_tests=False, mixin_files=None, mixin=None, verb_parser=<colcon_mixin.mixin.mixin_argument.MixinArgumentDecorator object at 0x7ea20b2021e0>, verb_extension=<colcon_core.verb.build.BuildVerb object at 0x7ea20b201b20>, main=<bound method BuildVerb.main of <colcon_core.verb.build.BuildVerb object at 0x7ea20b201b20>>, mixin_verb=('build',))[0m
[0.222s] [34mcolcon.colcon_core.package_discovery[0m [1;30mLevel 1[0m discover_packages(colcon_meta) check parameters
[0.222s] [34mcolcon.colcon_core.package_discovery[0m [1;30mLevel 1[0m discover_packages(recursive) check parameters
[0.222s] [34mcolcon.colcon_core.package_discovery[0m [1;30mLevel 1[0m discover_packages(ignore) check parameters
[0.222s] [34mcolcon.colcon_core.package_discovery[0m [1;30mLevel 1[0m discover_packages(path) check parameters
[0.222s] [34mcolcon.colcon_core.package_discovery[0m [1;30mLevel 1[0m discover_packages(colcon_meta) discover
[0.222s] [34mcolcon.colcon_core.package_discovery[0m [1;30mLevel 1[0m discover_packages(recursive) discover
[0.222s] [34mcolcon.colcon_core.package_discovery[0m [1;30mINFO[0m Crawling recursively for packages in '/home/yantrigo/Dropbox/humanoid_site_1.0.0/software/firmware/rpi5/humanoid'
[0.222s] [34mcolcon.colcon_core.package_identification[0m [1;30mLevel 1[0m _identify(.) by extensions ['ignore', 'ignore_ament_install']
[0.222s] [34mcolcon.colcon_core.package_identification[0m [1;30mLevel 1[0m _identify(.) by extension 'ignore'
[0.222s] [34mcolcon.colcon_core.package_identification[0m [1;30mLevel 1[0m _identify(.) by extension 'ignore_ament_install'
[0.223s] [34mcolcon.colcon_core.package_identification[0m [1;30mLevel 1[0m _identify(.) by extensions ['colcon_pkg']
[0.223s] [34mcolcon.colcon_core.package_identification[0m [1;30mLevel 1[0m _identify(.) by extension 'colcon_pkg'
[0.223s] [34mcolcon.colcon_core.package_identification[0m [1;30mLevel 1[0m _identify(.) by extensions ['colcon_meta']
[0.223s] [34mcolcon.colcon_core.package_identification[0m [1;30mLevel 1[0m _identify(.) by extension 'colcon_meta'
[0.223s] [34mcolcon.colcon_core.package_identification[0m [1;30mLevel 1[0m _identify(.) by extensions ['ros']
[0.223s] [34mcolcon.colcon_core.package_identification[0m [1;30mLevel 1[0m _identify(.) by extension 'ros'
[0.255s] [34mcolcon.colcon_core.package_identification[0m [1;30mLevel 1[0m _identify(.) by extensions ['cmake', 'python']
[0.255s] [34mcolcon.colcon_core.package_identification[0m [1;30mLevel 1[0m _identify(.) by extension 'cmake'
[0.255s] [34mcolcon.colcon_core.package_identification[0m [1;30mLevel 1[0m _identify(.) by extension 'python'
[0.255s] [34mcolcon.colcon_core.package_identification[0m [1;30mLevel 1[0m _identify(.) by extensions ['python_setup_py']
[0.255s] [34mcolcon.colcon_core.package_identification[0m [1;30mLevel 1[0m _identify(.) by extension 'python_setup_py'
[0.256s] [34mcolcon.colcon_core.package_identification[0m [1;30mLevel 1[0m _identify(build) by extensions ['ignore', 'ignore_ament_install']
[0.256s] [34mcolcon.colcon_core.package_identification[0m [1;30mLevel 1[0m _identify(build) by extension 'ignore'
[0.256s] [34mcolcon.colcon_core.package_identification[0m [1;30mLevel 1[0m _identify(build) ignored
[0.256s] [34mcolcon.colcon_core.package_identification[0m [1;30mLevel 1[0m _identify(install) by extensions ['ignore', 'ignore_ament_install']
[0.256s] [34mcolcon.colcon_core.package_identification[0m [1;30mLevel 1[0m _identify(install) by extension 'ignore'
[0.256s] [34mcolcon.colcon_core.package_identification[0m [1;30mLevel 1[0m _identify(install) ignored
[0.256s] [34mcolcon.colcon_core.package_identification[0m [1;30mLevel 1[0m _identify(log) by extensions ['ignore', 'ignore_ament_install']
[0.256s] [34mcolcon.colcon_core.package_identification[0m [1;30mLevel 1[0m _identify(log) by extension 'ignore'
[0.256s] [34mcolcon.colcon_core.package_identification[0m [1;30mLevel 1[0m _identify(log) ignored
[0.257s] [34mcolcon.colcon_core.package_identification[0m [1;30mLevel 1[0m _identify(src) by extensions ['ignore', 'ignore_ament_install']
[0.257s] [34mcolcon.colcon_core.package_identification[0m [1;30mLevel 1[0m _identify(src) by extension 'ignore'
[0.257s] [34mcolcon.colcon_core.package_identification[0m [1;30mLevel 1[0m _identify(src) by extension 'ignore_ament_install'
[0.257s] [34mcolcon.colcon_core.package_identification[0m [1;30mLevel 1[0m _identify(src) by extensions ['colcon_pkg']
[0.257s] [34mcolcon.colcon_core.package_identification[0m [1;30mLevel 1[0m _identify(src) by extension 'colcon_pkg'
[0.257s] [34mcolcon.colcon_core.package_identification[0m [1;30mLevel 1[0m _identify(src) by extensions ['colcon_meta']
[0.257s] [34mcolcon.colcon_core.package_identification[0m [1;30mLevel 1[0m _identify(src) by extension 'colcon_meta'
[0.257s] [34mcolcon.colcon_core.package_identification[0m [1;30mLevel 1[0m _identify(src) by extensions ['ros']
[0.257s] [34mcolcon.colcon_core.package_identification[0m [1;30mLevel 1[0m _identify(src) by extension 'ros'
[0.257s] [34mcolcon.colcon_core.package_identification[0m [1;30mLevel 1[0m _identify(src) by extensions ['cmake', 'python']
[0.257s] [34mcolcon.colcon_core.package_identification[0m [1;30mLevel 1[0m _identify(src) by extension 'cmake'
[0.257s] [34mcolcon.colcon_core.package_identification[0m [1;30mLevel 1[0m _identify(src) by extension 'python'
[0.257s] [34mcolcon.colcon_core.package_identification[0m [1;30mLevel 1[0m _identify(src) by extensions ['python_setup_py']
[0.257s] [34mcolcon.colcon_core.package_identification[0m [1;30mLevel 1[0m _identify(src) by extension 'python_setup_py'
[0.258s] [34mcolcon.colcon_core.package_identification[0m [1;30mLevel 1[0m _identify(src/brain) by extensions ['ignore', 'ignore_ament_install']
[0.258s] [34mcolcon.colcon_core.package_identification[0m [1;30mLevel 1[0m _identify(src/brain) by extension 'ignore'
[0.258s] [34mcolcon.colcon_core.package_identification[0m [1;30mLevel 1[0m _identify(src/brain) by extension 'ignore_ament_install'
[0.258s] [34mcolcon.colcon_core.package_identification[0m [1;30mLevel 1[0m _identify(src/brain) by extensions ['colcon_pkg']
[0.258s] [34mcolcon.colcon_core.package_identification[0m [1;30mLevel 1[0m _identify(src/brain) by extension 'colcon_pkg'
[0.258s] [34mcolcon.colcon_core.package_identification[0m [1;30mLevel 1[0m _identify(src/brain) by extensions ['colcon_meta']
[0.258s] [34mcolcon.colcon_core.package_identification[0m [1;30mLevel 1[0m _identify(src/brain) by extension 'colcon_meta'
[0.258s] [34mcolcon.colcon_core.package_identification[0m [1;30mLevel 1[0m _identify(src/brain) by extensions ['ros']
[0.258s] [34mcolcon.colcon_core.package_identification[0m [1;30mLevel 1[0m _identify(src/brain) by extension 'ros'
[0.261s] [34mcolcon.colcon_core.package_identification[0m [1;30mDEBUG[0m [32mPackage 'src/brain' with type 'ros.ament_python' and name 'brain'[0m
[0.261s] [34mcolcon.colcon_core.package_identification[0m [1;30mLevel 1[0m _identify(src/hands) by extensions ['ignore', 'ignore_ament_install']
[0.261s] [34mcolcon.colcon_core.package_identification[0m [1;30mLevel 1[0m _identify(src/hands) by extension 'ignore'
[0.261s] [34mcolcon.colcon_core.package_identification[0m [1;30mLevel 1[0m _identify(src/hands) by extension 'ignore_ament_install'
[0.262s] [34mcolcon.colcon_core.package_identification[0m [1;30mLevel 1[0m _identify(src/hands) by extensions ['colcon_pkg']
[0.262s] [34mcolcon.colcon_core.package_identification[0m [1;30mLevel 1[0m _identify(src/hands) by extension 'colcon_pkg'
[0.262s] [34mcolcon.colcon_core.package_identification[0m [1;30mLevel 1[0m _identify(src/hands) by extensions ['colcon_meta']
[0.262s] [34mcolcon.colcon_core.package_identification[0m [1;30mLevel 1[0m _identify(src/hands) by extension 'colcon_meta'
[0.262s] [34mcolcon.colcon_core.package_identification[0m [1;30mLevel 1[0m _identify(src/hands) by extensions ['ros']
[0.262s] [34mcolcon.colcon_core.package_identification[0m [1;30mLevel 1[0m _identify(src/hands) by extension 'ros'
[0.262s] [34mcolcon.colcon_core.package_identification[0m [1;30mDEBUG[0m [32mPackage 'src/hands' with type 'ros.ament_python' and name 'hands'[0m
[0.263s] [34mcolcon.colcon_core.package_identification[0m [1;30mLevel 1[0m _identify(src/head) by extensions ['ignore', 'ignore_ament_install']
[0.263s] [34mcolcon.colcon_core.package_identification[0m [1;30mLevel 1[0m _identify(src/head) by extension 'ignore'
[0.263s] [34mcolcon.colcon_core.package_identification[0m [1;30mLevel 1[0m _identify(src/head) by extension 'ignore_ament_install'
[0.263s] [34mcolcon.colcon_core.package_identification[0m [1;30mLevel 1[0m _identify(src/head) by extensions ['colcon_pkg']
[0.263s] [34mcolcon.colcon_core.package_identification[0m [1;30mLevel 1[0m _identify(src/head) by extension 'colcon_pkg'
[0.263s] [34mcolcon.colcon_core.package_identification[0m [1;30mLevel 1[0m _identify(src/head) by extensions ['colcon_meta']
[0.263s] [34mcolcon.colcon_core.package_identification[0m [1;30mLevel 1[0m _identify(src/head) by extension 'colcon_meta'
[0.263s] [34mcolcon.colcon_core.package_identification[0m [1;30mLevel 1[0m _identify(src/head) by extensions ['ros']
[0.263s] [34mcolcon.colcon_core.package_identification[0m [1;30mLevel 1[0m _identify(src/head) by extension 'ros'
[0.264s] [34mcolcon.colcon_core.package_identification[0m [1;30mDEBUG[0m [32mPackage 'src/head' with type 'ros.ament_python' and name 'head'[0m
[0.264s] [34mcolcon.colcon_core.package_identification[0m [1;30mLevel 1[0m _identify(src/hmi_node) by extensions ['ignore', 'ignore_ament_install']
[0.264s] [34mcolcon.colcon_core.package_identification[0m [1;30mLevel 1[0m _identify(src/hmi_node) by extension 'ignore'
[0.264s] [34mcolcon.colcon_core.package_identification[0m [1;30mLevel 1[0m _identify(src/hmi_node) by extension 'ignore_ament_install'
[0.264s] [34mcolcon.colcon_core.package_identification[0m [1;30mLevel 1[0m _identify(src/hmi_node) by extensions ['colcon_pkg']
[0.264s] [34mcolcon.colcon_core.package_identification[0m [1;30mLevel 1[0m _identify(src/hmi_node) by extension 'colcon_pkg'
[0.264s] [34mcolcon.colcon_core.package_identification[0m [1;30mLevel 1[0m _identify(src/hmi_node) by extensions ['colcon_meta']
[0.264s] [34mcolcon.colcon_core.package_identification[0m [1;30mLevel 1[0m _identify(src/hmi_node) by extension 'colcon_meta'
[0.264s] [34mcolcon.colcon_core.package_identification[0m [1;30mLevel 1[0m _identify(src/hmi_node) by extensions ['ros']
[0.265s] [34mcolcon.colcon_core.package_identification[0m [1;30mLevel 1[0m _identify(src/hmi_node) by extension 'ros'
[0.265s] [34mcolcon.colcon_core.package_identification[0m [1;30mDEBUG[0m [32mPackage 'src/hmi_node' with type 'ros.ament_python' and name 'hmi_node'[0m
[0.265s] [34mcolcon.colcon_core.package_identification[0m [1;30mLevel 1[0m _identify(src/legs) by extensions ['ignore', 'ignore_ament_install']
[0.265s] [34mcolcon.colcon_core.package_identification[0m [1;30mLevel 1[0m _identify(src/legs) by extension 'ignore'
[0.266s] [34mcolcon.colcon_core.package_identification[0m [1;30mLevel 1[0m _identify(src/legs) by extension 'ignore_ament_install'
[0.266s] [34mcolcon.colcon_core.package_identification[0m [1;30mLevel 1[0m _identify(src/legs) by extensions ['colcon_pkg']
[0.266s] [34mcolcon.colcon_core.package_identification[0m [1;30mLevel 1[0m _identify(src/legs) by extension 'colcon_pkg'
[0.266s] [34mcolcon.colcon_core.package_identification[0m [1;30mLevel 1[0m _identify(src/legs) by extensions ['colcon_meta']
[0.266s] [34mcolcon.colcon_core.package_identification[0m [1;30mLevel 1[0m _identify(src/legs) by extension 'colcon_meta'
[0.266s] [34mcolcon.colcon_core.package_identification[0m [1;30mLevel 1[0m _identify(src/legs) by extensions ['ros']
[0.266s] [34mcolcon.colcon_core.package_identification[0m [1;30mLevel 1[0m _identify(src/legs) by extension 'ros'
[0.267s] [34mcolcon.colcon_core.package_identification[0m [1;30mDEBUG[0m [32mPackage 'src/legs' with type 'ros.ament_python' and name 'legs'[0m
[0.267s] [34mcolcon.colcon_core.package_identification[0m [1;30mLevel 1[0m _identify(src/mouth) by extensions ['ignore', 'ignore_ament_install']
[0.267s] [34mcolcon.colcon_core.package_identification[0m [1;30mLevel 1[0m _identify(src/mouth) by extension 'ignore'
[0.267s] [34mcolcon.colcon_core.package_identification[0m [1;30mLevel 1[0m _identify(src/mouth) by extension 'ignore_ament_install'
[0.267s] [34mcolcon.colcon_core.package_identification[0m [1;30mLevel 1[0m _identify(src/mouth) by extensions ['colcon_pkg']
[0.267s] [34mcolcon.colcon_core.package_identification[0m [1;30mLevel 1[0m _identify(src/mouth) by extension 'colcon_pkg'
[0.267s] [34mcolcon.colcon_core.package_identification[0m [1;30mLevel 1[0m _identify(src/mouth) by extensions ['colcon_meta']
[0.267s] [34mcolcon.colcon_core.package_identification[0m [1;30mLevel 1[0m _identify(src/mouth) by extension 'colcon_meta'
[0.267s] [34mcolcon.colcon_core.package_identification[0m [1;30mLevel 1[0m _identify(src/mouth) by extensions ['ros']
[0.267s] [34mcolcon.colcon_core.package_identification[0m [1;30mLevel 1[0m _identify(src/mouth) by extension 'ros'
[0.268s] [34mcolcon.colcon_core.package_identification[0m [1;30mDEBUG[0m [32mPackage 'src/mouth' with type 'ros.ament_python' and name 'mouth'[0m
[0.268s] [34mcolcon.colcon_core.package_identification[0m [1;30mLevel 1[0m _identify(src/nano_manager_node) by extensions ['ignore', 'ignore_ament_install']
[0.268s] [34mcolcon.colcon_core.package_identification[0m [1;30mLevel 1[0m _identify(src/nano_manager_node) by extension 'ignore'
[0.268s] [34mcolcon.colcon_core.package_identification[0m [1;30mLevel 1[0m _identify(src/nano_manager_node) by extension 'ignore_ament_install'
[0.268s] [34mcolcon.colcon_core.package_identification[0m [1;30mLevel 1[0m _identify(src/nano_manager_node) by extensions ['colcon_pkg']
[0.269s] [34mcolcon.colcon_core.package_identification[0m [1;30mLevel 1[0m _identify(src/nano_manager_node) by extension 'colcon_pkg'
[0.269s] [34mcolcon.colcon_core.package_identification[0m [1;30mLevel 1[0m _identify(src/nano_manager_node) by extensions ['colcon_meta']
[0.269s] [34mcolcon.colcon_core.package_identification[0m [1;30mLevel 1[0m _identify(src/nano_manager_node) by extension 'colcon_meta'
[0.269s] [34mcolcon.colcon_core.package_identification[0m [1;30mLevel 1[0m _identify(src/nano_manager_node) by extensions ['ros']
[0.269s] [34mcolcon.colcon_core.package_identification[0m [1;30mLevel 1[0m _identify(src/nano_manager_node) by extension 'ros'
[0.269s] [34mcolcon.colcon_core.package_identification[0m [1;30mDEBUG[0m [32mPackage 'src/nano_manager_node' with type 'ros.ament_python' and name 'nano_manager_node'[0m
[0.269s] [34mcolcon.colcon_core.package_discovery[0m [1;30mLevel 1[0m discover_packages(recursive) using defaults
[0.269s] [34mcolcon.colcon_core.package_discovery[0m [1;30mLevel 1[0m discover_packages(ignore) discover
[0.269s] [34mcolcon.colcon_core.package_discovery[0m [1;30mLevel 1[0m discover_packages(ignore) using defaults
[0.270s] [34mcolcon.colcon_core.package_discovery[0m [1;30mLevel 1[0m discover_packages(path) discover
[0.270s] [34mcolcon.colcon_core.package_discovery[0m [1;30mLevel 1[0m discover_packages(path) using defaults
[0.292s] [34mcolcon.colcon_core.package_discovery[0m [1;30mLevel 1[0m discover_packages(prefix_path) check parameters
[0.292s] [34mcolcon.colcon_core.package_discovery[0m [1;30mLevel 1[0m discover_packages(prefix_path) discover
[0.294s] [34mcolcon.colcon_installed_package_information.package_discovery[0m [1;30mDEBUG[0m [32mFound 8 installed packages in /home/yantrigo/Dropbox/humanoid_site_1.0.0/software/firmware/rpi5/humanoid/install[0m
[0.297s] [34mcolcon.colcon_installed_package_information.package_discovery[0m [1;30mDEBUG[0m [32mFound 289 installed packages in /opt/ros/kilted[0m
[0.298s] [34mcolcon.colcon_core.package_discovery[0m [1;30mLevel 1[0m discover_packages(prefix_path) using defaults
[0.363s] [34mcolcon.colcon_core.verb[0m [1;30mLevel 5[0m set package 'brain' build argument 'cmake_args' from command line to 'None'
[0.363s] [34mcolcon.colcon_core.verb[0m [1;30mLevel 5[0m set package 'brain' build argument 'cmake_target' from command line to 'None'
[0.363s] [34mcolcon.colcon_core.verb[0m [1;30mLevel 5[0m set package 'brain' build argument 'cmake_target_skip_unavailable' from command line to 'False'
[0.364s] [34mcolcon.colcon_core.verb[0m [1;30mLevel 5[0m set package 'brain' build argument 'cmake_clean_cache' from command line to 'False'
[0.364s] [34mcolcon.colcon_core.verb[0m [1;30mLevel 5[0m set package 'brain' build argument 'cmake_clean_first' from command line to 'False'
[0.364s] [34mcolcon.colcon_core.verb[0m [1;30mLevel 5[0m set package 'brain' build argument 'cmake_force_configure' from command line to 'False'
[0.364s] [34mcolcon.colcon_core.verb[0m [1;30mLevel 5[0m set package 'brain' build argument 'ament_cmake_args' from command line to 'None'
[0.364s] [34mcolcon.colcon_core.verb[0m [1;30mLevel 5[0m set package 'brain' build argument 'catkin_cmake_args' from command line to 'None'
[0.364s] [34mcolcon.colcon_core.verb[0m [1;30mLevel 5[0m set package 'brain' build argument 'catkin_skip_building_tests' from command line to 'False'
[0.364s] [34mcolcon.colcon_core.verb[0m [1;30mDEBUG[0m [32mBuilding package 'brain' with the following arguments: {'ament_cmake_args': None, 'build_base': '/home/yantrigo/Dropbox/humanoid_site_1.0.0/software/firmware/rpi5/humanoid/build/brain', 'catkin_cmake_args': None, 'catkin_skip_building_tests': False, 'cmake_args': None, 'cmake_clean_cache': False, 'cmake_clean_first': False, 'cmake_force_configure': False, 'cmake_target': None, 'cmake_target_skip_unavailable': False, 'install_base': '/home/yantrigo/Dropbox/humanoid_site_1.0.0/software/firmware/rpi5/humanoid/install/brain', 'merge_install': False, 'path': '/home/yantrigo/Dropbox/humanoid_site_1.0.0/software/firmware/rpi5/humanoid/src/brain', 'symlink_install': False, 'test_result_base': None}[0m
[0.364s] [34mcolcon.colcon_core.verb[0m [1;30mLevel 5[0m set package 'hands' build argument 'cmake_args' from command line to 'None'
[0.364s] [34mcolcon.colcon_core.verb[0m [1;30mLevel 5[0m set package 'hands' build argument 'cmake_target' from command line to 'None'
[0.364s] [34mcolcon.colcon_core.verb[0m [1;30mLevel 5[0m set package 'hands' build argument 'cmake_target_skip_unavailable' from command line to 'False'
[0.364s] [34mcolcon.colcon_core.verb[0m [1;30mLevel 5[0m set package 'hands' build argument 'cmake_clean_cache' from command line to 'False'
[0.364s] [34mcolcon.colcon_core.verb[0m [1;30mLevel 5[0m set package 'hands' build argument 'cmake_clean_first' from command line to 'False'
[0.364s] [34mcolcon.colcon_core.verb[0m [1;30mLevel 5[0m set package 'hands' build argument 'cmake_force_configure' from command line to 'False'
[0.364s] [34mcolcon.colcon_core.verb[0m [1;30mLevel 5[0m set package 'hands' build argument 'ament_cmake_args' from command line to 'None'
[0.364s] [34mcolcon.colcon_core.verb[0m [1;30mLevel 5[0m set package 'hands' build argument 'catkin_cmake_args' from command line to 'None'
[0.365s] [34mcolcon.colcon_core.verb[0m [1;30mLevel 5[0m set package 'hands' build argument 'catkin_skip_building_tests' from command line to 'False'
[0.365s] [34mcolcon.colcon_core.verb[0m [1;30mDEBUG[0m [32mBuilding package 'hands' with the following arguments: {'ament_cmake_args': None, 'build_base': '/home/yantrigo/Dropbox/humanoid_site_1.0.0/software/firmware/rpi5/humanoid/build/hands', 'catkin_cmake_args': None, 'catkin_skip_building_tests': False, 'cmake_args': None, 'cmake_clean_cache': False, 'cmake_clean_first': False, 'cmake_force_configure': False, 'cmake_target': None, 'cmake_target_skip_unavailable': False, 'install_base': '/home/yantrigo/Dropbox/humanoid_site_1.0.0/software/firmware/rpi5/humanoid/install/hands', 'merge_install': False, 'path': '/home/yantrigo/Dropbox/humanoid_site_1.0.0/software/firmware/rpi5/humanoid/src/hands', 'symlink_install': False, 'test_result_base': None}[0m
[0.365s] [34mcolcon.colcon_core.verb[0m [1;30mLevel 5[0m set package 'head' build argument 'cmake_args' from command line to 'None'
[0.365s] [34mcolcon.colcon_core.verb[0m [1;30mLevel 5[0m set package 'head' build argument 'cmake_target' from command line to 'None'
[0.365s] [34mcolcon.colcon_core.verb[0m [1;30mLevel 5[0m set package 'head' build argument 'cmake_target_skip_unavailable' from command line to 'False'
[0.365s] [34mcolcon.colcon_core.verb[0m [1;30mLevel 5[0m set package 'head' build argument 'cmake_clean_cache' from command line to 'False'
[0.365s] [34mcolcon.colcon_core.verb[0m [1;30mLevel 5[0m set package 'head' build argument 'cmake_clean_first' from command line to 'False'
[0.365s] [34mcolcon.colcon_core.verb[0m [1;30mLevel 5[0m set package 'head' build argument 'cmake_force_configure' from command line to 'False'
[0.365s] [34mcolcon.colcon_core.verb[0m [1;30mLevel 5[0m set package 'head' build argument 'ament_cmake_args' from command line to 'None'
[0.365s] [34mcolcon.colcon_core.verb[0m [1;30mLevel 5[0m set package 'head' build argument 'catkin_cmake_args' from command line to 'None'
[0.365s] [34mcolcon.colcon_core.verb[0m [1;30mLevel 5[0m set package 'head' build argument 'catkin_skip_building_tests' from command line to 'False'
[0.365s] [34mcolcon.colcon_core.verb[0m [1;30mDEBUG[0m [32mBuilding package 'head' with the following arguments: {'ament_cmake_args': None, 'build_base': '/home/yantrigo/Dropbox/humanoid_site_1.0.0/software/firmware/rpi5/humanoid/build/head', 'catkin_cmake_args': None, 'catkin_skip_building_tests': False, 'cmake_args': None, 'cmake_clean_cache': False, 'cmake_clean_first': False, 'cmake_force_configure': False, 'cmake_target': None, 'cmake_target_skip_unavailable': False, 'install_base': '/home/yantrigo/Dropbox/humanoid_site_1.0.0/software/firmware/rpi5/humanoid/install/head', 'merge_install': False, 'path': '/home/yantrigo/Dropbox/humanoid_site_1.0.0/software/firmware/rpi5/humanoid/src/head', 'symlink_install': False, 'test_result_base': None}[0m
[0.366s] [34mcolcon.colcon_core.verb[0m [1;30mLevel 5[0m set package 'hmi_node' build argument 'cmake_args' from command line to 'None'
[0.366s] [34mcolcon.colcon_core.verb[0m [1;30mLevel 5[0m set package 'hmi_node' build argument 'cmake_target' from command line to 'None'
[0.366s] [34mcolcon.colcon_core.verb[0m [1;30mLevel 5[0m set package 'hmi_node' build argument 'cmake_target_skip_unavailable' from command line to 'False'
[0.366s] [34mcolcon.colcon_core.verb[0m [1;30mLevel 5[0m set package 'hmi_node' build argument 'cmake_clean_cache' from command line to 'False'
[0.366s] [34mcolcon.colcon_core.verb[0m [1;30mLevel 5[0m set package 'hmi_node' build argument 'cmake_clean_first' from command line to 'False'
[0.366s] [34mcolcon.colcon_core.verb[0m [1;30mLevel 5[0m set package 'hmi_node' build argument 'cmake_force_configure' from command line to 'False'
[0.366s] [34mcolcon.colcon_core.verb[0m [1;30mLevel 5[0m set package 'hmi_node' build argument 'ament_cmake_args' from command line to 'None'
[0.366s] [34mcolcon.colcon_core.verb[0m [1;30mLevel 5[0m set package 'hmi_node' build argument 'catkin_cmake_args' from command line to 'None'
[0.366s] [34mcolcon.colcon_core.verb[0m [1;30mLevel 5[0m set package 'hmi_node' build argument 'catkin_skip_building_tests' from command line to 'False'
[0.366s] [34mcolcon.colcon_core.verb[0m [1;30mDEBUG[0m [32mBuilding package 'hmi_node' with the following arguments: {'ament_cmake_args': None, 'build_base': '/home/yantrigo/Dropbox/humanoid_site_1.0.0/software/firmware/rpi5/humanoid/build/hmi_node', 'catkin_cmake_args': None, 'catkin_skip_building_tests': False, 'cmake_args': None, 'cmake_clean_cache': False, 'cmake_clean_first': False, 'cmake_force_configure': False, 'cmake_target': None, 'cmake_target_skip_unavailable': False, 'install_base': '/home/yantrigo/Dropbox/humanoid_site_1.0.0/software/firmware/rpi5/humanoid/install/hmi_node', 'merge_install': False, 'path': '/home/yantrigo/Dropbox/humanoid_site_1.0.0/software/firmware/rpi5/humanoid/src/hmi_node', 'symlink_install': False, 'test_result_base': None}[0m
[0.366s] [34mcolcon.colcon_core.verb[0m [1;30mLevel 5[0m set package 'legs' build argument 'cmake_args' from command line to 'None'
[0.366s] [34mcolcon.colcon_core.verb[0m [1;30mLevel 5[0m set package 'legs' build argument 'cmake_target' from command line to 'None'
[0.366s] [34mcolcon.colcon_core.verb[0m [1;30mLevel 5[0m set package 'legs' build argument 'cmake_target_skip_unavailable' from command line to 'False'
[0.367s] [34mcolcon.colcon_core.verb[0m [1;30mLevel 5[0m set package 'legs' build argument 'cmake_clean_cache' from command line to 'False'
[0.367s] [34mcolcon.colcon_core.verb[0m [1;30mLevel 5[0m set package 'legs' build argument 'cmake_clean_first' from command line to 'False'
[0.367s] [34mcolcon.colcon_core.verb[0m [1;30mLevel 5[0m set package 'legs' build argument 'cmake_force_configure' from command line to 'False'
[0.367s] [34mcolcon.colcon_core.verb[0m [1;30mLevel 5[0m set package 'legs' build argument 'ament_cmake_args' from command line to 'None'
[0.367s] [34mcolcon.colcon_core.verb[0m [1;30mLevel 5[0m set package 'legs' build argument 'catkin_cmake_args' from command line to 'None'
[0.367s] [34mcolcon.colcon_core.verb[0m [1;30mLevel 5[0m set package 'legs' build argument 'catkin_skip_building_tests' from command line to 'False'
[0.367s] [34mcolcon.colcon_core.verb[0m [1;30mDEBUG[0m [32mBuilding package 'legs' with the following arguments: {'ament_cmake_args': None, 'build_base': '/home/yantrigo/Dropbox/humanoid_site_1.0.0/software/firmware/rpi5/humanoid/build/legs', 'catkin_cmake_args': None, 'catkin_skip_building_tests': False, 'cmake_args': None, 'cmake_clean_cache': False, 'cmake_clean_first': False, 'cmake_force_configure': False, 'cmake_target': None, 'cmake_target_skip_unavailable': False, 'install_base': '/home/yantrigo/Dropbox/humanoid_site_1.0.0/software/firmware/rpi5/humanoid/install/legs', 'merge_install': False, 'path': '/home/yantrigo/Dropbox/humanoid_site_1.0.0/software/firmware/rpi5/humanoid/src/legs', 'symlink_install': False, 'test_result_base': None}[0m
[0.367s] [34mcolcon.colcon_core.verb[0m [1;30mLevel 5[0m set package 'mouth' build argument 'cmake_args' from command line to 'None'
[0.367s] [34mcolcon.colcon_core.verb[0m [1;30mLevel 5[0m set package 'mouth' build argument 'cmake_target' from command line to 'None'
[0.367s] [34mcolcon.colcon_core.verb[0m [1;30mLevel 5[0m set package 'mouth' build argument 'cmake_target_skip_unavailable' from command line to 'False'
[0.367s] [34mcolcon.colcon_core.verb[0m [1;30mLevel 5[0m set package 'mouth' build argument 'cmake_clean_cache' from command line to 'False'
[0.367s] [34mcolcon.colcon_core.verb[0m [1;30mLevel 5[0m set package 'mouth' build argument 'cmake_clean_first' from command line to 'False'
[0.367s] [34mcolcon.colcon_core.verb[0m [1;30mLevel 5[0m set package 'mouth' build argument 'cmake_force_configure' from command line to 'False'
[0.367s] [34mcolcon.colcon_core.verb[0m [1;30mLevel 5[0m set package 'mouth' build argument 'ament_cmake_args' from command line to 'None'
[0.367s] [34mcolcon.colcon_core.verb[0m [1;30mLevel 5[0m set package 'mouth' build argument 'catkin_cmake_args' from command line to 'None'
[0.367s] [34mcolcon.colcon_core.verb[0m [1;30mLevel 5[0m set package 'mouth' build argument 'catkin_skip_building_tests' from command line to 'False'
[0.367s] [34mcolcon.colcon_core.verb[0m [1;30mDEBUG[0m [32mBuilding package 'mouth' with the following arguments: {'ament_cmake_args': None, 'build_base': '/home/yantrigo/Dropbox/humanoid_site_1.0.0/software/firmware/rpi5/humanoid/build/mouth', 'catkin_cmake_args': None, 'catkin_skip_building_tests': False, 'cmake_args': None, 'cmake_clean_cache': False, 'cmake_clean_first': False, 'cmake_force_configure': False, 'cmake_target': None, 'cmake_target_skip_unavailable': False, 'install_base': '/home/yantrigo/Dropbox/humanoid_site_1.0.0/software/firmware/rpi5/humanoid/install/mouth', 'merge_install': False, 'path': '/home/yantrigo/Dropbox/humanoid_site_1.0.0/software/firmware/rpi5/humanoid/src/mouth', 'symlink_install': False, 'test_result_base': None}[0m
[0.368s] [34mcolcon.colcon_core.verb[0m [1;30mLevel 5[0m set package 'nano_manager_node' build argument 'cmake_args' from command line to 'None'
[0.368s] [34mcolcon.colcon_core.verb[0m [1;30mLevel 5[0m set package 'nano_manager_node' build argument 'cmake_target' from command line to 'None'
[0.368s] [34mcolcon.colcon_core.verb[0m [1;30mLevel 5[0m set package 'nano_manager_node' build argument 'cmake_target_skip_unavailable' from command line to 'False'
[0.368s] [34mcolcon.colcon_core.verb[0m [1;30mLevel 5[0m set package 'nano_manager_node' build argument 'cmake_clean_cache' from command line to 'False'
[0.368s] [34mcolcon.colcon_core.verb[0m [1;30mLevel 5[0m set package 'nano_manager_node' build argument 'cmake_clean_first' from command line to 'False'
[0.368s] [34mcolcon.colcon_core.verb[0m [1;30mLevel 5[0m set package 'nano_manager_node' build argument 'cmake_force_configure' from command line to 'False'
[0.368s] [34mcolcon.colcon_core.verb[0m [1;30mLevel 5[0m set package 'nano_manager_node' build argument 'ament_cmake_args' from command line to 'None'
[0.368s] [34mcolcon.colcon_core.verb[0m [1;30mLevel 5[0m set package 'nano_manager_node' build argument 'catkin_cmake_args' from command line to 'None'
[0.368s] [34mcolcon.colcon_core.verb[0m [1;30mLevel 5[0m set package 'nano_manager_node' build argument 'catkin_skip_building_tests' from command line to 'False'
[0.368s] [34mcolcon.colcon_core.verb[0m [1;30mDEBUG[0m [32mBuilding package 'nano_manager_node' with the following arguments: {'ament_cmake_args': None, 'build_base': '/home/yantrigo/Dropbox/humanoid_site_1.0.0/software/firmware/rpi5/humanoid/build/nano_manager_node', 'catkin_cmake_args': None, 'catkin_skip_building_tests': False, 'cmake_args': None, 'cmake_clean_cache': False, 'cmake_clean_first': False, 'cmake_force_configure': False, 'cmake_target': None, 'cmake_target_skip_unavailable': False, 'install_base': '/home/yantrigo/Dropbox/humanoid_site_1.0.0/software/firmware/rpi5/humanoid/install/nano_manager_node', 'merge_install': False, 'path': '/home/yantrigo/Dropbox/humanoid_site_1.0.0/software/firmware/rpi5/humanoid/src/nano_manager_node', 'symlink_install': False, 'test_result_base': None}[0m
[0.368s] [34mcolcon.colcon_core.executor[0m [1;30mINFO[0m Executing jobs using 'parallel' executor
[0.369s] [34mcolcon.colcon_parallel_executor.executor.parallel[0m [1;30mDEBUG[0m [32mrun_until_complete[0m
[0.370s] [34mcolcon.colcon_ros.task.ament_python.build[0m [1;30mINFO[0m Building ROS package in '/home/yantrigo/Dropbox/humanoid_site_1.0.0/software/firmware/rpi5/humanoid/src/brain' with build type 'ament_python'
[0.370s] [34mcolcon.colcon_core.shell[0m [1;30mLevel 1[0m create_environment_hook('brain', 'ament_prefix_path')
[0.377s] [34mcolcon.colcon_core.plugin_system[0m [1;30mINFO[0m Skipping extension 'colcon_core.shell.bat': Not used on non-Windows systems
[0.378s] [34mcolcon.colcon_core.shell[0m [1;30mINFO[0m Creating environment hook '/home/yantrigo/Dropbox/humanoid_site_1.0.0/software/firmware/rpi5/humanoid/install/brain/share/brain/hook/ament_prefix_path.ps1'
[0.379s] [34mcolcon.colcon_core.shell[0m [1;30mINFO[0m Creating environment descriptor '/home/yantrigo/Dropbox/humanoid_site_1.0.0/software/firmware/rpi5/humanoid/install/brain/share/brain/hook/ament_prefix_path.dsv'
[0.381s] [34mcolcon.colcon_core.shell[0m [1;30mINFO[0m Creating environment hook '/home/yantrigo/Dropbox/humanoid_site_1.0.0/software/firmware/rpi5/humanoid/install/brain/share/brain/hook/ament_prefix_path.sh'
[0.385s] [34mcolcon.colcon_core.shell[0m [1;30mINFO[0m Skip shell extension 'powershell' for command environment: Not usable outside of PowerShell
[0.385s] [34mcolcon.colcon_core.shell[0m [1;30mDEBUG[0m [32mSkip shell extension 'dsv' for command environment[0m
[0.392s] [34mcolcon.colcon_ros.task.ament_python.build[0m [1;30mINFO[0m Building ROS package in '/home/yantrigo/Dropbox/humanoid_site_1.0.0/software/firmware/rpi5/humanoid/src/hands' with build type 'ament_python'
[0.392s] [34mcolcon.colcon_core.shell[0m [1;30mLevel 1[0m create_environment_hook('hands', 'ament_prefix_path')
[0.392s] [34mcolcon.colcon_core.shell[0m [1;30mINFO[0m Creating environment hook '/home/yantrigo/Dropbox/humanoid_site_1.0.0/software/firmware/rpi5/humanoid/install/hands/share/hands/hook/ament_prefix_path.ps1'
[0.393s] [34mcolcon.colcon_core.shell[0m [1;30mINFO[0m Creating environment descriptor '/home/yantrigo/Dropbox/humanoid_site_1.0.0/software/firmware/rpi5/humanoid/install/hands/share/hands/hook/ament_prefix_path.dsv'
[0.394s] [34mcolcon.colcon_core.shell[0m [1;30mINFO[0m Creating environment hook '/home/yantrigo/Dropbox/humanoid_site_1.0.0/software/firmware/rpi5/humanoid/install/hands/share/hands/hook/ament_prefix_path.sh'
[0.394s] [34mcolcon.colcon_core.shell[0m [1;30mINFO[0m Skip shell extension 'powershell' for command environment: Not usable outside of PowerShell
[0.394s] [34mcolcon.colcon_core.shell[0m [1;30mDEBUG[0m [32mSkip shell extension 'dsv' for command environment[0m
[0.403s] [34mcolcon.colcon_ros.task.ament_python.build[0m [1;30mINFO[0m Building ROS package in '/home/yantrigo/Dropbox/humanoid_site_1.0.0/software/firmware/rpi5/humanoid/src/head' with build type 'ament_python'
[0.404s] [34mcolcon.colcon_core.shell[0m [1;30mLevel 1[0m create_environment_hook('head', 'ament_prefix_path')
[0.405s] [34mcolcon.colcon_core.shell[0m [1;30mINFO[0m Creating environment hook '/home/yantrigo/Dropbox/humanoid_site_1.0.0/software/firmware/rpi5/humanoid/install/head/share/head/hook/ament_prefix_path.ps1'
[0.406s] [34mcolcon.colcon_core.shell[0m [1;30mINFO[0m Creating environment descriptor '/home/yantrigo/Dropbox/humanoid_site_1.0.0/software/firmware/rpi5/humanoid/install/head/share/head/hook/ament_prefix_path.dsv'
[0.407s] [34mcolcon.colcon_core.shell[0m [1;30mINFO[0m Creating environment hook '/home/yantrigo/Dropbox/humanoid_site_1.0.0/software/firmware/rpi5/humanoid/install/head/share/head/hook/ament_prefix_path.sh'
[0.408s] [34mcolcon.colcon_core.shell[0m [1;30mINFO[0m Skip shell extension 'powershell' for command environment: Not usable outside of PowerShell
[0.408s] [34mcolcon.colcon_core.shell[0m [1;30mDEBUG[0m [32mSkip shell extension 'dsv' for command environment[0m
[0.414s] [34mcolcon.colcon_ros.task.ament_python.build[0m [1;30mINFO[0m Building ROS package in '/home/yantrigo/Dropbox/humanoid_site_1.0.0/software/firmware/rpi5/humanoid/src/hmi_node' with build type 'ament_python'
[0.415s] [34mcolcon.colcon_core.shell[0m [1;30mLevel 1[0m create_environment_hook('hmi_node', 'ament_prefix_path')
[0.415s] [34mcolcon.colcon_core.shell[0m [1;30mINFO[0m Creating environment hook '/home/yantrigo/Dropbox/humanoid_site_1.0.0/software/firmware/rpi5/humanoid/install/hmi_node/share/hmi_node/hook/ament_prefix_path.ps1'
[0.417s] [34mcolcon.colcon_core.shell[0m [1;30mINFO[0m Creating environment descriptor '/home/yantrigo/Dropbox/humanoid_site_1.0.0/software/firmware/rpi5/humanoid/install/hmi_node/share/hmi_node/hook/ament_prefix_path.dsv'
[0.420s] [34mcolcon.colcon_core.shell[0m [1;30mINFO[0m Creating environment hook '/home/yantrigo/Dropbox/humanoid_site_1.0.0/software/firmware/rpi5/humanoid/install/hmi_node/share/hmi_node/hook/ament_prefix_path.sh'
[0.422s] [34mcolcon.colcon_core.shell[0m [1;30mINFO[0m Skip shell extension 'powershell' for command environment: Not usable outside of PowerShell
[0.422s] [34mcolcon.colcon_core.shell[0m [1;30mDEBUG[0m [32mSkip shell extension 'dsv' for command environment[0m
[0.772s] [34mcolcon.colcon_core.task.python.build[0m [1;30mINFO[0m Building Python package in '/home/yantrigo/Dropbox/humanoid_site_1.0.0/software/firmware/rpi5/humanoid/src/brain'
[0.773s] [34mcolcon.colcon_core.shell[0m [1;30mINFO[0m Skip shell extension 'powershell' for command environment: Not usable outside of PowerShell
[0.774s] [34mcolcon.colcon_core.shell[0m [1;30mDEBUG[0m [32mSkip shell extension 'dsv' for command environment[0m
[1.120s] [34mcolcon.colcon_core.task.python.build[0m [1;30mINFO[0m Building Python package in '/home/yantrigo/Dropbox/humanoid_site_1.0.0/software/firmware/rpi5/humanoid/src/hands'
[1.121s] [34mcolcon.colcon_core.shell[0m [1;30mINFO[0m Skip shell extension 'powershell' for command environment: Not usable outside of PowerShell
[1.121s] [34mcolcon.colcon_core.shell[0m [1;30mDEBUG[0m [32mSkip shell extension 'dsv' for command environment[0m
[1.462s] [34mcolcon.colcon_core.task.python.build[0m [1;30mINFO[0m Building Python package in '/home/yantrigo/Dropbox/humanoid_site_1.0.0/software/firmware/rpi5/humanoid/src/head'
[1.463s] [34mcolcon.colcon_core.shell[0m [1;30mINFO[0m Skip shell extension 'powershell' for command environment: Not usable outside of PowerShell
[1.463s] [34mcolcon.colcon_core.shell[0m [1;30mDEBUG[0m [32mSkip shell extension 'dsv' for command environment[0m
[1.819s] [34mcolcon.colcon_core.task.python.build[0m [1;30mINFO[0m Building Python package in '/home/yantrigo/Dropbox/humanoid_site_1.0.0/software/firmware/rpi5/humanoid/src/hmi_node'
[1.820s] [34mcolcon.colcon_core.shell[0m [1;30mINFO[0m Skip shell extension 'powershell' for command environment: Not usable outside of PowerShell
[1.820s] [34mcolcon.colcon_core.shell[0m [1;30mDEBUG[0m [32mSkip shell extension 'dsv' for command environment[0m
[3.426s] [34mcolcon.colcon_core.event_handler.log_command[0m [1;30mDEBUG[0m [32mInvoking command in '/home/yantrigo/Dropbox/humanoid_site_1.0.0/software/firmware/rpi5/humanoid/src/brain': CONDA_PROMPT_MODIFIER=(venv) DEBUGINFOD_URLS=https://debuginfod.ubuntu.com PYTHONPATH=/home/yantrigo/Dropbox/humanoid_site_1.0.0/software/firmware/rpi5/humanoid/build/brain/prefix_override:/usr/lib/python3/dist-packages/colcon_core/task/python/colcon_distutils_commands:/home/yantrigo/Dropbox/humanoid_site_1.0.0/software/firmware/rpi5/humanoid/install/brain/lib/python3.12/site-packages:${PYTHONPATH} /usr/bin/python3 -W ignore:setup.py install is deprecated -W ignore:easy_install command is deprecated setup.py egg_info --egg-base ../../build/brain build --build-base /home/yantrigo/Dropbox/humanoid_site_1.0.0/software/firmware/rpi5/humanoid/build/brain/build install --record /home/yantrigo/Dropbox/humanoid_site_1.0.0/software/firmware/rpi5/humanoid/build/brain/install.log --single-version-externally-managed install_data[0m
[3.433s] [34mcolcon.colcon_core.event_handler.log_command[0m [1;30mDEBUG[0m [32mInvoking command in '/home/yantrigo/Dropbox/humanoid_site_1.0.0/software/firmware/rpi5/humanoid/src/head': CONDA_PROMPT_MODIFIER=(venv) DEBUGINFOD_URLS=https://debuginfod.ubuntu.com PYTHONPATH=/home/yantrigo/Dropbox/humanoid_site_1.0.0/software/firmware/rpi5/humanoid/build/head/prefix_override:/usr/lib/python3/dist-packages/colcon_core/task/python/colcon_distutils_commands:/home/yantrigo/Dropbox/humanoid_site_1.0.0/software/firmware/rpi5/humanoid/install/head/lib/python3.12/site-packages:${PYTHONPATH} /usr/bin/python3 -W ignore:setup.py install is deprecated -W ignore:easy_install command is deprecated setup.py egg_info --egg-base ../../build/head build --build-base /home/yantrigo/Dropbox/humanoid_site_1.0.0/software/firmware/rpi5/humanoid/build/head/build install --record /home/yantrigo/Dropbox/humanoid_site_1.0.0/software/firmware/rpi5/humanoid/build/head/install.log --single-version-externally-managed install_data[0m
[3.519s] [34mcolcon.colcon_core.event_handler.log_command[0m [1;30mDEBUG[0m [32mInvoking command in '/home/yantrigo/Dropbox/humanoid_site_1.0.0/software/firmware/rpi5/humanoid/src/hmi_node': CONDA_PROMPT_MODIFIER=(venv) DEBUGINFOD_URLS=https://debuginfod.ubuntu.com PYTHONPATH=/home/yantrigo/Dropbox/humanoid_site_1.0.0/software/firmware/rpi5/humanoid/build/hmi_node/prefix_override:/usr/lib/python3/dist-packages/colcon_core/task/python/colcon_distutils_commands:/home/yantrigo/Dropbox/humanoid_site_1.0.0/software/firmware/rpi5/humanoid/install/hmi_node/lib/python3.12/site-packages:${PYTHONPATH} /usr/bin/python3 -W ignore:setup.py install is deprecated -W ignore:easy_install command is deprecated setup.py egg_info --egg-base ../../build/hmi_node build --build-base /home/yantrigo/Dropbox/humanoid_site_1.0.0/software/firmware/rpi5/humanoid/build/hmi_node/build install --record /home/yantrigo/Dropbox/humanoid_site_1.0.0/software/firmware/rpi5/humanoid/build/hmi_node/install.log --single-version-externally-managed install_data[0m
[3.553s] [34mcolcon.colcon_core.event_handler.log_command[0m [1;30mDEBUG[0m [32mInvoking command in '/home/yantrigo/Dropbox/humanoid_site_1.0.0/software/firmware/rpi5/humanoid/src/hands': CONDA_PROMPT_MODIFIER=(venv) DEBUGINFOD_URLS=https://debuginfod.ubuntu.com PYTHONPATH=/home/yantrigo/Dropbox/humanoid_site_1.0.0/software/firmware/rpi5/humanoid/build/hands/prefix_override:/usr/lib/python3/dist-packages/colcon_core/task/python/colcon_distutils_commands:/home/yantrigo/Dropbox/humanoid_site_1.0.0/software/firmware/rpi5/humanoid/install/hands/lib/python3.12/site-packages:${PYTHONPATH} /usr/bin/python3 -W ignore:setup.py install is deprecated -W ignore:easy_install command is deprecated setup.py egg_info --egg-base ../../build/hands build --build-base /home/yantrigo/Dropbox/humanoid_site_1.0.0/software/firmware/rpi5/humanoid/build/hands/build install --record /home/yantrigo/Dropbox/humanoid_site_1.0.0/software/firmware/rpi5/humanoid/build/hands/install.log --single-version-externally-managed install_data[0m
[4.957s] [34mcolcon.colcon_core.event_handler.log_command[0m [1;30mDEBUG[0m [32mInvoked command in '/home/yantrigo/Dropbox/humanoid_site_1.0.0/software/firmware/rpi5/humanoid/src/brain' returned '0': CONDA_PROMPT_MODIFIER=(venv) DEBUGINFOD_URLS=https://debuginfod.ubuntu.com PYTHONPATH=/home/yantrigo/Dropbox/humanoid_site_1.0.0/software/firmware/rpi5/humanoid/build/brain/prefix_override:/usr/lib/python3/dist-packages/colcon_core/task/python/colcon_distutils_commands:/home/yantrigo/Dropbox/humanoid_site_1.0.0/software/firmware/rpi5/humanoid/install/brain/lib/python3.12/site-packages:${PYTHONPATH} /usr/bin/python3 -W ignore:setup.py install is deprecated -W ignore:easy_install command is deprecated setup.py egg_info --egg-base ../../build/brain build --build-base /home/yantrigo/Dropbox/humanoid_site_1.0.0/software/firmware/rpi5/humanoid/build/brain/build install --record /home/yantrigo/Dropbox/humanoid_site_1.0.0/software/firmware/rpi5/humanoid/build/brain/install.log --single-version-externally-managed install_data[0m
[4.963s] [34mcolcon.colcon_core.environment[0m [1;30mLevel 1[0m checking '/home/yantrigo/Dropbox/humanoid_site_1.0.0/software/firmware/rpi5/humanoid/install/brain' for CMake module files
[4.964s] [34mcolcon.colcon_core.environment[0m [1;30mLevel 1[0m checking '/home/yantrigo/Dropbox/humanoid_site_1.0.0/software/firmware/rpi5/humanoid/install/brain' for CMake config files
[4.966s] [34mcolcon.colcon_core.environment[0m [1;30mLevel 1[0m checking '/home/yantrigo/Dropbox/humanoid_site_1.0.0/software/firmware/rpi5/humanoid/install/brain/lib'
[4.966s] [34mcolcon.colcon_core.environment[0m [1;30mLevel 1[0m checking '/home/yantrigo/Dropbox/humanoid_site_1.0.0/software/firmware/rpi5/humanoid/install/brain/bin'
[4.966s] [34mcolcon.colcon_core.environment[0m [1;30mLevel 1[0m checking '/home/yantrigo/Dropbox/humanoid_site_1.0.0/software/firmware/rpi5/humanoid/install/brain/lib/pkgconfig/brain.pc'
[4.967s] [34mcolcon.colcon_core.environment[0m [1;30mLevel 1[0m checking '/home/yantrigo/Dropbox/humanoid_site_1.0.0/software/firmware/rpi5/humanoid/install/brain/lib/python3.12/site-packages'
[4.967s] [34mcolcon.colcon_core.shell[0m [1;30mLevel 1[0m create_environment_hook('brain', 'pythonpath')
[4.968s] [34mcolcon.colcon_core.shell[0m [1;30mINFO[0m Creating environment hook '/home/yantrigo/Dropbox/humanoid_site_1.0.0/software/firmware/rpi5/humanoid/install/brain/share/brain/hook/pythonpath.ps1'
[4.969s] [34mcolcon.colcon_core.shell[0m [1;30mINFO[0m Creating environment descriptor '/home/yantrigo/Dropbox/humanoid_site_1.0.0/software/firmware/rpi5/humanoid/install/brain/share/brain/hook/pythonpath.dsv'
[4.969s] [34mcolcon.colcon_core.shell[0m [1;30mINFO[0m Creating environment hook '/home/yantrigo/Dropbox/humanoid_site_1.0.0/software/firmware/rpi5/humanoid/install/brain/share/brain/hook/pythonpath.sh'
[4.971s] [34mcolcon.colcon_core.environment[0m [1;30mLevel 1[0m checking '/home/yantrigo/Dropbox/humanoid_site_1.0.0/software/firmware/rpi5/humanoid/install/brain/bin'
[4.971s] [34mcolcon.colcon_core.environment[0m [1;30mLevel 1[0m create_environment_scripts_only(brain)
[4.972s] [34mcolcon.colcon_core.shell[0m [1;30mINFO[0m Creating package script '/home/yantrigo/Dropbox/humanoid_site_1.0.0/software/firmware/rpi5/humanoid/install/brain/share/brain/package.ps1'
[4.974s] [34mcolcon.colcon_core.shell[0m [1;30mINFO[0m Creating package descriptor '/home/yantrigo/Dropbox/humanoid_site_1.0.0/software/firmware/rpi5/humanoid/install/brain/share/brain/package.dsv'
[4.976s] [34mcolcon.colcon_core.shell[0m [1;30mINFO[0m Creating package script '/home/yantrigo/Dropbox/humanoid_site_1.0.0/software/firmware/rpi5/humanoid/install/brain/share/brain/package.sh'
[4.977s] [34mcolcon.colcon_core.shell[0m [1;30mINFO[0m Creating package script '/home/yantrigo/Dropbox/humanoid_site_1.0.0/software/firmware/rpi5/humanoid/install/brain/share/brain/package.bash'
[4.979s] [34mcolcon.colcon_core.shell[0m [1;30mINFO[0m Creating package script '/home/yantrigo/Dropbox/humanoid_site_1.0.0/software/firmware/rpi5/humanoid/install/brain/share/brain/package.zsh'
[4.983s] [34mcolcon.colcon_core.environment[0m [1;30mLevel 1[0m create_file_with_runtime_dependencies(/home/yantrigo/Dropbox/humanoid_site_1.0.0/software/firmware/rpi5/humanoid/install/brain/share/colcon-core/packages/brain)
[4.984s] [34mcolcon.colcon_ros.task.ament_python.build[0m [1;30mINFO[0m Building ROS package in '/home/yantrigo/Dropbox/humanoid_site_1.0.0/software/firmware/rpi5/humanoid/src/legs' with build type 'ament_python'
[4.987s] [34mcolcon.colcon_core.shell[0m [1;30mLevel 1[0m create_environment_hook('legs', 'ament_prefix_path')
[4.987s] [34mcolcon.colcon_core.shell[0m [1;30mINFO[0m Creating environment hook '/home/yantrigo/Dropbox/humanoid_site_1.0.0/software/firmware/rpi5/humanoid/install/legs/share/legs/hook/ament_prefix_path.ps1'
[4.995s] [34mcolcon.colcon_core.shell[0m [1;30mINFO[0m Creating environment descriptor '/home/yantrigo/Dropbox/humanoid_site_1.0.0/software/firmware/rpi5/humanoid/install/legs/share/legs/hook/ament_prefix_path.dsv'
[4.999s] [34mcolcon.colcon_core.shell[0m [1;30mINFO[0m Creating environment hook '/home/yantrigo/Dropbox/humanoid_site_1.0.0/software/firmware/rpi5/humanoid/install/legs/share/legs/hook/ament_prefix_path.sh'
[5.006s] [34mcolcon.colcon_core.shell[0m [1;30mINFO[0m Skip shell extension 'powershell' for command environment: Not usable outside of PowerShell
[5.008s] [34mcolcon.colcon_core.shell[0m [1;30mDEBUG[0m [32mSkip shell extension 'dsv' for command environment[0m
[5.435s] [34mcolcon.colcon_core.task.python.build[0m [1;30mINFO[0m Building Python package in '/home/yantrigo/Dropbox/humanoid_site_1.0.0/software/firmware/rpi5/humanoid/src/legs'
[5.436s] [34mcolcon.colcon_core.shell[0m [1;30mINFO[0m Skip shell extension 'powershell' for command environment: Not usable outside of PowerShell
[5.436s] [34mcolcon.colcon_core.shell[0m [1;30mDEBUG[0m [32mSkip shell extension 'dsv' for command environment[0m
[5.446s] [34mcolcon.colcon_core.environment[0m [1;30mLevel 1[0m checking '/home/yantrigo/Dropbox/humanoid_site_1.0.0/software/firmware/rpi5/humanoid/install/head' for CMake module files
[5.447s] [34mcolcon.colcon_core.event_handler.log_command[0m [1;30mDEBUG[0m [32mInvoked command in '/home/yantrigo/Dropbox/humanoid_site_1.0.0/software/firmware/rpi5/humanoid/src/head' returned '0': CONDA_PROMPT_MODIFIER=(venv) DEBUGINFOD_URLS=https://debuginfod.ubuntu.com PYTHONPATH=/home/yantrigo/Dropbox/humanoid_site_1.0.0/software/firmware/rpi5/humanoid/build/head/prefix_override:/usr/lib/python3/dist-packages/colcon_core/task/python/colcon_distutils_commands:/home/yantrigo/Dropbox/humanoid_site_1.0.0/software/firmware/rpi5/humanoid/install/head/lib/python3.12/site-packages:${PYTHONPATH} /usr/bin/python3 -W ignore:setup.py install is deprecated -W ignore:easy_install command is deprecated setup.py egg_info --egg-base ../../build/head build --build-base /home/yantrigo/Dropbox/humanoid_site_1.0.0/software/firmware/rpi5/humanoid/build/head/build install --record /home/yantrigo/Dropbox/humanoid_site_1.0.0/software/firmware/rpi5/humanoid/build/head/install.log --single-version-externally-managed install_data[0m
[5.448s] [34mcolcon.colcon_core.environment[0m [1;30mLevel 1[0m checking '/home/yantrigo/Dropbox/humanoid_site_1.0.0/software/firmware/rpi5/humanoid/install/head' for CMake config files
[5.449s] [34mcolcon.colcon_core.environment[0m [1;30mLevel 1[0m checking '/home/yantrigo/Dropbox/humanoid_site_1.0.0/software/firmware/rpi5/humanoid/install/head/lib'
[5.449s] [34mcolcon.colcon_core.environment[0m [1;30mLevel 1[0m checking '/home/yantrigo/Dropbox/humanoid_site_1.0.0/software/firmware/rpi5/humanoid/install/head/bin'
[5.449s] [34mcolcon.colcon_core.environment[0m [1;30mLevel 1[0m checking '/home/yantrigo/Dropbox/humanoid_site_1.0.0/software/firmware/rpi5/humanoid/install/head/lib/pkgconfig/head.pc'
[5.449s] [34mcolcon.colcon_core.environment[0m [1;30mLevel 1[0m checking '/home/yantrigo/Dropbox/humanoid_site_1.0.0/software/firmware/rpi5/humanoid/install/head/lib/python3.12/site-packages'
[5.449s] [34mcolcon.colcon_core.shell[0m [1;30mLevel 1[0m create_environment_hook('head', 'pythonpath')
[5.450s] [34mcolcon.colcon_core.shell[0m [1;30mINFO[0m Creating environment hook '/home/yantrigo/Dropbox/humanoid_site_1.0.0/software/firmware/rpi5/humanoid/install/head/share/head/hook/pythonpath.ps1'
[5.450s] [34mcolcon.colcon_core.shell[0m [1;30mINFO[0m Creating environment descriptor '/home/yantrigo/Dropbox/humanoid_site_1.0.0/software/firmware/rpi5/humanoid/install/head/share/head/hook/pythonpath.dsv'
[5.451s] [34mcolcon.colcon_core.shell[0m [1;30mINFO[0m Creating environment hook '/home/yantrigo/Dropbox/humanoid_site_1.0.0/software/firmware/rpi5/humanoid/install/head/share/head/hook/pythonpath.sh'
[5.452s] [34mcolcon.colcon_core.environment[0m [1;30mLevel 1[0m checking '/home/yantrigo/Dropbox/humanoid_site_1.0.0/software/firmware/rpi5/humanoid/install/head/bin'
[5.452s] [34mcolcon.colcon_core.environment[0m [1;30mLevel 1[0m create_environment_scripts_only(head)
[5.452s] [34mcolcon.colcon_core.shell[0m [1;30mINFO[0m Creating package script '/home/yantrigo/Dropbox/humanoid_site_1.0.0/software/firmware/rpi5/humanoid/install/head/share/head/package.ps1'
[5.453s] [34mcolcon.colcon_core.shell[0m [1;30mINFO[0m Creating package descriptor '/home/yantrigo/Dropbox/humanoid_site_1.0.0/software/firmware/rpi5/humanoid/install/head/share/head/package.dsv'
[5.454s] [34mcolcon.colcon_core.shell[0m [1;30mINFO[0m Creating package script '/home/yantrigo/Dropbox/humanoid_site_1.0.0/software/firmware/rpi5/humanoid/install/head/share/head/package.sh'
[5.455s] [34mcolcon.colcon_core.shell[0m [1;30mINFO[0m Creating package script '/home/yantrigo/Dropbox/humanoid_site_1.0.0/software/firmware/rpi5/humanoid/install/head/share/head/package.bash'
[5.455s] [34mcolcon.colcon_core.shell[0m [1;30mINFO[0m Creating package script '/home/yantrigo/Dropbox/humanoid_site_1.0.0/software/firmware/rpi5/humanoid/install/head/share/head/package.zsh'
[5.456s] [34mcolcon.colcon_core.environment[0m [1;30mLevel 1[0m create_file_with_runtime_dependencies(/home/yantrigo/Dropbox/humanoid_site_1.0.0/software/firmware/rpi5/humanoid/install/head/share/colcon-core/packages/head)
[5.457s] [34mcolcon.colcon_core.environment[0m [1;30mLevel 1[0m checking '/home/yantrigo/Dropbox/humanoid_site_1.0.0/software/firmware/rpi5/humanoid/install/hands' for CMake module files
[5.460s] [34mcolcon.colcon_core.environment[0m [1;30mLevel 1[0m checking '/home/yantrigo/Dropbox/humanoid_site_1.0.0/software/firmware/rpi5/humanoid/install/hands' for CMake config files
[5.462s] [34mcolcon.colcon_core.event_handler.log_command[0m [1;30mDEBUG[0m [32mInvoked command in '/home/yantrigo/Dropbox/humanoid_site_1.0.0/software/firmware/rpi5/humanoid/src/hands' returned '0': CONDA_PROMPT_MODIFIER=(venv) DEBUGINFOD_URLS=https://debuginfod.ubuntu.com PYTHONPATH=/home/yantrigo/Dropbox/humanoid_site_1.0.0/software/firmware/rpi5/humanoid/build/hands/prefix_override:/usr/lib/python3/dist-packages/colcon_core/task/python/colcon_distutils_commands:/home/yantrigo/Dropbox/humanoid_site_1.0.0/software/firmware/rpi5/humanoid/install/hands/lib/python3.12/site-packages:${PYTHONPATH} /usr/bin/python3 -W ignore:setup.py install is deprecated -W ignore:easy_install command is deprecated setup.py egg_info --egg-base ../../build/hands build --build-base /home/yantrigo/Dropbox/humanoid_site_1.0.0/software/firmware/rpi5/humanoid/build/hands/build install --record /home/yantrigo/Dropbox/humanoid_site_1.0.0/software/firmware/rpi5/humanoid/build/hands/install.log --single-version-externally-managed install_data[0m
[5.464s] [34mcolcon.colcon_core.environment[0m [1;30mLevel 1[0m checking '/home/yantrigo/Dropbox/humanoid_site_1.0.0/software/firmware/rpi5/humanoid/install/hands/lib'
[5.464s] [34mcolcon.colcon_core.environment[0m [1;30mLevel 1[0m checking '/home/yantrigo/Dropbox/humanoid_site_1.0.0/software/firmware/rpi5/humanoid/install/hands/bin'
[5.464s] [34mcolcon.colcon_core.environment[0m [1;30mLevel 1[0m checking '/home/yantrigo/Dropbox/humanoid_site_1.0.0/software/firmware/rpi5/humanoid/install/hands/lib/pkgconfig/hands.pc'
[5.465s] [34mcolcon.colcon_core.environment[0m [1;30mLevel 1[0m checking '/home/yantrigo/Dropbox/humanoid_site_1.0.0/software/firmware/rpi5/humanoid/install/hands/lib/python3.12/site-packages'
[5.465s] [34mcolcon.colcon_core.shell[0m [1;30mLevel 1[0m create_environment_hook('hands', 'pythonpath')
[5.466s] [34mcolcon.colcon_core.shell[0m [1;30mINFO[0m Creating environment hook '/home/yantrigo/Dropbox/humanoid_site_1.0.0/software/firmware/rpi5/humanoid/install/hands/share/hands/hook/pythonpath.ps1'
[5.468s] [34mcolcon.colcon_core.shell[0m [1;30mINFO[0m Creating environment descriptor '/home/yantrigo/Dropbox/humanoid_site_1.0.0/software/firmware/rpi5/humanoid/install/hands/share/hands/hook/pythonpath.dsv'
[5.469s] [34mcolcon.colcon_core.shell[0m [1;30mINFO[0m Creating environment hook '/home/yantrigo/Dropbox/humanoid_site_1.0.0/software/firmware/rpi5/humanoid/install/hands/share/hands/hook/pythonpath.sh'
[5.470s] [34mcolcon.colcon_core.environment[0m [1;30mLevel 1[0m checking '/home/yantrigo/Dropbox/humanoid_site_1.0.0/software/firmware/rpi5/humanoid/install/hands/bin'
[5.470s] [34mcolcon.colcon_core.environment[0m [1;30mLevel 1[0m create_environment_scripts_only(hands)
[5.471s] [34mcolcon.colcon_core.shell[0m [1;30mINFO[0m Creating package script '/home/yantrigo/Dropbox/humanoid_site_1.0.0/software/firmware/rpi5/humanoid/install/hands/share/hands/package.ps1'
[5.472s] [34mcolcon.colcon_core.shell[0m [1;30mINFO[0m Creating package descriptor '/home/yantrigo/Dropbox/humanoid_site_1.0.0/software/firmware/rpi5/humanoid/install/hands/share/hands/package.dsv'
[5.473s] [34mcolcon.colcon_core.shell[0m [1;30mINFO[0m Creating package script '/home/yantrigo/Dropbox/humanoid_site_1.0.0/software/firmware/rpi5/humanoid/install/hands/share/hands/package.sh'
[5.474s] [34mcolcon.colcon_core.shell[0m [1;30mINFO[0m Creating package script '/home/yantrigo/Dropbox/humanoid_site_1.0.0/software/firmware/rpi5/humanoid/install/hands/share/hands/package.bash'
[5.475s] [34mcolcon.colcon_core.shell[0m [1;30mINFO[0m Creating package script '/home/yantrigo/Dropbox/humanoid_site_1.0.0/software/firmware/rpi5/humanoid/install/hands/share/hands/package.zsh'
[5.476s] [34mcolcon.colcon_core.environment[0m [1;30mLevel 1[0m create_file_with_runtime_dependencies(/home/yantrigo/Dropbox/humanoid_site_1.0.0/software/firmware/rpi5/humanoid/install/hands/share/colcon-core/packages/hands)
[5.478s] [34mcolcon.colcon_ros.task.ament_python.build[0m [1;30mINFO[0m Building ROS package in '/home/yantrigo/Dropbox/humanoid_site_1.0.0/software/firmware/rpi5/humanoid/src/mouth' with build type 'ament_python'
[5.478s] [34mcolcon.colcon_core.shell[0m [1;30mLevel 1[0m create_environment_hook('mouth', 'ament_prefix_path')
[5.479s] [34mcolcon.colcon_core.shell[0m [1;30mINFO[0m Creating environment hook '/home/yantrigo/Dropbox/humanoid_site_1.0.0/software/firmware/rpi5/humanoid/install/mouth/share/mouth/hook/ament_prefix_path.ps1'
[5.480s] [34mcolcon.colcon_core.shell[0m [1;30mINFO[0m Creating environment descriptor '/home/yantrigo/Dropbox/humanoid_site_1.0.0/software/firmware/rpi5/humanoid/install/mouth/share/mouth/hook/ament_prefix_path.dsv'
[5.481s] [34mcolcon.colcon_core.shell[0m [1;30mINFO[0m Creating environment hook '/home/yantrigo/Dropbox/humanoid_site_1.0.0/software/firmware/rpi5/humanoid/install/mouth/share/mouth/hook/ament_prefix_path.sh'
[5.482s] [34mcolcon.colcon_core.shell[0m [1;30mINFO[0m Skip shell extension 'powershell' for command environment: Not usable outside of PowerShell
[5.483s] [34mcolcon.colcon_core.shell[0m [1;30mDEBUG[0m [32mSkip shell extension 'dsv' for command environment[0m
[5.498s] [34mcolcon.colcon_ros.task.ament_python.build[0m [1;30mINFO[0m Building ROS package in '/home/yantrigo/Dropbox/humanoid_site_1.0.0/software/firmware/rpi5/humanoid/src/nano_manager_node' with build type 'ament_python'
[5.498s] [34mcolcon.colcon_core.shell[0m [1;30mLevel 1[0m create_environment_hook('nano_manager_node', 'ament_prefix_path')
[5.499s] [34mcolcon.colcon_core.shell[0m [1;30mINFO[0m Creating environment hook '/home/yantrigo/Dropbox/humanoid_site_1.0.0/software/firmware/rpi5/humanoid/install/nano_manager_node/share/nano_manager_node/hook/ament_prefix_path.ps1'
[5.501s] [34mcolcon.colcon_core.shell[0m [1;30mINFO[0m Creating environment descriptor '/home/yantrigo/Dropbox/humanoid_site_1.0.0/software/firmware/rpi5/humanoid/install/nano_manager_node/share/nano_manager_node/hook/ament_prefix_path.dsv'
[5.502s] [34mcolcon.colcon_core.shell[0m [1;30mINFO[0m Creating environment hook '/home/yantrigo/Dropbox/humanoid_site_1.0.0/software/firmware/rpi5/humanoid/install/nano_manager_node/share/nano_manager_node/hook/ament_prefix_path.sh'
[5.503s] [34mcolcon.colcon_core.shell[0m [1;30mINFO[0m Skip shell extension 'powershell' for command environment: Not usable outside of PowerShell
[5.503s] [34mcolcon.colcon_core.shell[0m [1;30mDEBUG[0m [32mSkip shell extension 'dsv' for command environment[0m
[5.512s] [34mcolcon.colcon_core.environment[0m [1;30mLevel 1[0m checking '/home/yantrigo/Dropbox/humanoid_site_1.0.0/software/firmware/rpi5/humanoid/install/hmi_node' for CMake module files
[5.513s] [34mcolcon.colcon_core.event_handler.log_command[0m [1;30mDEBUG[0m [32mInvoked command in '/home/yantrigo/Dropbox/humanoid_site_1.0.0/software/firmware/rpi5/humanoid/src/hmi_node' returned '0': CONDA_PROMPT_MODIFIER=(venv) DEBUGINFOD_URLS=https://debuginfod.ubuntu.com PYTHONPATH=/home/yantrigo/Dropbox/humanoid_site_1.0.0/software/firmware/rpi5/humanoid/build/hmi_node/prefix_override:/usr/lib/python3/dist-packages/colcon_core/task/python/colcon_distutils_commands:/home/yantrigo/Dropbox/humanoid_site_1.0.0/software/firmware/rpi5/humanoid/install/hmi_node/lib/python3.12/site-packages:${PYTHONPATH} /usr/bin/python3 -W ignore:setup.py install is deprecated -W ignore:easy_install command is deprecated setup.py egg_info --egg-base ../../build/hmi_node build --build-base /home/yantrigo/Dropbox/humanoid_site_1.0.0/software/firmware/rpi5/humanoid/build/hmi_node/build install --record /home/yantrigo/Dropbox/humanoid_site_1.0.0/software/firmware/rpi5/humanoid/build/hmi_node/install.log --single-version-externally-managed install_data[0m
[5.514s] [34mcolcon.colcon_core.environment[0m [1;30mLevel 1[0m checking '/home/yantrigo/Dropbox/humanoid_site_1.0.0/software/firmware/rpi5/humanoid/install/hmi_node' for CMake config files
[5.514s] [34mcolcon.colcon_core.environment[0m [1;30mLevel 1[0m checking '/home/yantrigo/Dropbox/humanoid_site_1.0.0/software/firmware/rpi5/humanoid/install/hmi_node/lib'
[5.514s] [34mcolcon.colcon_core.environment[0m [1;30mLevel 1[0m checking '/home/yantrigo/Dropbox/humanoid_site_1.0.0/software/firmware/rpi5/humanoid/install/hmi_node/bin'
[5.515s] [34mcolcon.colcon_core.environment[0m [1;30mLevel 1[0m checking '/home/yantrigo/Dropbox/humanoid_site_1.0.0/software/firmware/rpi5/humanoid/install/hmi_node/lib/pkgconfig/hmi_node.pc'
[5.515s] [34mcolcon.colcon_core.environment[0m [1;30mLevel 1[0m checking '/home/yantrigo/Dropbox/humanoid_site_1.0.0/software/firmware/rpi5/humanoid/install/hmi_node/lib/python3.12/site-packages'
[5.515s] [34mcolcon.colcon_core.shell[0m [1;30mLevel 1[0m create_environment_hook('hmi_node', 'pythonpath')
[5.516s] [34mcolcon.colcon_core.shell[0m [1;30mINFO[0m Creating environment hook '/home/yantrigo/Dropbox/humanoid_site_1.0.0/software/firmware/rpi5/humanoid/install/hmi_node/share/hmi_node/hook/pythonpath.ps1'
[5.517s] [34mcolcon.colcon_core.shell[0m [1;30mINFO[0m Creating environment descriptor '/home/yantrigo/Dropbox/humanoid_site_1.0.0/software/firmware/rpi5/humanoid/install/hmi_node/share/hmi_node/hook/pythonpath.dsv'
[5.520s] [34mcolcon.colcon_core.shell[0m [1;30mINFO[0m Creating environment hook '/home/yantrigo/Dropbox/humanoid_site_1.0.0/software/firmware/rpi5/humanoid/install/hmi_node/share/hmi_node/hook/pythonpath.sh'
[5.522s] [34mcolcon.colcon_core.environment[0m [1;30mLevel 1[0m checking '/home/yantrigo/Dropbox/humanoid_site_1.0.0/software/firmware/rpi5/humanoid/install/hmi_node/bin'
[5.522s] [34mcolcon.colcon_core.environment[0m [1;30mLevel 1[0m create_environment_scripts_only(hmi_node)
[5.523s] [34mcolcon.colcon_core.shell[0m [1;30mINFO[0m Creating package script '/home/yantrigo/Dropbox/humanoid_site_1.0.0/software/firmware/rpi5/humanoid/install/hmi_node/share/hmi_node/package.ps1'
[5.523s] [34mcolcon.colcon_core.shell[0m [1;30mINFO[0m Creating package descriptor '/home/yantrigo/Dropbox/humanoid_site_1.0.0/software/firmware/rpi5/humanoid/install/hmi_node/share/hmi_node/package.dsv'
[5.525s] [34mcolcon.colcon_core.shell[0m [1;30mINFO[0m Creating package script '/home/yantrigo/Dropbox/humanoid_site_1.0.0/software/firmware/rpi5/humanoid/install/hmi_node/share/hmi_node/package.sh'
[5.526s] [34mcolcon.colcon_core.shell[0m [1;30mINFO[0m Creating package script '/home/yantrigo/Dropbox/humanoid_site_1.0.0/software/firmware/rpi5/humanoid/install/hmi_node/share/hmi_node/package.bash'
[5.527s] [34mcolcon.colcon_core.shell[0m [1;30mINFO[0m Creating package script '/home/yantrigo/Dropbox/humanoid_site_1.0.0/software/firmware/rpi5/humanoid/install/hmi_node/share/hmi_node/package.zsh'
[5.527s] [34mcolcon.colcon_core.environment[0m [1;30mLevel 1[0m create_file_with_runtime_dependencies(/home/yantrigo/Dropbox/humanoid_site_1.0.0/software/firmware/rpi5/humanoid/install/hmi_node/share/colcon-core/packages/hmi_node)
[5.889s] [34mcolcon.colcon_core.task.python.build[0m [1;30mINFO[0m Building Python package in '/home/yantrigo/Dropbox/humanoid_site_1.0.0/software/firmware/rpi5/humanoid/src/mouth'
[5.889s] [34mcolcon.colcon_core.shell[0m [1;30mINFO[0m Skip shell extension 'powershell' for command environment: Not usable outside of PowerShell
[5.889s] [34mcolcon.colcon_core.shell[0m [1;30mDEBUG[0m [32mSkip shell extension 'dsv' for command environment[0m
[6.247s] [34mcolcon.colcon_core.task.python.build[0m [1;30mINFO[0m Building Python package in '/home/yantrigo/Dropbox/humanoid_site_1.0.0/software/firmware/rpi5/humanoid/src/nano_manager_node'
[6.247s] [34mcolcon.colcon_core.shell[0m [1;30mINFO[0m Skip shell extension 'powershell' for command environment: Not usable outside of PowerShell
[6.247s] [34mcolcon.colcon_core.shell[0m [1;30mDEBUG[0m [32mSkip shell extension 'dsv' for command environment[0m
[6.613s] [34mcolcon.colcon_core.event_handler.log_command[0m [1;30mDEBUG[0m [32mInvoking command in '/home/yantrigo/Dropbox/humanoid_site_1.0.0/software/firmware/rpi5/humanoid/src/legs': CONDA_PROMPT_MODIFIER=(venv) DEBUGINFOD_URLS=https://debuginfod.ubuntu.com PYTHONPATH=/home/yantrigo/Dropbox/humanoid_site_1.0.0/software/firmware/rpi5/humanoid/build/legs/prefix_override:/usr/lib/python3/dist-packages/colcon_core/task/python/colcon_distutils_commands:/home/yantrigo/Dropbox/humanoid_site_1.0.0/software/firmware/rpi5/humanoid/install/legs/lib/python3.12/site-packages:${PYTHONPATH} /usr/bin/python3 -W ignore:setup.py install is deprecated -W ignore:easy_install command is deprecated setup.py egg_info --egg-base ../../build/legs build --build-base /home/yantrigo/Dropbox/humanoid_site_1.0.0/software/firmware/rpi5/humanoid/build/legs/build install --record /home/yantrigo/Dropbox/humanoid_site_1.0.0/software/firmware/rpi5/humanoid/build/legs/install.log --single-version-externally-managed install_data[0m
[7.346s] [34mcolcon.colcon_core.event_handler.log_command[0m [1;30mDEBUG[0m [32mInvoking command in '/home/yantrigo/Dropbox/humanoid_site_1.0.0/software/firmware/rpi5/humanoid/src/mouth': CONDA_PROMPT_MODIFIER=(venv) DEBUGINFOD_URLS=https://debuginfod.ubuntu.com PYTHONPATH=/home/yantrigo/Dropbox/humanoid_site_1.0.0/software/firmware/rpi5/humanoid/build/mouth/prefix_override:/usr/lib/python3/dist-packages/colcon_core/task/python/colcon_distutils_commands:/home/yantrigo/Dropbox/humanoid_site_1.0.0/software/firmware/rpi5/humanoid/install/mouth/lib/python3.12/site-packages:${PYTHONPATH} /usr/bin/python3 -W ignore:setup.py install is deprecated -W ignore:easy_install command is deprecated setup.py egg_info --egg-base ../../build/mouth build --build-base /home/yantrigo/Dropbox/humanoid_site_1.0.0/software/firmware/rpi5/humanoid/build/mouth/build install --record /home/yantrigo/Dropbox/humanoid_site_1.0.0/software/firmware/rpi5/humanoid/build/mouth/install.log --single-version-externally-managed install_data[0m
[7.868s] [34mcolcon.colcon_core.event_handler.log_command[0m [1;30mDEBUG[0m [32mInvoking command in '/home/yantrigo/Dropbox/humanoid_site_1.0.0/software/firmware/rpi5/humanoid/src/nano_manager_node': CONDA_PROMPT_MODIFIER=(venv) DEBUGINFOD_URLS=https://debuginfod.ubuntu.com PYTHONPATH=/home/yantrigo/Dropbox/humanoid_site_1.0.0/software/firmware/rpi5/humanoid/build/nano_manager_node/prefix_override:/usr/lib/python3/dist-packages/colcon_core/task/python/colcon_distutils_commands:/home/yantrigo/Dropbox/humanoid_site_1.0.0/software/firmware/rpi5/humanoid/install/nano_manager_node/lib/python3.12/site-packages:${PYTHONPATH} /usr/bin/python3 -W ignore:setup.py install is deprecated -W ignore:easy_install command is deprecated setup.py egg_info --egg-base ../../build/nano_manager_node build --build-base /home/yantrigo/Dropbox/humanoid_site_1.0.0/software/firmware/rpi5/humanoid/build/nano_manager_node/build install --record /home/yantrigo/Dropbox/humanoid_site_1.0.0/software/firmware/rpi5/humanoid/build/nano_manager_node/install.log --single-version-externally-managed install_data[0m
[8.103s] [34mcolcon.colcon_core.environment[0m [1;30mLevel 1[0m checking '/home/yantrigo/Dropbox/humanoid_site_1.0.0/software/firmware/rpi5/humanoid/install/legs' for CMake module files
[8.104s] [34mcolcon.colcon_core.event_handler.log_command[0m [1;30mDEBUG[0m [32mInvoked command in '/home/yantrigo/Dropbox/humanoid_site_1.0.0/software/firmware/rpi5/humanoid/src/legs' returned '0': CONDA_PROMPT_MODIFIER=(venv) DEBUGINFOD_URLS=https://debuginfod.ubuntu.com PYTHONPATH=/home/yantrigo/Dropbox/humanoid_site_1.0.0/software/firmware/rpi5/humanoid/build/legs/prefix_override:/usr/lib/python3/dist-packages/colcon_core/task/python/colcon_distutils_commands:/home/yantrigo/Dropbox/humanoid_site_1.0.0/software/firmware/rpi5/humanoid/install/legs/lib/python3.12/site-packages:${PYTHONPATH} /usr/bin/python3 -W ignore:setup.py install is deprecated -W ignore:easy_install command is deprecated setup.py egg_info --egg-base ../../build/legs build --build-base /home/yantrigo/Dropbox/humanoid_site_1.0.0/software/firmware/rpi5/humanoid/build/legs/build install --record /home/yantrigo/Dropbox/humanoid_site_1.0.0/software/firmware/rpi5/humanoid/build/legs/install.log --single-version-externally-managed install_data[0m
[8.105s] [34mcolcon.colcon_core.environment[0m [1;30mLevel 1[0m checking '/home/yantrigo/Dropbox/humanoid_site_1.0.0/software/firmware/rpi5/humanoid/install/legs' for CMake config files
[8.106s] [34mcolcon.colcon_core.environment[0m [1;30mLevel 1[0m checking '/home/yantrigo/Dropbox/humanoid_site_1.0.0/software/firmware/rpi5/humanoid/install/legs/lib'
[8.106s] [34mcolcon.colcon_core.environment[0m [1;30mLevel 1[0m checking '/home/yantrigo/Dropbox/humanoid_site_1.0.0/software/firmware/rpi5/humanoid/install/legs/bin'
[8.106s] [34mcolcon.colcon_core.environment[0m [1;30mLevel 1[0m checking '/home/yantrigo/Dropbox/humanoid_site_1.0.0/software/firmware/rpi5/humanoid/install/legs/lib/pkgconfig/legs.pc'
[8.107s] [34mcolcon.colcon_core.environment[0m [1;30mLevel 1[0m checking '/home/yantrigo/Dropbox/humanoid_site_1.0.0/software/firmware/rpi5/humanoid/install/legs/lib/python3.12/site-packages'
[8.107s] [34mcolcon.colcon_core.shell[0m [1;30mLevel 1[0m create_environment_hook('legs', 'pythonpath')
[8.108s] [34mcolcon.colcon_core.shell[0m [1;30mINFO[0m Creating environment hook '/home/yantrigo/Dropbox/humanoid_site_1.0.0/software/firmware/rpi5/humanoid/install/legs/share/legs/hook/pythonpath.ps1'
[8.108s] [34mcolcon.colcon_core.shell[0m [1;30mINFO[0m Creating environment descriptor '/home/yantrigo/Dropbox/humanoid_site_1.0.0/software/firmware/rpi5/humanoid/install/legs/share/legs/hook/pythonpath.dsv'
[8.109s] [34mcolcon.colcon_core.shell[0m [1;30mINFO[0m Creating environment hook '/home/yantrigo/Dropbox/humanoid_site_1.0.0/software/firmware/rpi5/humanoid/install/legs/share/legs/hook/pythonpath.sh'
[8.110s] [34mcolcon.colcon_core.environment[0m [1;30mLevel 1[0m checking '/home/yantrigo/Dropbox/humanoid_site_1.0.0/software/firmware/rpi5/humanoid/install/legs/bin'
[8.111s] [34mcolcon.colcon_core.environment[0m [1;30mLevel 1[0m create_environment_scripts_only(legs)
[8.111s] [34mcolcon.colcon_core.shell[0m [1;30mINFO[0m Creating package script '/home/yantrigo/Dropbox/humanoid_site_1.0.0/software/firmware/rpi5/humanoid/install/legs/share/legs/package.ps1'
[8.112s] [34mcolcon.colcon_core.shell[0m [1;30mINFO[0m Creating package descriptor '/home/yantrigo/Dropbox/humanoid_site_1.0.0/software/firmware/rpi5/humanoid/install/legs/share/legs/package.dsv'
[8.114s] [34mcolcon.colcon_core.shell[0m [1;30mINFO[0m Creating package script '/home/yantrigo/Dropbox/humanoid_site_1.0.0/software/firmware/rpi5/humanoid/install/legs/share/legs/package.sh'
[8.115s] [34mcolcon.colcon_core.shell[0m [1;30mINFO[0m Creating package script '/home/yantrigo/Dropbox/humanoid_site_1.0.0/software/firmware/rpi5/humanoid/install/legs/share/legs/package.bash'
[8.115s] [34mcolcon.colcon_core.shell[0m [1;30mINFO[0m Creating package script '/home/yantrigo/Dropbox/humanoid_site_1.0.0/software/firmware/rpi5/humanoid/install/legs/share/legs/package.zsh'
[8.116s] [34mcolcon.colcon_core.environment[0m [1;30mLevel 1[0m create_file_with_runtime_dependencies(/home/yantrigo/Dropbox/humanoid_site_1.0.0/software/firmware/rpi5/humanoid/install/legs/share/colcon-core/packages/legs)
[8.301s] [34mcolcon.colcon_core.environment[0m [1;30mLevel 1[0m checking '/home/yantrigo/Dropbox/humanoid_site_1.0.0/software/firmware/rpi5/humanoid/install/mouth' for CMake module files
[8.302s] [34mcolcon.colcon_core.event_handler.log_command[0m [1;30mDEBUG[0m [32mInvoked command in '/home/yantrigo/Dropbox/humanoid_site_1.0.0/software/firmware/rpi5/humanoid/src/mouth' returned '0': CONDA_PROMPT_MODIFIER=(venv) DEBUGINFOD_URLS=https://debuginfod.ubuntu.com PYTHONPATH=/home/yantrigo/Dropbox/humanoid_site_1.0.0/software/firmware/rpi5/humanoid/build/mouth/prefix_override:/usr/lib/python3/dist-packages/colcon_core/task/python/colcon_distutils_commands:/home/yantrigo/Dropbox/humanoid_site_1.0.0/software/firmware/rpi5/humanoid/install/mouth/lib/python3.12/site-packages:${PYTHONPATH} /usr/bin/python3 -W ignore:setup.py install is deprecated -W ignore:easy_install command is deprecated setup.py egg_info --egg-base ../../build/mouth build --build-base /home/yantrigo/Dropbox/humanoid_site_1.0.0/software/firmware/rpi5/humanoid/build/mouth/build install --record /home/yantrigo/Dropbox/humanoid_site_1.0.0/software/firmware/rpi5/humanoid/build/mouth/install.log --single-version-externally-managed install_data[0m
[8.302s] [34mcolcon.colcon_core.environment[0m [1;30mLevel 1[0m checking '/home/yantrigo/Dropbox/humanoid_site_1.0.0/software/firmware/rpi5/humanoid/install/mouth' for CMake config files
[8.303s] [34mcolcon.colcon_core.environment[0m [1;30mLevel 1[0m checking '/home/yantrigo/Dropbox/humanoid_site_1.0.0/software/firmware/rpi5/humanoid/install/mouth/lib'
[8.303s] [34mcolcon.colcon_core.environment[0m [1;30mLevel 1[0m checking '/home/yantrigo/Dropbox/humanoid_site_1.0.0/software/firmware/rpi5/humanoid/install/mouth/bin'
[8.303s] [34mcolcon.colcon_core.environment[0m [1;30mLevel 1[0m checking '/home/yantrigo/Dropbox/humanoid_site_1.0.0/software/firmware/rpi5/humanoid/install/mouth/lib/pkgconfig/mouth.pc'
[8.303s] [34mcolcon.colcon_core.environment[0m [1;30mLevel 1[0m checking '/home/yantrigo/Dropbox/humanoid_site_1.0.0/software/firmware/rpi5/humanoid/install/mouth/lib/python3.12/site-packages'
[8.304s] [34mcolcon.colcon_core.shell[0m [1;30mLevel 1[0m create_environment_hook('mouth', 'pythonpath')
[8.304s] [34mcolcon.colcon_core.shell[0m [1;30mINFO[0m Creating environment hook '/home/yantrigo/Dropbox/humanoid_site_1.0.0/software/firmware/rpi5/humanoid/install/mouth/share/mouth/hook/pythonpath.ps1'
[8.304s] [34mcolcon.colcon_core.shell[0m [1;30mINFO[0m Creating environment descriptor '/home/yantrigo/Dropbox/humanoid_site_1.0.0/software/firmware/rpi5/humanoid/install/mouth/share/mouth/hook/pythonpath.dsv'
[8.305s] [34mcolcon.colcon_core.shell[0m [1;30mINFO[0m Creating environment hook '/home/yantrigo/Dropbox/humanoid_site_1.0.0/software/firmware/rpi5/humanoid/install/mouth/share/mouth/hook/pythonpath.sh'
[8.306s] [34mcolcon.colcon_core.environment[0m [1;30mLevel 1[0m checking '/home/yantrigo/Dropbox/humanoid_site_1.0.0/software/firmware/rpi5/humanoid/install/mouth/bin'
[8.306s] [34mcolcon.colcon_core.environment[0m [1;30mLevel 1[0m create_environment_scripts_only(mouth)
[8.306s] [34mcolcon.colcon_core.shell[0m [1;30mINFO[0m Creating package script '/home/yantrigo/Dropbox/humanoid_site_1.0.0/software/firmware/rpi5/humanoid/install/mouth/share/mouth/package.ps1'
[8.307s] [34mcolcon.colcon_core.shell[0m [1;30mINFO[0m Creating package descriptor '/home/yantrigo/Dropbox/humanoid_site_1.0.0/software/firmware/rpi5/humanoid/install/mouth/share/mouth/package.dsv'
[8.307s] [34mcolcon.colcon_core.shell[0m [1;30mINFO[0m Creating package script '/home/yantrigo/Dropbox/humanoid_site_1.0.0/software/firmware/rpi5/humanoid/install/mouth/share/mouth/package.sh'
[8.308s] [34mcolcon.colcon_core.shell[0m [1;30mINFO[0m Creating package script '/home/yantrigo/Dropbox/humanoid_site_1.0.0/software/firmware/rpi5/humanoid/install/mouth/share/mouth/package.bash'
[8.308s] [34mcolcon.colcon_core.shell[0m [1;30mINFO[0m Creating package script '/home/yantrigo/Dropbox/humanoid_site_1.0.0/software/firmware/rpi5/humanoid/install/mouth/share/mouth/package.zsh'
[8.309s] [34mcolcon.colcon_core.environment[0m [1;30mLevel 1[0m create_file_with_runtime_dependencies(/home/yantrigo/Dropbox/humanoid_site_1.0.0/software/firmware/rpi5/humanoid/install/mouth/share/colcon-core/packages/mouth)
[8.879s] [34mcolcon.colcon_core.environment[0m [1;30mLevel 1[0m checking '/home/yantrigo/Dropbox/humanoid_site_1.0.0/software/firmware/rpi5/humanoid/install/nano_manager_node' for CMake module files
[8.880s] [34mcolcon.colcon_core.event_handler.log_command[0m [1;30mDEBUG[0m [32mInvoked command in '/home/yantrigo/Dropbox/humanoid_site_1.0.0/software/firmware/rpi5/humanoid/src/nano_manager_node' returned '0': CONDA_PROMPT_MODIFIER=(venv) DEBUGINFOD_URLS=https://debuginfod.ubuntu.com PYTHONPATH=/home/yantrigo/Dropbox/humanoid_site_1.0.0/software/firmware/rpi5/humanoid/build/nano_manager_node/prefix_override:/usr/lib/python3/dist-packages/colcon_core/task/python/colcon_distutils_commands:/home/yantrigo/Dropbox/humanoid_site_1.0.0/software/firmware/rpi5/humanoid/install/nano_manager_node/lib/python3.12/site-packages:${PYTHONPATH} /usr/bin/python3 -W ignore:setup.py install is deprecated -W ignore:easy_install command is deprecated setup.py egg_info --egg-base ../../build/nano_manager_node build --build-base /home/yantrigo/Dropbox/humanoid_site_1.0.0/software/firmware/rpi5/humanoid/build/nano_manager_node/build install --record /home/yantrigo/Dropbox/humanoid_site_1.0.0/software/firmware/rpi5/humanoid/build/nano_manager_node/install.log --single-version-externally-managed install_data[0m
[8.882s] [34mcolcon.colcon_core.environment[0m [1;30mLevel 1[0m checking '/home/yantrigo/Dropbox/humanoid_site_1.0.0/software/firmware/rpi5/humanoid/install/nano_manager_node' for CMake config files
[8.883s] [34mcolcon.colcon_core.environment[0m [1;30mLevel 1[0m checking '/home/yantrigo/Dropbox/humanoid_site_1.0.0/software/firmware/rpi5/humanoid/install/nano_manager_node/lib'
[8.883s] [34mcolcon.colcon_core.environment[0m [1;30mLevel 1[0m checking '/home/yantrigo/Dropbox/humanoid_site_1.0.0/software/firmware/rpi5/humanoid/install/nano_manager_node/bin'
[8.883s] [34mcolcon.colcon_core.environment[0m [1;30mLevel 1[0m checking '/home/yantrigo/Dropbox/humanoid_site_1.0.0/software/firmware/rpi5/humanoid/install/nano_manager_node/lib/pkgconfig/nano_manager_node.pc'
[8.884s] [34mcolcon.colcon_core.environment[0m [1;30mLevel 1[0m checking '/home/yantrigo/Dropbox/humanoid_site_1.0.0/software/firmware/rpi5/humanoid/install/nano_manager_node/lib/python3.12/site-packages'
[8.884s] [34mcolcon.colcon_core.shell[0m [1;30mLevel 1[0m create_environment_hook('nano_manager_node', 'pythonpath')
[8.885s] [34mcolcon.colcon_core.shell[0m [1;30mINFO[0m Creating environment hook '/home/yantrigo/Dropbox/humanoid_site_1.0.0/software/firmware/rpi5/humanoid/install/nano_manager_node/share/nano_manager_node/hook/pythonpath.ps1'
[8.886s] [34mcolcon.colcon_core.shell[0m [1;30mINFO[0m Creating environment descriptor '/home/yantrigo/Dropbox/humanoid_site_1.0.0/software/firmware/rpi5/humanoid/install/nano_manager_node/share/nano_manager_node/hook/pythonpath.dsv'
[8.887s] [34mcolcon.colcon_core.shell[0m [1;30mINFO[0m Creating environment hook '/home/yantrigo/Dropbox/humanoid_site_1.0.0/software/firmware/rpi5/humanoid/install/nano_manager_node/share/nano_manager_node/hook/pythonpath.sh'
[8.888s] [34mcolcon.colcon_core.environment[0m [1;30mLevel 1[0m checking '/home/yantrigo/Dropbox/humanoid_site_1.0.0/software/firmware/rpi5/humanoid/install/nano_manager_node/bin'
[8.888s] [34mcolcon.colcon_core.environment[0m [1;30mLevel 1[0m create_environment_scripts_only(nano_manager_node)
[8.889s] [34mcolcon.colcon_core.shell[0m [1;30mINFO[0m Creating package script '/home/yantrigo/Dropbox/humanoid_site_1.0.0/software/firmware/rpi5/humanoid/install/nano_manager_node/share/nano_manager_node/package.ps1'
[8.890s] [34mcolcon.colcon_core.shell[0m [1;30mINFO[0m Creating package descriptor '/home/yantrigo/Dropbox/humanoid_site_1.0.0/software/firmware/rpi5/humanoid/install/nano_manager_node/share/nano_manager_node/package.dsv'
[8.892s] [34mcolcon.colcon_core.shell[0m [1;30mINFO[0m Creating package script '/home/yantrigo/Dropbox/humanoid_site_1.0.0/software/firmware/rpi5/humanoid/install/nano_manager_node/share/nano_manager_node/package.sh'
[8.893s] [34mcolcon.colcon_core.shell[0m [1;30mINFO[0m Creating package script '/home/yantrigo/Dropbox/humanoid_site_1.0.0/software/firmware/rpi5/humanoid/install/nano_manager_node/share/nano_manager_node/package.bash'
[8.894s] [34mcolcon.colcon_core.shell[0m [1;30mINFO[0m Creating package script '/home/yantrigo/Dropbox/humanoid_site_1.0.0/software/firmware/rpi5/humanoid/install/nano_manager_node/share/nano_manager_node/package.zsh'
[8.894s] [34mcolcon.colcon_core.environment[0m [1;30mLevel 1[0m create_file_with_runtime_dependencies(/home/yantrigo/Dropbox/humanoid_site_1.0.0/software/firmware/rpi5/humanoid/install/nano_manager_node/share/colcon-core/packages/nano_manager_node)
[8.895s] [34mcolcon.colcon_parallel_executor.executor.parallel[0m [1;30mDEBUG[0m [32mclosing loop[0m
[8.896s] [34mcolcon.colcon_parallel_executor.executor.parallel[0m [1;30mDEBUG[0m [32mloop closed[0m
[8.896s] [34mcolcon.colcon_parallel_executor.executor.parallel[0m [1;30mDEBUG[0m [32mrun_until_complete finished with '0'[0m
[8.896s] [34mcolcon.colcon_core.event_reactor[0m [1;30mDEBUG[0m [32mjoining thread[0m
[8.918s] [34mcolcon.colcon_core.plugin_system[0m [1;30mINFO[0m Skipping extension 'colcon_notification.desktop_notification.terminal_notifier': Not used on non-Darwin systems
[8.918s] [34mcolcon.colcon_core.plugin_system[0m [1;30mINFO[0m Skipping extension 'colcon_notification.desktop_notification.win32': Not used on non-Windows systems
[8.919s] [34mcolcon.colcon_notification.desktop_notification[0m [1;30mINFO[0m Sending desktop notification using 'notify2'
[8.960s] [34mcolcon.colcon_core.event_reactor[0m [1;30mDEBUG[0m [32mjoined thread[0m
[8.961s] [34mcolcon.colcon_core.shell[0m [1;30mINFO[0m Creating prefix script '/home/yantrigo/Dropbox/humanoid_site_1.0.0/software/firmware/rpi5/humanoid/install/local_setup.ps1'
[8.964s] [34mcolcon.colcon_core.shell[0m [1;30mINFO[0m Creating prefix util module '/home/yantrigo/Dropbox/humanoid_site_1.0.0/software/firmware/rpi5/humanoid/install/_local_setup_util_ps1.py'
[8.969s] [34mcolcon.colcon_core.shell[0m [1;30mINFO[0m Creating prefix chain script '/home/yantrigo/Dropbox/humanoid_site_1.0.0/software/firmware/rpi5/humanoid/install/setup.ps1'
[8.974s] [34mcolcon.colcon_core.shell[0m [1;30mINFO[0m Creating prefix script '/home/yantrigo/Dropbox/humanoid_site_1.0.0/software/firmware/rpi5/humanoid/install/local_setup.sh'
[8.977s] [34mcolcon.colcon_core.shell[0m [1;30mINFO[0m Creating prefix util module '/home/yantrigo/Dropbox/humanoid_site_1.0.0/software/firmware/rpi5/humanoid/install/_local_setup_util_sh.py'
[8.979s] [34mcolcon.colcon_core.shell[0m [1;30mINFO[0m Creating prefix chain script '/home/yantrigo/Dropbox/humanoid_site_1.0.0/software/firmware/rpi5/humanoid/install/setup.sh'
[8.983s] [34mcolcon.colcon_core.shell[0m [1;30mINFO[0m Creating prefix script '/home/yantrigo/Dropbox/humanoid_site_1.0.0/software/firmware/rpi5/humanoid/install/local_setup.bash'
[8.984s] [34mcolcon.colcon_core.shell[0m [1;30mINFO[0m Creating prefix chain script '/home/yantrigo/Dropbox/humanoid_site_1.0.0/software/firmware/rpi5/humanoid/install/setup.bash'
[8.987s] [34mcolcon.colcon_core.shell[0m [1;30mINFO[0m Creating prefix script '/home/yantrigo/Dropbox/humanoid_site_1.0.0/software/firmware/rpi5/humanoid/install/local_setup.zsh'
[8.988s] [34mcolcon.colcon_core.shell[0m [1;30mINFO[0m Creating prefix chain script '/home/yantrigo/Dropbox/humanoid_site_1.0.0/software/firmware/rpi5/humanoid/install/setup.zsh'
