[4.307s] Invoking command in '/home/yantrigo/Dropbox/humanoid_site_1.0.0/software/firmware/rpi5/humanoid/src/mouth': CONDA_PROMPT_MODIFIER=(humanoid) DEBUGINFOD_URLS=https://debuginfod.ubuntu.com PYTHONPATH=/home/yantrigo/Dropbox/humanoid_site_1.0.0/software/firmware/rpi5/humanoid/build/mouth/prefix_override:/home/yantrigo/miniconda3/envs/humanoid/lib/python3.12/site-packages/colcon_core/task/python/colcon_distutils_commands:/home/yantrigo/Dropbox/humanoid_site_1.0.0/software/firmware/rpi5/humanoid/install/mouth/lib/python3.12/site-packages:${PYTHONPATH} /home/yantrigo/miniconda3/envs/humanoid/bin/python3.12 -W ignore:setup.py install is deprecated -W ignore:easy_install command is deprecated setup.py egg_info --egg-base ../../build/mouth build --build-base /home/yantrigo/Dropbox/humanoid_site_1.0.0/software/firmware/rpi5/humanoid/build/mouth/build install --record /home/yantrigo/Dropbox/humanoid_site_1.0.0/software/firmware/rpi5/humanoid/build/mouth/install.log --single-version-externally-managed install_data
[4.972s] /home/yantrigo/miniconda3/envs/humanoid/lib/python3.12/site-packages/setuptools/_distutils/dist.py:289: UserWarning: Unknown distribution option: 'tests_require'
[4.973s]   warnings.warn(msg)
[5.351s] running egg_info
[5.389s] writing ../../build/mouth/mouth.egg-info/PKG-INFO
[5.395s] writing dependency_links to ../../build/mouth/mouth.egg-info/dependency_links.txt
[5.395s] writing entry points to ../../build/mouth/mouth.egg-info/entry_points.txt
[5.398s] writing requirements to ../../build/mouth/mouth.egg-info/requires.txt
[5.398s] writing top-level names to ../../build/mouth/mouth.egg-info/top_level.txt
[5.539s] reading manifest file '../../build/mouth/mouth.egg-info/SOURCES.txt'
[5.542s] writing manifest file '../../build/mouth/mouth.egg-info/SOURCES.txt'
[5.542s] running build
[5.543s] running build_py
[5.543s] copying mouth/speak_with_piperTTS.py -> /home/yantrigo/Dropbox/humanoid_site_1.0.0/software/firmware/rpi5/humanoid/build/mouth/build/lib/mouth
[5.550s] copying mouth/__init__.py -> /home/yantrigo/Dropbox/humanoid_site_1.0.0/software/firmware/rpi5/humanoid/build/mouth/build/lib/mouth
[5.550s] running install
[5.589s] running install_lib
[5.684s] copying /home/yantrigo/Dropbox/humanoid_site_1.0.0/software/firmware/rpi5/humanoid/build/mouth/build/lib/mouth/speak_with_piperTTS.py -> /home/yantrigo/Dropbox/humanoid_site_1.0.0/software/firmware/rpi5/humanoid/install/mouth/lib/python3.12/site-packages/mouth
[5.688s] byte-compiling /home/yantrigo/Dropbox/humanoid_site_1.0.0/software/firmware/rpi5/humanoid/install/mouth/lib/python3.12/site-packages/mouth/speak_with_piperTTS.py to speak_with_piperTTS.cpython-312.pyc
[5.693s] running install_data
[5.694s] copying resource/mouth -> /home/yantrigo/Dropbox/humanoid_site_1.0.0/software/firmware/rpi5/humanoid/install/mouth/share/ament_index/resource_index/packages
[5.697s] copying package.xml -> /home/yantrigo/Dropbox/humanoid_site_1.0.0/software/firmware/rpi5/humanoid/install/mouth/share/mouth
[5.702s] running install_egg_info
[5.821s] removing '/home/yantrigo/Dropbox/humanoid_site_1.0.0/software/firmware/rpi5/humanoid/install/mouth/lib/python3.12/site-packages/mouth-0.0.0-py3.12.egg-info' (and everything under it)
[5.824s] Copying ../../build/mouth/mouth.egg-info to /home/yantrigo/Dropbox/humanoid_site_1.0.0/software/firmware/rpi5/humanoid/install/mouth/lib/python3.12/site-packages/mouth-0.0.0-py3.12.egg-info
[5.827s] running install_scripts
[6.164s] Installing speak script to /home/yantrigo/Dropbox/humanoid_site_1.0.0/software/firmware/rpi5/humanoid/install/mouth/lib/mouth
[6.165s] writing list of installed files to '/home/yantrigo/Dropbox/humanoid_site_1.0.0/software/firmware/rpi5/humanoid/build/mouth/install.log'
[6.329s] Invoked command in '/home/yantrigo/Dropbox/humanoid_site_1.0.0/software/firmware/rpi5/humanoid/src/mouth' returned '0': CONDA_PROMPT_MODIFIER=(humanoid) DEBUGINFOD_URLS=https://debuginfod.ubuntu.com PYTHONPATH=/home/yantrigo/Dropbox/humanoid_site_1.0.0/software/firmware/rpi5/humanoid/build/mouth/prefix_override:/home/yantrigo/miniconda3/envs/humanoid/lib/python3.12/site-packages/colcon_core/task/python/colcon_distutils_commands:/home/yantrigo/Dropbox/humanoid_site_1.0.0/software/firmware/rpi5/humanoid/install/mouth/lib/python3.12/site-packages:${PYTHONPATH} /home/yantrigo/miniconda3/envs/humanoid/bin/python3.12 -W ignore:setup.py install is deprecated -W ignore:easy_install command is deprecated setup.py egg_info --egg-base ../../build/mouth build --build-base /home/yantrigo/Dropbox/humanoid_site_1.0.0/software/firmware/rpi5/humanoid/build/mouth/build install --record /home/yantrigo/Dropbox/humanoid_site_1.0.0/software/firmware/rpi5/humanoid/build/mouth/install.log --single-version-externally-managed install_data
