[2.173s] Invoking command in '/home/yantrigo/Dropbox/humanoid_site_1.0.0/software/firmware/rpi5/humanoid/src/eyes': CONDA_PROMPT_MODIFIER=(humanoid) DEBUGINFOD_URLS=https://debuginfod.ubuntu.com PYTHONPATH=/home/yantrigo/Dropbox/humanoid_site_1.0.0/software/firmware/rpi5/humanoid/build/eyes/prefix_override:/home/yantrigo/miniconda3/envs/humanoid/lib/python3.12/site-packages/colcon_core/task/python/colcon_distutils_commands:/home/yantrigo/Dropbox/humanoid_site_1.0.0/software/firmware/rpi5/humanoid/install/eyes/lib/python3.12/site-packages:${PYTHONPATH} /home/yantrigo/miniconda3/envs/humanoid/bin/python3.12 -W ignore:setup.py install is deprecated -W ignore:easy_install command is deprecated setup.py egg_info --egg-base ../../build/eyes build --build-base /home/yantrigo/Dropbox/humanoid_site_1.0.0/software/firmware/rpi5/humanoid/build/eyes/build install --record /home/yantrigo/Dropbox/humanoid_site_1.0.0/software/firmware/rpi5/humanoid/build/eyes/install.log --single-version-externally-managed install_data
[2.692s] /home/yantrigo/miniconda3/envs/humanoid/lib/python3.12/site-packages/setuptools/_distutils/dist.py:289: UserWarning: Unknown distribution option: 'tests_require'
[2.692s]   warnings.warn(msg)
[3.108s] running egg_info
[3.182s] writing ../../build/eyes/eyes.egg-info/PKG-INFO
[3.188s] writing dependency_links to ../../build/eyes/eyes.egg-info/dependency_links.txt
[3.194s] writing requirements to ../../build/eyes/eyes.egg-info/requires.txt
[3.195s] writing top-level names to ../../build/eyes/eyes.egg-info/top_level.txt
[3.357s] reading manifest file '../../build/eyes/eyes.egg-info/SOURCES.txt'
[3.361s] writing manifest file '../../build/eyes/eyes.egg-info/SOURCES.txt'
[3.362s] running build
[3.363s] running build_py
[3.364s] copying eyes/see.py -> /home/yantrigo/Dropbox/humanoid_site_1.0.0/software/firmware/rpi5/humanoid/build/eyes/build/lib/eyes
[3.364s] copying eyes/__init__.py -> /home/yantrigo/Dropbox/humanoid_site_1.0.0/software/firmware/rpi5/humanoid/build/eyes/build/lib/eyes
[3.364s] running install
[3.382s] running install_lib
[3.444s] running install_data
[3.446s] copying resource/eyes -> /home/yantrigo/Dropbox/humanoid_site_1.0.0/software/firmware/rpi5/humanoid/install/eyes/share/ament_index/resource_index/packages
[3.447s] copying package.xml -> /home/yantrigo/Dropbox/humanoid_site_1.0.0/software/firmware/rpi5/humanoid/install/eyes/share/eyes
[3.450s] running install_egg_info
[3.550s] removing '/home/yantrigo/Dropbox/humanoid_site_1.0.0/software/firmware/rpi5/humanoid/install/eyes/lib/python3.12/site-packages/eyes-0.0.0-py3.12.egg-info' (and everything under it)
[3.561s] Copying ../../build/eyes/eyes.egg-info to /home/yantrigo/Dropbox/humanoid_site_1.0.0/software/firmware/rpi5/humanoid/install/eyes/lib/python3.12/site-packages/eyes-0.0.0-py3.12.egg-info
[3.562s] running install_scripts
[3.963s] writing list of installed files to '/home/yantrigo/Dropbox/humanoid_site_1.0.0/software/firmware/rpi5/humanoid/build/eyes/install.log'
[4.080s] Invoked command in '/home/yantrigo/Dropbox/humanoid_site_1.0.0/software/firmware/rpi5/humanoid/src/eyes' returned '0': CONDA_PROMPT_MODIFIER=(humanoid) DEBUGINFOD_URLS=https://debuginfod.ubuntu.com PYTHONPATH=/home/yantrigo/Dropbox/humanoid_site_1.0.0/software/firmware/rpi5/humanoid/build/eyes/prefix_override:/home/yantrigo/miniconda3/envs/humanoid/lib/python3.12/site-packages/colcon_core/task/python/colcon_distutils_commands:/home/yantrigo/Dropbox/humanoid_site_1.0.0/software/firmware/rpi5/humanoid/install/eyes/lib/python3.12/site-packages:${PYTHONPATH} /home/yantrigo/miniconda3/envs/humanoid/bin/python3.12 -W ignore:setup.py install is deprecated -W ignore:easy_install command is deprecated setup.py egg_info --egg-base ../../build/eyes build --build-base /home/yantrigo/Dropbox/humanoid_site_1.0.0/software/firmware/rpi5/humanoid/build/eyes/build install --record /home/yantrigo/Dropbox/humanoid_site_1.0.0/software/firmware/rpi5/humanoid/build/eyes/install.log --single-version-externally-managed install_data
