[2.579s] Invoking command in '/home/yantrigo/Dropbox/humanoid_site_1.0.0/software/firmware/rpi5/humanoid/src/mouth': CONDA_PROMPT_MODIFIER=(humanoid) DEBUGINFOD_URLS=https://debuginfod.ubuntu.com PYTHONPATH=/home/yantrigo/Dropbox/humanoid_site_1.0.0/software/firmware/rpi5/humanoid/build/mouth/prefix_override:/home/yantrigo/miniconda3/envs/humanoid/lib/python3.12/site-packages/colcon_core/task/python/colcon_distutils_commands:/home/yantrigo/Dropbox/humanoid_site_1.0.0/software/firmware/rpi5/humanoid/install/mouth/lib/python3.12/site-packages:${PYTHONPATH} /home/yantrigo/miniconda3/envs/humanoid/bin/python3.12 -W ignore:setup.py install is deprecated -W ignore:easy_install command is deprecated setup.py egg_info --egg-base ../../build/mouth build --build-base /home/yantrigo/Dropbox/humanoid_site_1.0.0/software/firmware/rpi5/humanoid/build/mouth/build install --record /home/yantrigo/Dropbox/humanoid_site_1.0.0/software/firmware/rpi5/humanoid/build/mouth/install.log --single-version-externally-managed install_data
[3.140s] /home/yantrigo/miniconda3/envs/humanoid/lib/python3.12/site-packages/setuptools/_distutils/dist.py:289: UserWarning: Unknown distribution option: 'tests_require'
[3.140s]   warnings.warn(msg)
[3.481s] running egg_info
[3.529s] writing ../../build/mouth/mouth.egg-info/PKG-INFO
[3.529s] writing dependency_links to ../../build/mouth/mouth.egg-info/dependency_links.txt
[3.530s] writing entry points to ../../build/mouth/mouth.egg-info/entry_points.txt
[3.530s] writing requirements to ../../build/mouth/mouth.egg-info/requires.txt
[3.530s] writing top-level names to ../../build/mouth/mouth.egg-info/top_level.txt
[3.631s] reading manifest file '../../build/mouth/mouth.egg-info/SOURCES.txt'
[3.634s] writing manifest file '../../build/mouth/mouth.egg-info/SOURCES.txt'
[3.634s] running build
[3.636s] running build_py
[3.638s] copying mouth/speak_with_piperTTS.py -> /home/yantrigo/Dropbox/humanoid_site_1.0.0/software/firmware/rpi5/humanoid/build/mouth/build/lib/mouth
[3.638s] copying mouth/__init__.py -> /home/yantrigo/Dropbox/humanoid_site_1.0.0/software/firmware/rpi5/humanoid/build/mouth/build/lib/mouth
[3.639s] running install
[3.649s] running install_lib
[3.709s] running install_data
[3.709s] copying resource/mouth -> /home/yantrigo/Dropbox/humanoid_site_1.0.0/software/firmware/rpi5/humanoid/install/mouth/share/ament_index/resource_index/packages
[3.709s] copying package.xml -> /home/yantrigo/Dropbox/humanoid_site_1.0.0/software/firmware/rpi5/humanoid/install/mouth/share/mouth
[3.709s] running install_egg_info
[3.777s] removing '/home/yantrigo/Dropbox/humanoid_site_1.0.0/software/firmware/rpi5/humanoid/install/mouth/lib/python3.12/site-packages/mouth-0.0.0-py3.12.egg-info' (and everything under it)
[3.779s] Copying ../../build/mouth/mouth.egg-info to /home/yantrigo/Dropbox/humanoid_site_1.0.0/software/firmware/rpi5/humanoid/install/mouth/lib/python3.12/site-packages/mouth-0.0.0-py3.12.egg-info
[3.786s] running install_scripts
[4.244s] Installing speak script to /home/yantrigo/Dropbox/humanoid_site_1.0.0/software/firmware/rpi5/humanoid/install/mouth/lib/mouth
[4.247s] writing list of installed files to '/home/yantrigo/Dropbox/humanoid_site_1.0.0/software/firmware/rpi5/humanoid/build/mouth/install.log'
[4.457s] Invoked command in '/home/yantrigo/Dropbox/humanoid_site_1.0.0/software/firmware/rpi5/humanoid/src/mouth' returned '0': CONDA_PROMPT_MODIFIER=(humanoid) DEBUGINFOD_URLS=https://debuginfod.ubuntu.com PYTHONPATH=/home/yantrigo/Dropbox/humanoid_site_1.0.0/software/firmware/rpi5/humanoid/build/mouth/prefix_override:/home/yantrigo/miniconda3/envs/humanoid/lib/python3.12/site-packages/colcon_core/task/python/colcon_distutils_commands:/home/yantrigo/Dropbox/humanoid_site_1.0.0/software/firmware/rpi5/humanoid/install/mouth/lib/python3.12/site-packages:${PYTHONPATH} /home/yantrigo/miniconda3/envs/humanoid/bin/python3.12 -W ignore:setup.py install is deprecated -W ignore:easy_install command is deprecated setup.py egg_info --egg-base ../../build/mouth build --build-base /home/yantrigo/Dropbox/humanoid_site_1.0.0/software/firmware/rpi5/humanoid/build/mouth/build install --record /home/yantrigo/Dropbox/humanoid_site_1.0.0/software/firmware/rpi5/humanoid/build/mouth/install.log --single-version-externally-managed install_data
