[3.445s] Invoking command in '/home/yantrigo/Dropbox/humanoid_site_1.0.0/software/firmware/rpi5/humanoid/src/dance': CONDA_PROMPT_MODIFIER=(humanoid) DEBUGINFOD_URLS=https://debuginfod.ubuntu.com PYTHONPATH=/home/yantrigo/Dropbox/humanoid_site_1.0.0/software/firmware/rpi5/humanoid/build/dance/prefix_override:/home/yantrigo/miniconda3/envs/humanoid/lib/python3.12/site-packages/colcon_core/task/python/colcon_distutils_commands:/home/yantrigo/Dropbox/humanoid_site_1.0.0/software/firmware/rpi5/humanoid/install/dance/lib/python3.12/site-packages:${PYTHONPATH} /home/yantrigo/miniconda3/envs/humanoid/bin/python3.12 -W ignore:setup.py install is deprecated -W ignore:easy_install command is deprecated setup.py egg_info --egg-base ../../build/dance build --build-base /home/yantrigo/Dropbox/humanoid_site_1.0.0/software/firmware/rpi5/humanoid/build/dance/build install --record /home/yantrigo/Dropbox/humanoid_site_1.0.0/software/firmware/rpi5/humanoid/build/dance/install.log --single-version-externally-managed install_data
[3.831s] /home/yantrigo/miniconda3/envs/humanoid/lib/python3.12/site-packages/setuptools/_distutils/dist.py:289: UserWarning: Unknown distribution option: 'tests_require'
[3.832s]   warnings.warn(msg)
[4.092s] running egg_info
[4.137s] creating ../../build/dance/dance.egg-info
[4.137s] writing ../../build/dance/dance.egg-info/PKG-INFO
[4.137s] writing dependency_links to ../../build/dance/dance.egg-info/dependency_links.txt
[4.138s] writing requirements to ../../build/dance/dance.egg-info/requires.txt
[4.138s] writing top-level names to ../../build/dance/dance.egg-info/top_level.txt
[4.138s] writing manifest file '../../build/dance/dance.egg-info/SOURCES.txt'
[4.237s] reading manifest file '../../build/dance/dance.egg-info/SOURCES.txt'
[4.240s] writing manifest file '../../build/dance/dance.egg-info/SOURCES.txt'
[4.241s] running build
[4.241s] running build_py
[4.241s] creating /home/yantrigo/Dropbox/humanoid_site_1.0.0/software/firmware/rpi5/humanoid/build/dance/build/lib/dance
[4.242s] copying dance/dance.py -> /home/yantrigo/Dropbox/humanoid_site_1.0.0/software/firmware/rpi5/humanoid/build/dance/build/lib/dance
[4.242s] copying dance/__init__.py -> /home/yantrigo/Dropbox/humanoid_site_1.0.0/software/firmware/rpi5/humanoid/build/dance/build/lib/dance
[4.244s] running install
[4.256s] running install_lib
[4.297s] creating /home/yantrigo/Dropbox/humanoid_site_1.0.0/software/firmware/rpi5/humanoid/install/dance/lib/python3.12/site-packages/dance
[4.297s] copying /home/yantrigo/Dropbox/humanoid_site_1.0.0/software/firmware/rpi5/humanoid/build/dance/build/lib/dance/dance.py -> /home/yantrigo/Dropbox/humanoid_site_1.0.0/software/firmware/rpi5/humanoid/install/dance/lib/python3.12/site-packages/dance
[4.297s] copying /home/yantrigo/Dropbox/humanoid_site_1.0.0/software/firmware/rpi5/humanoid/build/dance/build/lib/dance/__init__.py -> /home/yantrigo/Dropbox/humanoid_site_1.0.0/software/firmware/rpi5/humanoid/install/dance/lib/python3.12/site-packages/dance
[4.298s] byte-compiling /home/yantrigo/Dropbox/humanoid_site_1.0.0/software/firmware/rpi5/humanoid/install/dance/lib/python3.12/site-packages/dance/dance.py to dance.cpython-312.pyc
[4.304s] byte-compiling /home/yantrigo/Dropbox/humanoid_site_1.0.0/software/firmware/rpi5/humanoid/install/dance/lib/python3.12/site-packages/dance/__init__.py to __init__.cpython-312.pyc
[4.305s] running install_data
[4.305s] creating /home/yantrigo/Dropbox/humanoid_site_1.0.0/software/firmware/rpi5/humanoid/install/dance/share/ament_index/resource_index/packages
[4.305s] copying resource/dance -> /home/yantrigo/Dropbox/humanoid_site_1.0.0/software/firmware/rpi5/humanoid/install/dance/share/ament_index/resource_index/packages
[4.305s] copying package.xml -> /home/yantrigo/Dropbox/humanoid_site_1.0.0/software/firmware/rpi5/humanoid/install/dance/share/dance
[4.305s] running install_egg_info
[4.342s] Copying ../../build/dance/dance.egg-info to /home/yantrigo/Dropbox/humanoid_site_1.0.0/software/firmware/rpi5/humanoid/install/dance/lib/python3.12/site-packages/dance-0.0.0-py3.12.egg-info
[4.344s] running install_scripts
[4.608s] writing list of installed files to '/home/yantrigo/Dropbox/humanoid_site_1.0.0/software/firmware/rpi5/humanoid/build/dance/install.log'
[5.086s] Invoked command in '/home/yantrigo/Dropbox/humanoid_site_1.0.0/software/firmware/rpi5/humanoid/src/dance' returned '0': CONDA_PROMPT_MODIFIER=(humanoid) DEBUGINFOD_URLS=https://debuginfod.ubuntu.com PYTHONPATH=/home/yantrigo/Dropbox/humanoid_site_1.0.0/software/firmware/rpi5/humanoid/build/dance/prefix_override:/home/yantrigo/miniconda3/envs/humanoid/lib/python3.12/site-packages/colcon_core/task/python/colcon_distutils_commands:/home/yantrigo/Dropbox/humanoid_site_1.0.0/software/firmware/rpi5/humanoid/install/dance/lib/python3.12/site-packages:${PYTHONPATH} /home/yantrigo/miniconda3/envs/humanoid/bin/python3.12 -W ignore:setup.py install is deprecated -W ignore:easy_install command is deprecated setup.py egg_info --egg-base ../../build/dance build --build-base /home/yantrigo/Dropbox/humanoid_site_1.0.0/software/firmware/rpi5/humanoid/build/dance/build install --record /home/yantrigo/Dropbox/humanoid_site_1.0.0/software/firmware/rpi5/humanoid/build/dance/install.log --single-version-externally-managed install_data
