[3.660s] Invoking command in '/home/yantrigo/Dropbox/humanoid_site_1.0.0/software/firmware/rpi5/humanoid/src/ears': CONDA_PROMPT_MODIFIER=(humanoid) DEBUGINFOD_URLS=https://debuginfod.ubuntu.com PYTHONPATH=/home/yantrigo/Dropbox/humanoid_site_1.0.0/software/firmware/rpi5/humanoid/build/ears/prefix_override:/home/yantrigo/miniconda3/envs/humanoid/lib/python3.12/site-packages/colcon_core/task/python/colcon_distutils_commands:/home/yantrigo/Dropbox/humanoid_site_1.0.0/software/firmware/rpi5/humanoid/install/ears/lib/python3.12/site-packages:${PYTHONPATH} /home/yantrigo/miniconda3/envs/humanoid/bin/python3.12 -W ignore:setup.py install is deprecated -W ignore:easy_install command is deprecated setup.py egg_info --egg-base ../../build/ears build --build-base /home/yantrigo/Dropbox/humanoid_site_1.0.0/software/firmware/rpi5/humanoid/build/ears/build install --record /home/yantrigo/Dropbox/humanoid_site_1.0.0/software/firmware/rpi5/humanoid/build/ears/install.log --single-version-externally-managed install_data
[4.136s] /home/yantrigo/miniconda3/envs/humanoid/lib/python3.12/site-packages/setuptools/_distutils/dist.py:289: UserWarning: Unknown distribution option: 'tests_require'
[4.137s]   warnings.warn(msg)
[4.463s] running egg_info
[4.537s] writing ../../build/ears/ears.egg-info/PKG-INFO
[4.538s] writing dependency_links to ../../build/ears/ears.egg-info/dependency_links.txt
[4.540s] writing entry points to ../../build/ears/ears.egg-info/entry_points.txt
[4.541s] writing requirements to ../../build/ears/ears.egg-info/requires.txt
[4.541s] writing top-level names to ../../build/ears/ears.egg-info/top_level.txt
[4.666s] reading manifest file '../../build/ears/ears.egg-info/SOURCES.txt'
[4.669s] writing manifest file '../../build/ears/ears.egg-info/SOURCES.txt'
[4.670s] running build
[4.670s] running build_py
[4.671s] copying ears/listen_with_vosk.py -> /home/yantrigo/Dropbox/humanoid_site_1.0.0/software/firmware/rpi5/humanoid/build/ears/build/lib/ears
[4.672s] copying ears/__init__.py -> /home/yantrigo/Dropbox/humanoid_site_1.0.0/software/firmware/rpi5/humanoid/build/ears/build/lib/ears
[4.673s] running install
[4.684s] running install_lib
[4.733s] running install_data
[4.733s] copying resource/ears -> /home/yantrigo/Dropbox/humanoid_site_1.0.0/software/firmware/rpi5/humanoid/install/ears/share/ament_index/resource_index/packages
[4.733s] copying package.xml -> /home/yantrigo/Dropbox/humanoid_site_1.0.0/software/firmware/rpi5/humanoid/install/ears/share/ears
[4.734s] running install_egg_info
[4.779s] removing '/home/yantrigo/Dropbox/humanoid_site_1.0.0/software/firmware/rpi5/humanoid/install/ears/lib/python3.12/site-packages/ears-0.0.0-py3.12.egg-info' (and everything under it)
[4.779s] Copying ../../build/ears/ears.egg-info to /home/yantrigo/Dropbox/humanoid_site_1.0.0/software/firmware/rpi5/humanoid/install/ears/lib/python3.12/site-packages/ears-0.0.0-py3.12.egg-info
[4.783s] running install_scripts
[5.127s] Installing listen script to /home/yantrigo/Dropbox/humanoid_site_1.0.0/software/firmware/rpi5/humanoid/install/ears/lib/ears
[5.129s] writing list of installed files to '/home/yantrigo/Dropbox/humanoid_site_1.0.0/software/firmware/rpi5/humanoid/build/ears/install.log'
[5.913s] Invoked command in '/home/yantrigo/Dropbox/humanoid_site_1.0.0/software/firmware/rpi5/humanoid/src/ears' returned '0': CONDA_PROMPT_MODIFIER=(humanoid) DEBUGINFOD_URLS=https://debuginfod.ubuntu.com PYTHONPATH=/home/yantrigo/Dropbox/humanoid_site_1.0.0/software/firmware/rpi5/humanoid/build/ears/prefix_override:/home/yantrigo/miniconda3/envs/humanoid/lib/python3.12/site-packages/colcon_core/task/python/colcon_distutils_commands:/home/yantrigo/Dropbox/humanoid_site_1.0.0/software/firmware/rpi5/humanoid/install/ears/lib/python3.12/site-packages:${PYTHONPATH} /home/yantrigo/miniconda3/envs/humanoid/bin/python3.12 -W ignore:setup.py install is deprecated -W ignore:easy_install command is deprecated setup.py egg_info --egg-base ../../build/ears build --build-base /home/yantrigo/Dropbox/humanoid_site_1.0.0/software/firmware/rpi5/humanoid/build/ears/build install --record /home/yantrigo/Dropbox/humanoid_site_1.0.0/software/firmware/rpi5/humanoid/build/ears/install.log --single-version-externally-managed install_data
