[4.011s] Invoking command in '/home/yantrigo/Dropbox/humanoid_site_1.0.0/software/firmware/rpi5/humanoid/src/find_person': CONDA_PROMPT_MODIFIER=(humanoid) DEBUGINFOD_URLS=https://debuginfod.ubuntu.com PYTHONPATH=/home/yantrigo/Dropbox/humanoid_site_1.0.0/software/firmware/rpi5/humanoid/build/find_person/prefix_override:/home/yantrigo/miniconda3/envs/humanoid/lib/python3.12/site-packages/colcon_core/task/python/colcon_distutils_commands:/home/yantrigo/Dropbox/humanoid_site_1.0.0/software/firmware/rpi5/humanoid/install/find_person/lib/python3.12/site-packages:${PYTHONPATH} /home/yantrigo/miniconda3/envs/humanoid/bin/python3.12 -W ignore:setup.py install is deprecated -W ignore:easy_install command is deprecated setup.py egg_info --egg-base ../../build/find_person build --build-base /home/yantrigo/Dropbox/humanoid_site_1.0.0/software/firmware/rpi5/humanoid/build/find_person/build install --record /home/yantrigo/Dropbox/humanoid_site_1.0.0/software/firmware/rpi5/humanoid/build/find_person/install.log --single-version-externally-managed install_data
[4.630s] /home/yantrigo/miniconda3/envs/humanoid/lib/python3.12/site-packages/setuptools/_distutils/dist.py:289: UserWarning: Unknown distribution option: 'tests_require'
[4.630s]   warnings.warn(msg)
[5.159s] running egg_info
[5.238s] writing ../../build/find_person/find_person.egg-info/PKG-INFO
[5.240s] writing dependency_links to ../../build/find_person/find_person.egg-info/dependency_links.txt
[5.241s] writing requirements to ../../build/find_person/find_person.egg-info/requires.txt
[5.242s] writing top-level names to ../../build/find_person/find_person.egg-info/top_level.txt
[5.371s] reading manifest file '../../build/find_person/find_person.egg-info/SOURCES.txt'
[5.376s] writing manifest file '../../build/find_person/find_person.egg-info/SOURCES.txt'
[5.378s] running build
[5.379s] running build_py
[5.379s] copying find_person/find_person.py -> /home/yantrigo/Dropbox/humanoid_site_1.0.0/software/firmware/rpi5/humanoid/build/find_person/build/lib/find_person
[5.382s] copying find_person/__init__.py -> /home/yantrigo/Dropbox/humanoid_site_1.0.0/software/firmware/rpi5/humanoid/build/find_person/build/lib/find_person
[5.383s] running install
[5.405s] running install_lib
[5.477s] running install_data
[5.477s] copying resource/find_person -> /home/yantrigo/Dropbox/humanoid_site_1.0.0/software/firmware/rpi5/humanoid/install/find_person/share/ament_index/resource_index/packages
[5.480s] copying package.xml -> /home/yantrigo/Dropbox/humanoid_site_1.0.0/software/firmware/rpi5/humanoid/install/find_person/share/find_person
[5.481s] running install_egg_info
[5.557s] removing '/home/yantrigo/Dropbox/humanoid_site_1.0.0/software/firmware/rpi5/humanoid/install/find_person/lib/python3.12/site-packages/find_person-0.0.0-py3.12.egg-info' (and everything under it)
[5.558s] Copying ../../build/find_person/find_person.egg-info to /home/yantrigo/Dropbox/humanoid_site_1.0.0/software/firmware/rpi5/humanoid/install/find_person/lib/python3.12/site-packages/find_person-0.0.0-py3.12.egg-info
[5.561s] running install_scripts
[5.882s] writing list of installed files to '/home/yantrigo/Dropbox/humanoid_site_1.0.0/software/firmware/rpi5/humanoid/build/find_person/install.log'
[5.983s] Invoked command in '/home/yantrigo/Dropbox/humanoid_site_1.0.0/software/firmware/rpi5/humanoid/src/find_person' returned '0': CONDA_PROMPT_MODIFIER=(humanoid) DEBUGINFOD_URLS=https://debuginfod.ubuntu.com PYTHONPATH=/home/yantrigo/Dropbox/humanoid_site_1.0.0/software/firmware/rpi5/humanoid/build/find_person/prefix_override:/home/yantrigo/miniconda3/envs/humanoid/lib/python3.12/site-packages/colcon_core/task/python/colcon_distutils_commands:/home/yantrigo/Dropbox/humanoid_site_1.0.0/software/firmware/rpi5/humanoid/install/find_person/lib/python3.12/site-packages:${PYTHONPATH} /home/yantrigo/miniconda3/envs/humanoid/bin/python3.12 -W ignore:setup.py install is deprecated -W ignore:easy_install command is deprecated setup.py egg_info --egg-base ../../build/find_person build --build-base /home/yantrigo/Dropbox/humanoid_site_1.0.0/software/firmware/rpi5/humanoid/build/find_person/build install --record /home/yantrigo/Dropbox/humanoid_site_1.0.0/software/firmware/rpi5/humanoid/build/find_person/install.log --single-version-externally-managed install_data
