[0.000000] (-) TimerEvent: {}
[0.000164] (brain) JobQueued: {'identifier': 'brain', 'dependencies': OrderedDict()}
[0.000205] (hands) JobQueued: {'identifier': 'hands', 'dependencies': OrderedDict()}
[0.000256] (head) JobQueued: {'identifier': 'head', 'dependencies': OrderedDict()}
[0.000294] (hmi_node) JobQueued: {'identifier': 'hmi_node', 'dependencies': OrderedDict()}
[0.000332] (legs) JobQueued: {'identifier': 'legs', 'dependencies': OrderedDict()}
[0.000366] (mouth) JobQueued: {'identifier': 'mouth', 'dependencies': OrderedDict()}
[0.000398] (nano_manager_node) JobQueued: {'identifier': 'nano_manager_node', 'dependencies': OrderedDict()}
[0.001840] (brain) JobStarted: {'identifier': 'brain'}
[0.023820] (hands) JobStarted: {'identifier': 'hands'}
[0.035946] (head) JobStarted: {'identifier': 'head'}
[0.049808] (hmi_node) JobStarted: {'identifier': 'hmi_node'}
[0.099726] (-) TimerEvent: {}
[0.200057] (-) TimerEvent: {}
[0.300490] (-) TimerEvent: {}
[0.341667] (brain) StderrLine: {'line': b'Traceback (most recent call last):\n  File "/usr/lib/python3/dist-packages/colcon_core/executor/__init__.py", line 91, in __call__\n    rc = await self.task(*args, **kwargs)\n         ^^^^^^^^^^^^^^^^^^^^^^^^^^^^^^^^\n  File "/usr/lib/python3/dist-packages/colcon_core/task/__init__.py", line 93, in __call__\n    return await task_method(*args, **kwargs)\n           ^^^^^^^^^^^^^^^^^^^^^^^^^^^^^^^^^^\n  File "/usr/lib/python3/dist-packages/colcon_ros/task/ament_python/build.py", line 51, in build\n    setup_py_data = get_setup_data(self.context.pkg, env)\n                    ^^^^^^^^^^^^^^^^^^^^^^^^^^^^^^^^^^^^^\n  File "/usr/lib/python3/dist-packages/colcon_core/task/python/__init__.py", line 20, in get_setup_data\n    return dict(pkg.metadata[key](env))\n                ^^^^^^^^^^^^^^^^^^^^^^\n  File "/usr/lib/python3/dist-packages/colcon_ros/package_augmentation/ros_ament_python.py", line 57, in getter\n    return get_setup_information(\n           ^^^^^^^^^^^^^^^^^^^^^^\n  File "/usr/lib/python3/dist-packages/colcon_python_setup_py/package_identification/python_setup_py.py", line 249, in get_setup_information\n    _setup_information_cache[hashable_env] = _get_setup_information(\n                                             ^^^^^^^^^^^^^^^^^^^^^^^\n  File "/usr/lib/python3/dist-packages/colcon_python_setup_py/package_identification/python_setup_py.py", line 296, in _get_setup_information\n    result = subprocess.run(\n             ^^^^^^^^^^^^^^^\n  File "/usr/lib/python3.12/subprocess.py", line 571, in run\n    raise CalledProcessError(retcode, process.args,\nsubprocess.CalledProcessError: Command \'[\'/usr/bin/python3\', \'-c\', \'import sys;from contextlib import suppress;exec("with suppress(ImportError):    from setuptools.extern.packaging.specifiers    import SpecifierSet");exec("with suppress(ImportError):    from packaging.specifiers import SpecifierSet");from distutils.core import run_setup;dist = run_setup(    \\\'setup.py\\\', script_args=(\\\'--dry-run\\\',), stop_after=\\\'config\\\');skip_keys = (\\\'cmdclass\\\', \\\'distclass\\\', \\\'ext_modules\\\', \\\'metadata\\\');data = {    key: value for key, value in dist.__dict__.items()     if (        not key.startswith(\\\'_\\\') and         not callable(value) and         key not in skip_keys and         key not in dist.display_option_names    )};data[\\\'metadata\\\'] = {    k: v for k, v in dist.metadata.__dict__.items()     if k not in (\\\'license_files\\\', \\\'provides_extras\\\')};sys.stdout.buffer.write(repr(data).encode(\\\'utf-8\\\'))\']\' returned non-zero exit status 1.\n'}
[0.343532] (brain) JobEnded: {'identifier': 'brain', 'rc': 1}
[0.400579] (-) TimerEvent: {}
[0.500872] (-) TimerEvent: {}
[0.601169] (-) TimerEvent: {}
[0.701509] (-) TimerEvent: {}
[0.801851] (-) TimerEvent: {}
[0.902157] (-) TimerEvent: {}
[1.002495] (-) TimerEvent: {}
[1.031485] (hands) JobEnded: {'identifier': 'hands', 'rc': 'SIGINT'}
[1.033602] (hmi_node) JobEnded: {'identifier': 'hmi_node', 'rc': 'SIGINT'}
[1.035390] (head) JobEnded: {'identifier': 'head', 'rc': 'SIGINT'}
[1.046393] (legs) JobSkipped: {'identifier': 'legs'}
[1.046672] (mouth) JobSkipped: {'identifier': 'mouth'}
[1.046745] (nano_manager_node) JobSkipped: {'identifier': 'nano_manager_node'}
[1.046800] (-) EventReactorShutdown: {}
