[2.483s] Invoking command in '/home/yantrigo/Dropbox/humanoid_site_1.0.0/software/firmware/rpi5/humanoid/src/launch_humanoid': CONDA_PROMPT_MODIFIER=(humanoid) DEBUGINFOD_URLS=https://debuginfod.ubuntu.com PYTHONPATH=/home/yantrigo/Dropbox/humanoid_site_1.0.0/software/firmware/rpi5/humanoid/build/launch_humanoid/prefix_override:/home/yantrigo/miniconda3/envs/humanoid/lib/python3.12/site-packages/colcon_core/task/python/colcon_distutils_commands:/home/yantrigo/Dropbox/humanoid_site_1.0.0/software/firmware/rpi5/humanoid/install/launch_humanoid/lib/python3.12/site-packages:${PYTHONPATH} /home/yantrigo/miniconda3/envs/humanoid/bin/python3.12 -W ignore:setup.py install is deprecated -W ignore:easy_install command is deprecated setup.py egg_info --egg-base ../../build/launch_humanoid build --build-base /home/yantrigo/Dropbox/humanoid_site_1.0.0/software/firmware/rpi5/humanoid/build/launch_humanoid/build install --record /home/yantrigo/Dropbox/humanoid_site_1.0.0/software/firmware/rpi5/humanoid/build/launch_humanoid/install.log --single-version-externally-managed install_data
[2.942s] /home/yantrigo/miniconda3/envs/humanoid/lib/python3.12/site-packages/setuptools/_distutils/dist.py:289: UserWarning: Unknown distribution option: 'tests_require'
[2.944s]   warnings.warn(msg)
[3.310s] running egg_info
[3.362s] creating ../../build/launch_humanoid/launch_humanoid.egg-info
[3.363s] writing ../../build/launch_humanoid/launch_humanoid.egg-info/PKG-INFO
[3.364s] writing dependency_links to ../../build/launch_humanoid/launch_humanoid.egg-info/dependency_links.txt
[3.367s] writing requirements to ../../build/launch_humanoid/launch_humanoid.egg-info/requires.txt
[3.367s] writing top-level names to ../../build/launch_humanoid/launch_humanoid.egg-info/top_level.txt
[3.368s] writing manifest file '../../build/launch_humanoid/launch_humanoid.egg-info/SOURCES.txt'
[3.471s] reading manifest file '../../build/launch_humanoid/launch_humanoid.egg-info/SOURCES.txt'
[3.474s] writing manifest file '../../build/launch_humanoid/launch_humanoid.egg-info/SOURCES.txt'
[3.475s] running build
[3.476s] running build_py
[3.476s] creating /home/yantrigo/Dropbox/humanoid_site_1.0.0/software/firmware/rpi5/humanoid/build/launch_humanoid/build/lib/launch_humanoid
[3.476s] copying launch_humanoid/__init__.py -> /home/yantrigo/Dropbox/humanoid_site_1.0.0/software/firmware/rpi5/humanoid/build/launch_humanoid/build/lib/launch_humanoid
[3.477s] running install
[3.493s] running install_lib
[3.558s] creating /home/yantrigo/Dropbox/humanoid_site_1.0.0/software/firmware/rpi5/humanoid/install/launch_humanoid/lib/python3.12/site-packages/launch_humanoid
[3.559s] copying /home/yantrigo/Dropbox/humanoid_site_1.0.0/software/firmware/rpi5/humanoid/build/launch_humanoid/build/lib/launch_humanoid/__init__.py -> /home/yantrigo/Dropbox/humanoid_site_1.0.0/software/firmware/rpi5/humanoid/install/launch_humanoid/lib/python3.12/site-packages/launch_humanoid
[3.563s] byte-compiling /home/yantrigo/Dropbox/humanoid_site_1.0.0/software/firmware/rpi5/humanoid/install/launch_humanoid/lib/python3.12/site-packages/launch_humanoid/__init__.py to __init__.cpython-312.pyc
[3.563s] running install_data
[3.564s] creating /home/yantrigo/Dropbox/humanoid_site_1.0.0/software/firmware/rpi5/humanoid/install/launch_humanoid/share/ament_index/resource_index/packages
[3.564s] copying resource/launch_humanoid -> /home/yantrigo/Dropbox/humanoid_site_1.0.0/software/firmware/rpi5/humanoid/install/launch_humanoid/share/ament_index/resource_index/packages
[3.569s] copying package.xml -> /home/yantrigo/Dropbox/humanoid_site_1.0.0/software/firmware/rpi5/humanoid/install/launch_humanoid/share/launch_humanoid
[3.569s] creating /home/yantrigo/Dropbox/humanoid_site_1.0.0/software/firmware/rpi5/humanoid/install/launch_humanoid/share/launch_humanoid/launch
[3.570s] copying launch/launch_humanoid.py -> /home/yantrigo/Dropbox/humanoid_site_1.0.0/software/firmware/rpi5/humanoid/install/launch_humanoid/share/launch_humanoid/launch
[3.573s] running install_egg_info
[3.616s] Copying ../../build/launch_humanoid/launch_humanoid.egg-info to /home/yantrigo/Dropbox/humanoid_site_1.0.0/software/firmware/rpi5/humanoid/install/launch_humanoid/lib/python3.12/site-packages/launch_humanoid-0.0.0-py3.12.egg-info
[3.617s] running install_scripts
[3.919s] writing list of installed files to '/home/yantrigo/Dropbox/humanoid_site_1.0.0/software/firmware/rpi5/humanoid/build/launch_humanoid/install.log'
[4.137s] Invoked command in '/home/yantrigo/Dropbox/humanoid_site_1.0.0/software/firmware/rpi5/humanoid/src/launch_humanoid' returned '0': CONDA_PROMPT_MODIFIER=(humanoid) DEBUGINFOD_URLS=https://debuginfod.ubuntu.com PYTHONPATH=/home/yantrigo/Dropbox/humanoid_site_1.0.0/software/firmware/rpi5/humanoid/build/launch_humanoid/prefix_override:/home/yantrigo/miniconda3/envs/humanoid/lib/python3.12/site-packages/colcon_core/task/python/colcon_distutils_commands:/home/yantrigo/Dropbox/humanoid_site_1.0.0/software/firmware/rpi5/humanoid/install/launch_humanoid/lib/python3.12/site-packages:${PYTHONPATH} /home/yantrigo/miniconda3/envs/humanoid/bin/python3.12 -W ignore:setup.py install is deprecated -W ignore:easy_install command is deprecated setup.py egg_info --egg-base ../../build/launch_humanoid build --build-base /home/yantrigo/Dropbox/humanoid_site_1.0.0/software/firmware/rpi5/humanoid/build/launch_humanoid/build install --record /home/yantrigo/Dropbox/humanoid_site_1.0.0/software/firmware/rpi5/humanoid/build/launch_humanoid/install.log --single-version-externally-managed install_data
