[2.773s] Invoking command in '/home/yantrigo/Dropbox/humanoid_site_1.0.0/software/firmware/rpi5/humanoid/src/ears': CONDA_PROMPT_MODIFIER=(humanoid) DEBUGINFOD_URLS=https://debuginfod.ubuntu.com PYTHONPATH=/home/yantrigo/Dropbox/humanoid_site_1.0.0/software/firmware/rpi5/humanoid/build/ears/prefix_override:/home/yantrigo/miniconda3/envs/humanoid/lib/python3.12/site-packages/colcon_core/task/python/colcon_distutils_commands:/home/yantrigo/Dropbox/humanoid_site_1.0.0/software/firmware/rpi5/humanoid/install/ears/lib/python3.12/site-packages:${PYTHONPATH} /home/yantrigo/miniconda3/envs/humanoid/bin/python3.12 -W ignore:setup.py install is deprecated -W ignore:easy_install command is deprecated setup.py egg_info --egg-base ../../build/ears build --build-base /home/yantrigo/Dropbox/humanoid_site_1.0.0/software/firmware/rpi5/humanoid/build/ears/build install --record /home/yantrigo/Dropbox/humanoid_site_1.0.0/software/firmware/rpi5/humanoid/build/ears/install.log --single-version-externally-managed install_data
[3.222s] /home/yantrigo/miniconda3/envs/humanoid/lib/python3.12/site-packages/setuptools/_distutils/dist.py:289: UserWarning: Unknown distribution option: 'tests_require'
[3.222s]   warnings.warn(msg)
[3.544s] running egg_info
[3.591s] writing ../../build/ears/ears.egg-info/PKG-INFO
[3.593s] writing dependency_links to ../../build/ears/ears.egg-info/dependency_links.txt
[3.593s] writing entry points to ../../build/ears/ears.egg-info/entry_points.txt
[3.597s] writing requirements to ../../build/ears/ears.egg-info/requires.txt
[3.598s] writing top-level names to ../../build/ears/ears.egg-info/top_level.txt
[3.702s] reading manifest file '../../build/ears/ears.egg-info/SOURCES.txt'
[3.711s] writing manifest file '../../build/ears/ears.egg-info/SOURCES.txt'
[3.713s] running build
[3.715s] running build_py
[3.716s] copying ears/listen_with_vosk.py -> /home/yantrigo/Dropbox/humanoid_site_1.0.0/software/firmware/rpi5/humanoid/build/ears/build/lib/ears
[3.718s] copying ears/__init__.py -> /home/yantrigo/Dropbox/humanoid_site_1.0.0/software/firmware/rpi5/humanoid/build/ears/build/lib/ears
[3.720s] running install
[3.744s] running install_lib
[3.808s] running install_data
[3.809s] copying resource/ears -> /home/yantrigo/Dropbox/humanoid_site_1.0.0/software/firmware/rpi5/humanoid/install/ears/share/ament_index/resource_index/packages
[3.809s] copying package.xml -> /home/yantrigo/Dropbox/humanoid_site_1.0.0/software/firmware/rpi5/humanoid/install/ears/share/ears
[3.814s] running install_egg_info
[3.914s] removing '/home/yantrigo/Dropbox/humanoid_site_1.0.0/software/firmware/rpi5/humanoid/install/ears/lib/python3.12/site-packages/ears-0.0.0-py3.12.egg-info' (and everything under it)
[3.918s] Copying ../../build/ears/ears.egg-info to /home/yantrigo/Dropbox/humanoid_site_1.0.0/software/firmware/rpi5/humanoid/install/ears/lib/python3.12/site-packages/ears-0.0.0-py3.12.egg-info
[3.922s] running install_scripts
[4.264s] Installing listen script to /home/yantrigo/Dropbox/humanoid_site_1.0.0/software/firmware/rpi5/humanoid/install/ears/lib/ears
[4.265s] writing list of installed files to '/home/yantrigo/Dropbox/humanoid_site_1.0.0/software/firmware/rpi5/humanoid/build/ears/install.log'
[4.888s] Invoked command in '/home/yantrigo/Dropbox/humanoid_site_1.0.0/software/firmware/rpi5/humanoid/src/ears' returned '0': CONDA_PROMPT_MODIFIER=(humanoid) DEBUGINFOD_URLS=https://debuginfod.ubuntu.com PYTHONPATH=/home/yantrigo/Dropbox/humanoid_site_1.0.0/software/firmware/rpi5/humanoid/build/ears/prefix_override:/home/yantrigo/miniconda3/envs/humanoid/lib/python3.12/site-packages/colcon_core/task/python/colcon_distutils_commands:/home/yantrigo/Dropbox/humanoid_site_1.0.0/software/firmware/rpi5/humanoid/install/ears/lib/python3.12/site-packages:${PYTHONPATH} /home/yantrigo/miniconda3/envs/humanoid/bin/python3.12 -W ignore:setup.py install is deprecated -W ignore:easy_install command is deprecated setup.py egg_info --egg-base ../../build/ears build --build-base /home/yantrigo/Dropbox/humanoid_site_1.0.0/software/firmware/rpi5/humanoid/build/ears/build install --record /home/yantrigo/Dropbox/humanoid_site_1.0.0/software/firmware/rpi5/humanoid/build/ears/install.log --single-version-externally-managed install_data
