[3.197s] Invoking command in '/home/yantrigo/Dropbox/humanoid_site_1.0.0/software/firmware/rpi5/humanoid/src/launch_humanoid': CONDA_PROMPT_MODIFIER=(humanoid) DEBUGINFOD_URLS=https://debuginfod.ubuntu.com PYTHONPATH=/home/yantrigo/Dropbox/humanoid_site_1.0.0/software/firmware/rpi5/humanoid/build/launch_humanoid/prefix_override:/home/yantrigo/miniconda3/envs/humanoid/lib/python3.12/site-packages/colcon_core/task/python/colcon_distutils_commands:/home/yantrigo/Dropbox/humanoid_site_1.0.0/software/firmware/rpi5/humanoid/install/launch_humanoid/lib/python3.12/site-packages:${PYTHONPATH} /home/yantrigo/miniconda3/envs/humanoid/bin/python3.12 -W ignore:setup.py install is deprecated -W ignore:easy_install command is deprecated setup.py egg_info --egg-base ../../build/launch_humanoid build --build-base /home/yantrigo/Dropbox/humanoid_site_1.0.0/software/firmware/rpi5/humanoid/build/launch_humanoid/build install --record /home/yantrigo/Dropbox/humanoid_site_1.0.0/software/firmware/rpi5/humanoid/build/launch_humanoid/install.log --single-version-externally-managed install_data
[3.957s] /home/yantrigo/miniconda3/envs/humanoid/lib/python3.12/site-packages/setuptools/_distutils/dist.py:289: UserWarning: Unknown distribution option: 'tests_require'
[3.958s]   warnings.warn(msg)
[4.303s] running egg_info
[4.363s] writing ../../build/launch_humanoid/launch_humanoid.egg-info/PKG-INFO
[4.363s] writing dependency_links to ../../build/launch_humanoid/launch_humanoid.egg-info/dependency_links.txt
[4.363s] writing requirements to ../../build/launch_humanoid/launch_humanoid.egg-info/requires.txt
[4.364s] writing top-level names to ../../build/launch_humanoid/launch_humanoid.egg-info/top_level.txt
[4.478s] reading manifest file '../../build/launch_humanoid/launch_humanoid.egg-info/SOURCES.txt'
[4.482s] writing manifest file '../../build/launch_humanoid/launch_humanoid.egg-info/SOURCES.txt'
[4.483s] running build
[4.483s] running build_py
[4.484s] copying launch_humanoid/__init__.py -> /home/yantrigo/Dropbox/humanoid_site_1.0.0/software/firmware/rpi5/humanoid/build/launch_humanoid/build/lib/launch_humanoid
[4.486s] running install
[4.500s] running install_lib
[4.589s] running install_data
[4.590s] copying resource/launch_humanoid -> /home/yantrigo/Dropbox/humanoid_site_1.0.0/software/firmware/rpi5/humanoid/install/launch_humanoid/share/ament_index/resource_index/packages
[4.593s] copying package.xml -> /home/yantrigo/Dropbox/humanoid_site_1.0.0/software/firmware/rpi5/humanoid/install/launch_humanoid/share/launch_humanoid
[4.594s] copying launch/launch_humanoid.py -> /home/yantrigo/Dropbox/humanoid_site_1.0.0/software/firmware/rpi5/humanoid/install/launch_humanoid/share/launch_humanoid/launch
[4.597s] running install_egg_info
[4.691s] removing '/home/yantrigo/Dropbox/humanoid_site_1.0.0/software/firmware/rpi5/humanoid/install/launch_humanoid/lib/python3.12/site-packages/launch_humanoid-0.0.0-py3.12.egg-info' (and everything under it)
[4.692s] Copying ../../build/launch_humanoid/launch_humanoid.egg-info to /home/yantrigo/Dropbox/humanoid_site_1.0.0/software/firmware/rpi5/humanoid/install/launch_humanoid/lib/python3.12/site-packages/launch_humanoid-0.0.0-py3.12.egg-info
[4.697s] running install_scripts
[5.066s] writing list of installed files to '/home/yantrigo/Dropbox/humanoid_site_1.0.0/software/firmware/rpi5/humanoid/build/launch_humanoid/install.log'
[5.190s] Invoked command in '/home/yantrigo/Dropbox/humanoid_site_1.0.0/software/firmware/rpi5/humanoid/src/launch_humanoid' returned '0': CONDA_PROMPT_MODIFIER=(humanoid) DEBUGINFOD_URLS=https://debuginfod.ubuntu.com PYTHONPATH=/home/yantrigo/Dropbox/humanoid_site_1.0.0/software/firmware/rpi5/humanoid/build/launch_humanoid/prefix_override:/home/yantrigo/miniconda3/envs/humanoid/lib/python3.12/site-packages/colcon_core/task/python/colcon_distutils_commands:/home/yantrigo/Dropbox/humanoid_site_1.0.0/software/firmware/rpi5/humanoid/install/launch_humanoid/lib/python3.12/site-packages:${PYTHONPATH} /home/yantrigo/miniconda3/envs/humanoid/bin/python3.12 -W ignore:setup.py install is deprecated -W ignore:easy_install command is deprecated setup.py egg_info --egg-base ../../build/launch_humanoid build --build-base /home/yantrigo/Dropbox/humanoid_site_1.0.0/software/firmware/rpi5/humanoid/build/launch_humanoid/build install --record /home/yantrigo/Dropbox/humanoid_site_1.0.0/software/firmware/rpi5/humanoid/build/launch_humanoid/install.log --single-version-externally-managed install_data
