running egg_info
creating ../../build/master/master.egg-info
writing ../../build/master/master.egg-info/PKG-INFO
writing dependency_links to ../../build/master/master.egg-info/dependency_links.txt
writing requirements to ../../build/master/master.egg-info/requires.txt
writing top-level names to ../../build/master/master.egg-info/top_level.txt
writing manifest file '../../build/master/master.egg-info/SOURCES.txt'
reading manifest file '../../build/master/master.egg-info/SOURCES.txt'
writing manifest file '../../build/master/master.egg-info/SOURCES.txt'
running build
running build_py
creating /home/yantrigo/Dropbox/humanoid_site_1.0.0/software/firmware/rpi5_brain_firmware/brain/build/master/build
creating /home/yantrigo/Dropbox/humanoid_site_1.0.0/software/firmware/rpi5_brain_firmware/brain/build/master/build/lib
creating /home/yantrigo/Dropbox/humanoid_site_1.0.0/software/firmware/rpi5_brain_firmware/brain/build/master/build/lib/master
copying master/__init__.py -> /home/yantrigo/Dropbox/humanoid_site_1.0.0/software/firmware/rpi5_brain_firmware/brain/build/master/build/lib/master
running install
running install_lib
creating /home/yantrigo/Dropbox/humanoid_site_1.0.0/software/firmware/rpi5_brain_firmware/brain/install/master/lib/python3.12/site-packages/master
copying /home/yantrigo/Dropbox/humanoid_site_1.0.0/software/firmware/rpi5_brain_firmware/brain/build/master/build/lib/master/__init__.py -> /home/yantrigo/Dropbox/humanoid_site_1.0.0/software/firmware/rpi5_brain_firmware/brain/install/master/lib/python3.12/site-packages/master
byte-compiling /home/yantrigo/Dropbox/humanoid_site_1.0.0/software/firmware/rpi5_brain_firmware/brain/install/master/lib/python3.12/site-packages/master/__init__.py to __init__.cpython-312.pyc
running install_data
creating /home/yantrigo/Dropbox/humanoid_site_1.0.0/software/firmware/rpi5_brain_firmware/brain/install/master/share/ament_index
creating /home/yantrigo/Dropbox/humanoid_site_1.0.0/software/firmware/rpi5_brain_firmware/brain/install/master/share/ament_index/resource_index
creating /home/yantrigo/Dropbox/humanoid_site_1.0.0/software/firmware/rpi5_brain_firmware/brain/install/master/share/ament_index/resource_index/packages
copying resource/master -> /home/yantrigo/Dropbox/humanoid_site_1.0.0/software/firmware/rpi5_brain_firmware/brain/install/master/share/ament_index/resource_index/packages
copying package.xml -> /home/yantrigo/Dropbox/humanoid_site_1.0.0/software/firmware/rpi5_brain_firmware/brain/install/master/share/master
running install_egg_info
Copying ../../build/master/master.egg-info to /home/yantrigo/Dropbox/humanoid_site_1.0.0/software/firmware/rpi5_brain_firmware/brain/install/master/lib/python3.12/site-packages/master-0.0.0-py3.12.egg-info
running install_scripts
writing list of installed files to '/home/yantrigo/Dropbox/humanoid_site_1.0.0/software/firmware/rpi5_brain_firmware/brain/build/master/install.log'
