[3.043s] Invoking command in '/home/yantrigo/Dropbox/humanoid_site_1.0.0/software/firmware/rpi5/humanoid/src/hmi_node': CONDA_PROMPT_MODIFIER=(humanoid) DEBUGINFOD_URLS=https://debuginfod.ubuntu.com PYTHONPATH=/home/yantrigo/Dropbox/humanoid_site_1.0.0/software/firmware/rpi5/humanoid/build/hmi_node/prefix_override:/usr/lib/python3/dist-packages/colcon_core/task/python/colcon_distutils_commands:/home/yantrigo/Dropbox/humanoid_site_1.0.0/software/firmware/rpi5/humanoid/install/hmi_node/lib/python3.12/site-packages:${PYTHONPATH} /usr/bin/python3 -W ignore:setup.py install is deprecated -W ignore:easy_install command is deprecated setup.py egg_info --egg-base ../../build/hmi_node build --build-base /home/yantrigo/Dropbox/humanoid_site_1.0.0/software/firmware/rpi5/humanoid/build/hmi_node/build install --record /home/yantrigo/Dropbox/humanoid_site_1.0.0/software/firmware/rpi5/humanoid/build/hmi_node/install.log --single-version-externally-managed install_data
[3.476s] /home/yantrigo/miniconda3/envs/humanoid/lib/python3.12/site-packages/setuptools/_distutils/dist.py:289: UserWarning: Unknown distribution option: 'tests_require'
[3.476s]   warnings.warn(msg)
[3.857s] running egg_info
[3.918s] writing ../../build/hmi_node/hmi_node.egg-info/PKG-INFO
[3.919s] writing dependency_links to ../../build/hmi_node/hmi_node.egg-info/dependency_links.txt
[3.919s] writing requirements to ../../build/hmi_node/hmi_node.egg-info/requires.txt
[3.922s] writing top-level names to ../../build/hmi_node/hmi_node.egg-info/top_level.txt
[4.044s] reading manifest file '../../build/hmi_node/hmi_node.egg-info/SOURCES.txt'
[4.048s] writing manifest file '../../build/hmi_node/hmi_node.egg-info/SOURCES.txt'
[4.050s] running build
[4.050s] running build_py
[4.050s] copying hmi_node/__init__.py -> /home/yantrigo/Dropbox/humanoid_site_1.0.0/software/firmware/rpi5/humanoid/build/hmi_node/build/lib/hmi_node
[4.050s] running install
[4.065s] running install_lib
[4.133s] running install_data
[4.134s] copying resource/hmi_node -> /home/yantrigo/Dropbox/humanoid_site_1.0.0/software/firmware/rpi5/humanoid/install/hmi_node/share/ament_index/resource_index/packages
[4.135s] copying package.xml -> /home/yantrigo/Dropbox/humanoid_site_1.0.0/software/firmware/rpi5/humanoid/install/hmi_node/share/hmi_node
[4.138s] running install_egg_info
[4.198s] removing '/home/yantrigo/Dropbox/humanoid_site_1.0.0/software/firmware/rpi5/humanoid/install/hmi_node/lib/python3.12/site-packages/hmi_node-0.0.0-py3.12.egg-info' (and everything under it)
[4.198s] Copying ../../build/hmi_node/hmi_node.egg-info to /home/yantrigo/Dropbox/humanoid_site_1.0.0/software/firmware/rpi5/humanoid/install/hmi_node/lib/python3.12/site-packages/hmi_node-0.0.0-py3.12.egg-info
[4.205s] running install_scripts
[4.560s] writing list of installed files to '/home/yantrigo/Dropbox/humanoid_site_1.0.0/software/firmware/rpi5/humanoid/build/hmi_node/install.log'
[4.634s] Invoked command in '/home/yantrigo/Dropbox/humanoid_site_1.0.0/software/firmware/rpi5/humanoid/src/hmi_node' returned '0': CONDA_PROMPT_MODIFIER=(humanoid) DEBUGINFOD_URLS=https://debuginfod.ubuntu.com PYTHONPATH=/home/yantrigo/Dropbox/humanoid_site_1.0.0/software/firmware/rpi5/humanoid/build/hmi_node/prefix_override:/usr/lib/python3/dist-packages/colcon_core/task/python/colcon_distutils_commands:/home/yantrigo/Dropbox/humanoid_site_1.0.0/software/firmware/rpi5/humanoid/install/hmi_node/lib/python3.12/site-packages:${PYTHONPATH} /usr/bin/python3 -W ignore:setup.py install is deprecated -W ignore:easy_install command is deprecated setup.py egg_info --egg-base ../../build/hmi_node build --build-base /home/yantrigo/Dropbox/humanoid_site_1.0.0/software/firmware/rpi5/humanoid/build/hmi_node/build install --record /home/yantrigo/Dropbox/humanoid_site_1.0.0/software/firmware/rpi5/humanoid/build/hmi_node/install.log --single-version-externally-managed install_data
