[3.545s] Invoking command in '/home/yantrigo/Dropbox/humanoid_site_1.0.0/software/firmware/rpi5/humanoid/src/find_person': CONDA_PROMPT_MODIFIER=(humanoid) DEBUGINFOD_URLS=https://debuginfod.ubuntu.com PYTHONPATH=/home/yantrigo/Dropbox/humanoid_site_1.0.0/software/firmware/rpi5/humanoid/build/find_person/prefix_override:/home/yantrigo/miniconda3/envs/humanoid/lib/python3.12/site-packages/colcon_core/task/python/colcon_distutils_commands:/home/yantrigo/Dropbox/humanoid_site_1.0.0/software/firmware/rpi5/humanoid/install/find_person/lib/python3.12/site-packages:${PYTHONPATH} /home/yantrigo/miniconda3/envs/humanoid/bin/python3.12 -W ignore:setup.py install is deprecated -W ignore:easy_install command is deprecated setup.py egg_info --egg-base ../../build/find_person build --build-base /home/yantrigo/Dropbox/humanoid_site_1.0.0/software/firmware/rpi5/humanoid/build/find_person/build install --record /home/yantrigo/Dropbox/humanoid_site_1.0.0/software/firmware/rpi5/humanoid/build/find_person/install.log --single-version-externally-managed install_data
[4.105s] /home/yantrigo/miniconda3/envs/humanoid/lib/python3.12/site-packages/setuptools/_distutils/dist.py:289: UserWarning: Unknown distribution option: 'tests_require'
[4.106s]   warnings.warn(msg)
[4.564s] running egg_info
[4.620s] writing ../../build/find_person/find_person.egg-info/PKG-INFO
[4.621s] writing dependency_links to ../../build/find_person/find_person.egg-info/dependency_links.txt
[4.626s] writing requirements to ../../build/find_person/find_person.egg-info/requires.txt
[4.626s] writing top-level names to ../../build/find_person/find_person.egg-info/top_level.txt
[4.755s] reading manifest file '../../build/find_person/find_person.egg-info/SOURCES.txt'
[4.759s] writing manifest file '../../build/find_person/find_person.egg-info/SOURCES.txt'
[4.759s] running build
[4.759s] running build_py
[4.760s] copying find_person/find_person.py -> /home/yantrigo/Dropbox/humanoid_site_1.0.0/software/firmware/rpi5/humanoid/build/find_person/build/lib/find_person
[4.761s] copying find_person/__init__.py -> /home/yantrigo/Dropbox/humanoid_site_1.0.0/software/firmware/rpi5/humanoid/build/find_person/build/lib/find_person
[4.764s] running install
[4.773s] running install_lib
[4.826s] running install_data
[4.826s] copying resource/find_person -> /home/yantrigo/Dropbox/humanoid_site_1.0.0/software/firmware/rpi5/humanoid/install/find_person/share/ament_index/resource_index/packages
[4.830s] copying package.xml -> /home/yantrigo/Dropbox/humanoid_site_1.0.0/software/firmware/rpi5/humanoid/install/find_person/share/find_person
[4.830s] running install_egg_info
[4.897s] removing '/home/yantrigo/Dropbox/humanoid_site_1.0.0/software/firmware/rpi5/humanoid/install/find_person/lib/python3.12/site-packages/find_person-0.0.0-py3.12.egg-info' (and everything under it)
[4.902s] Copying ../../build/find_person/find_person.egg-info to /home/yantrigo/Dropbox/humanoid_site_1.0.0/software/firmware/rpi5/humanoid/install/find_person/lib/python3.12/site-packages/find_person-0.0.0-py3.12.egg-info
[4.903s] running install_scripts
[5.326s] writing list of installed files to '/home/yantrigo/Dropbox/humanoid_site_1.0.0/software/firmware/rpi5/humanoid/build/find_person/install.log'
[5.747s] Invoked command in '/home/yantrigo/Dropbox/humanoid_site_1.0.0/software/firmware/rpi5/humanoid/src/find_person' returned '0': CONDA_PROMPT_MODIFIER=(humanoid) DEBUGINFOD_URLS=https://debuginfod.ubuntu.com PYTHONPATH=/home/yantrigo/Dropbox/humanoid_site_1.0.0/software/firmware/rpi5/humanoid/build/find_person/prefix_override:/home/yantrigo/miniconda3/envs/humanoid/lib/python3.12/site-packages/colcon_core/task/python/colcon_distutils_commands:/home/yantrigo/Dropbox/humanoid_site_1.0.0/software/firmware/rpi5/humanoid/install/find_person/lib/python3.12/site-packages:${PYTHONPATH} /home/yantrigo/miniconda3/envs/humanoid/bin/python3.12 -W ignore:setup.py install is deprecated -W ignore:easy_install command is deprecated setup.py egg_info --egg-base ../../build/find_person build --build-base /home/yantrigo/Dropbox/humanoid_site_1.0.0/software/firmware/rpi5/humanoid/build/find_person/build install --record /home/yantrigo/Dropbox/humanoid_site_1.0.0/software/firmware/rpi5/humanoid/build/find_person/install.log --single-version-externally-managed install_data
